2023-12-21 15:53:01 INFO [com.example.yin.YinMusicApplication]: Starting YinMusicApplication using Java 1.8.0_381 on WIN-O9P19047KVL with PID 2372 (G:\音乐3\源码\music-server\target\classes started by Administrator in G:\音乐3\源码\music-server)
2023-12-21 15:53:01 INFO [com.example.yin.YinMusicApplication]: No active profile set, falling back to default profiles: default
2023-12-21 15:53:01 INFO [org.springframework.boot.devtools.env.DevToolsPropertyDefaultsPostProcessor]: Devtools property defaults active! Set 'spring.devtools.add-properties' to 'false' to disable
2023-12-21 15:53:01 INFO [org.springframework.boot.devtools.env.DevToolsPropertyDefaultsPostProcessor]: For additional web related logging consider setting the 'logging.level.web' property to 'DEBUG'
2023-12-21 15:53:04 INFO [org.springframework.boot.web.embedded.tomcat.TomcatWebServer]: Tomcat initialized with port(s): 8888 (http)
2023-12-21 15:53:05 INFO [org.springframework.boot.web.servlet.context.ServletWebServerApplicationContext]: Root WebApplicationContext: initialization completed in 3686 ms
2023-12-21 15:53:05 INFO [org.springframework.boot.devtools.autoconfigure.OptionalLiveReloadServer]: LiveReload server is running on port 35729
2023-12-21 15:53:05 INFO [org.springframework.boot.web.embedded.tomcat.TomcatWebServer]: Tomcat started on port(s): 8888 (http) with context path ''
2023-12-21 15:53:05 INFO [com.example.yin.YinMusicApplication]: Started YinMusicApplication in 5.033 seconds (JVM running for 7.834)
2023-12-21 15:53:27 INFO [org.springframework.web.servlet.DispatcherServlet]: Initializing Servlet 'dispatcherServlet'
2023-12-21 15:53:27 INFO [org.springframework.web.servlet.DispatcherServlet]: Completed initialization in 1 ms
2023-12-21 15:53:27 INFO [com.zaxxer.hikari.HikariDataSource]: HikariPool-1 - Starting...
2023-12-21 15:53:27 INFO [com.zaxxer.hikari.HikariDataSource]: HikariPool-1 - Start completed.
2023-12-21 15:55:57 WARN [com.zaxxer.hikari.pool.PoolBase]: HikariPool-1 - Failed to validate connection com.mysql.cj.jdbc.ConnectionImpl@484f2274 (No operations allowed after connection closed.). Possibly consider using a shorter maxLifetime value.
2023-12-21 15:55:57 WARN [com.zaxxer.hikari.pool.PoolBase]: HikariPool-1 - Failed to validate connection com.mysql.cj.jdbc.ConnectionImpl@6e6fd7f (No operations allowed after connection closed.). Possibly consider using a shorter maxLifetime value.
2023-12-21 15:55:57 WARN [com.zaxxer.hikari.pool.PoolBase]: HikariPool-1 - Failed to validate connection com.mysql.cj.jdbc.ConnectionImpl@1cdeec92 (No operations allowed after connection closed.). Possibly consider using a shorter maxLifetime value.
2023-12-21 15:55:57 WARN [com.zaxxer.hikari.pool.PoolBase]: HikariPool-1 - Failed to validate connection com.mysql.cj.jdbc.ConnectionImpl@283e0c6c (No operations allowed after connection closed.). Possibly consider using a shorter maxLifetime value.
2023-12-21 15:55:57 WARN [com.zaxxer.hikari.pool.PoolBase]: HikariPool-1 - Failed to validate connection com.mysql.cj.jdbc.ConnectionImpl@1b1e42c6 (No operations allowed after connection closed.). Possibly consider using a shorter maxLifetime value.
2023-12-21 15:55:57 WARN [com.zaxxer.hikari.pool.PoolBase]: HikariPool-1 - Failed to validate connection com.mysql.cj.jdbc.ConnectionImpl@1972dd3b (No operations allowed after connection closed.). Possibly consider using a shorter maxLifetime value.
2023-12-21 15:55:57 WARN [com.zaxxer.hikari.pool.PoolBase]: HikariPool-1 - Failed to validate connection com.mysql.cj.jdbc.ConnectionImpl@6276d84c (No operations allowed after connection closed.). Possibly consider using a shorter maxLifetime value.
2023-12-21 15:55:57 WARN [com.zaxxer.hikari.pool.PoolBase]: HikariPool-1 - Failed to validate connection com.mysql.cj.jdbc.ConnectionImpl@1d1d5af3 (No operations allowed after connection closed.). Possibly consider using a shorter maxLifetime value.
2023-12-21 15:55:57 WARN [com.zaxxer.hikari.pool.PoolBase]: HikariPool-1 - Failed to validate connection com.mysql.cj.jdbc.ConnectionImpl@72d1519 (No operations allowed after connection closed.). Possibly consider using a shorter maxLifetime value.
2023-12-21 16:03:29 WARN [com.zaxxer.hikari.pool.PoolBase]: HikariPool-1 - Failed to validate connection com.mysql.cj.jdbc.ConnectionImpl@f1a8e5f (No operations allowed after connection closed.). Possibly consider using a shorter maxLifetime value.
2023-12-21 16:03:29 WARN [com.zaxxer.hikari.pool.PoolBase]: HikariPool-1 - Failed to validate connection com.mysql.cj.jdbc.ConnectionImpl@65f2536a (No operations allowed after connection closed.). Possibly consider using a shorter maxLifetime value.
2023-12-21 16:03:29 WARN [com.zaxxer.hikari.pool.PoolBase]: HikariPool-1 - Failed to validate connection com.mysql.cj.jdbc.ConnectionImpl@4ee74a0b (No operations allowed after connection closed.). Possibly consider using a shorter maxLifetime value.
2023-12-21 16:03:29 WARN [com.zaxxer.hikari.pool.PoolBase]: HikariPool-1 - Failed to validate connection com.mysql.cj.jdbc.ConnectionImpl@15d44dfe (No operations allowed after connection closed.). Possibly consider using a shorter maxLifetime value.
2023-12-21 16:03:29 WARN [com.zaxxer.hikari.pool.PoolBase]: HikariPool-1 - Failed to validate connection com.mysql.cj.jdbc.ConnectionImpl@4c8d4c7a (No operations allowed after connection closed.). Possibly consider using a shorter maxLifetime value.
2023-12-21 16:03:29 WARN [com.zaxxer.hikari.pool.PoolBase]: HikariPool-1 - Failed to validate connection com.mysql.cj.jdbc.ConnectionImpl@3b932f82 (No operations allowed after connection closed.). Possibly consider using a shorter maxLifetime value.
2023-12-21 16:03:29 WARN [com.zaxxer.hikari.pool.PoolBase]: HikariPool-1 - Failed to validate connection com.mysql.cj.jdbc.ConnectionImpl@4fd08de9 (No operations allowed after connection closed.). Possibly consider using a shorter maxLifetime value.
2023-12-21 16:03:29 WARN [com.zaxxer.hikari.pool.PoolBase]: HikariPool-1 - Failed to validate connection com.mysql.cj.jdbc.ConnectionImpl@5e94ffbd (No operations allowed after connection closed.). Possibly consider using a shorter maxLifetime value.
2023-12-21 16:03:29 WARN [com.zaxxer.hikari.pool.PoolBase]: HikariPool-1 - Failed to validate connection com.mysql.cj.jdbc.ConnectionImpl@7cd934d2 (No operations allowed after connection closed.). Possibly consider using a shorter maxLifetime value.
2023-12-21 16:03:29 WARN [com.zaxxer.hikari.pool.PoolBase]: HikariPool-1 - Failed to validate connection com.mysql.cj.jdbc.ConnectionImpl@372d4165 (No operations allowed after connection closed.). Possibly consider using a shorter maxLifetime value.
2023-12-21 16:11:38 WARN [com.zaxxer.hikari.pool.PoolBase]: HikariPool-1 - Failed to validate connection com.mysql.cj.jdbc.ConnectionImpl@1785b530 (No operations allowed after connection closed.). Possibly consider using a shorter maxLifetime value.
2023-12-21 16:11:38 WARN [com.zaxxer.hikari.pool.PoolBase]: HikariPool-1 - Failed to validate connection com.mysql.cj.jdbc.ConnectionImpl@e639ea1 (No operations allowed after connection closed.). Possibly consider using a shorter maxLifetime value.
2023-12-21 16:11:38 WARN [com.zaxxer.hikari.pool.PoolBase]: HikariPool-1 - Failed to validate connection com.mysql.cj.jdbc.ConnectionImpl@6c5ffcdd (No operations allowed after connection closed.). Possibly consider using a shorter maxLifetime value.
2023-12-21 16:11:38 WARN [com.zaxxer.hikari.pool.PoolBase]: HikariPool-1 - Failed to validate connection com.mysql.cj.jdbc.ConnectionImpl@56c9e853 (No operations allowed after connection closed.). Possibly consider using a shorter maxLifetime value.
2023-12-21 16:11:38 WARN [com.zaxxer.hikari.pool.PoolBase]: HikariPool-1 - Failed to validate connection com.mysql.cj.jdbc.ConnectionImpl@101bb1af (No operations allowed after connection closed.). Possibly consider using a shorter maxLifetime value.
2023-12-21 16:11:38 WARN [com.zaxxer.hikari.pool.PoolBase]: HikariPool-1 - Failed to validate connection com.mysql.cj.jdbc.ConnectionImpl@29fa39b (No operations allowed after connection closed.). Possibly consider using a shorter maxLifetime value.
2023-12-21 16:11:38 WARN [com.zaxxer.hikari.pool.PoolBase]: HikariPool-1 - Failed to validate connection com.mysql.cj.jdbc.ConnectionImpl@11b51e01 (No operations allowed after connection closed.). Possibly consider using a shorter maxLifetime value.
2023-12-21 16:11:38 WARN [com.zaxxer.hikari.pool.PoolBase]: HikariPool-1 - Failed to validate connection com.mysql.cj.jdbc.ConnectionImpl@8a7e714 (No operations allowed after connection closed.). Possibly consider using a shorter maxLifetime value.
2023-12-21 16:11:38 WARN [com.zaxxer.hikari.pool.PoolBase]: HikariPool-1 - Failed to validate connection com.mysql.cj.jdbc.ConnectionImpl@457ca966 (No operations allowed after connection closed.). Possibly consider using a shorter maxLifetime value.
2023-12-21 16:11:38 WARN [com.zaxxer.hikari.pool.PoolBase]: HikariPool-1 - Failed to validate connection com.mysql.cj.jdbc.ConnectionImpl@3a804929 (No operations allowed after connection closed.). Possibly consider using a shorter maxLifetime value.
2023-12-21 16:17:30 WARN [com.zaxxer.hikari.pool.PoolBase]: HikariPool-1 - Failed to validate connection com.mysql.cj.jdbc.ConnectionImpl@2c32b787 (No operations allowed after connection closed.). Possibly consider using a shorter maxLifetime value.
2023-12-21 16:17:30 WARN [com.zaxxer.hikari.pool.PoolBase]: HikariPool-1 - Failed to validate connection com.mysql.cj.jdbc.ConnectionImpl@5d2a7afd (No operations allowed after connection closed.). Possibly consider using a shorter maxLifetime value.
2023-12-21 16:17:30 WARN [com.zaxxer.hikari.pool.PoolBase]: HikariPool-1 - Failed to validate connection com.mysql.cj.jdbc.ConnectionImpl@528f1e2a (No operations allowed after connection closed.). Possibly consider using a shorter maxLifetime value.
2023-12-21 16:17:30 WARN [com.zaxxer.hikari.pool.PoolBase]: HikariPool-1 - Failed to validate connection com.mysql.cj.jdbc.ConnectionImpl@6bb81573 (No operations allowed after connection closed.). Possibly consider using a shorter maxLifetime value.
2023-12-21 16:17:30 WARN [com.zaxxer.hikari.pool.PoolBase]: HikariPool-1 - Failed to validate connection com.mysql.cj.jdbc.ConnectionImpl@1247465e (No operations allowed after connection closed.). Possibly consider using a shorter maxLifetime value.
2023-12-21 16:17:30 WARN [com.zaxxer.hikari.pool.PoolBase]: HikariPool-1 - Failed to validate connection com.mysql.cj.jdbc.ConnectionImpl@14b68fd5 (No operations allowed after connection closed.). Possibly consider using a shorter maxLifetime value.
2023-12-21 16:17:30 WARN [com.zaxxer.hikari.pool.PoolBase]: HikariPool-1 - Failed to validate connection com.mysql.cj.jdbc.ConnectionImpl@1c342b79 (No operations allowed after connection closed.). Possibly consider using a shorter maxLifetime value.
2023-12-21 16:17:30 WARN [com.zaxxer.hikari.pool.PoolBase]: HikariPool-1 - Failed to validate connection com.mysql.cj.jdbc.ConnectionImpl@7102cafd (No operations allowed after connection closed.). Possibly consider using a shorter maxLifetime value.
2023-12-21 16:17:30 WARN [com.zaxxer.hikari.pool.PoolBase]: HikariPool-1 - Failed to validate connection com.mysql.cj.jdbc.ConnectionImpl@3660089b (No operations allowed after connection closed.). Possibly consider using a shorter maxLifetime value.
2023-12-21 16:17:30 WARN [com.zaxxer.hikari.pool.PoolBase]: HikariPool-1 - Failed to validate connection com.mysql.cj.jdbc.ConnectionImpl@41509031 (No operations allowed after connection closed.). Possibly consider using a shorter maxLifetime value.
2023-12-21 16:28:18 WARN [com.zaxxer.hikari.pool.PoolBase]: HikariPool-1 - Failed to validate connection com.mysql.cj.jdbc.ConnectionImpl@1402f6a6 (No operations allowed after connection closed.). Possibly consider using a shorter maxLifetime value.
2023-12-21 16:28:18 WARN [com.zaxxer.hikari.pool.PoolBase]: HikariPool-1 - Failed to validate connection com.mysql.cj.jdbc.ConnectionImpl@53c3e7e2 (No operations allowed after connection closed.). Possibly consider using a shorter maxLifetime value.
2023-12-21 16:28:18 WARN [com.zaxxer.hikari.pool.PoolBase]: HikariPool-1 - Failed to validate connection com.mysql.cj.jdbc.ConnectionImpl@30be07f1 (No operations allowed after connection closed.). Possibly consider using a shorter maxLifetime value.
2023-12-21 16:28:18 WARN [com.zaxxer.hikari.pool.PoolBase]: HikariPool-1 - Failed to validate connection com.mysql.cj.jdbc.ConnectionImpl@330a7086 (No operations allowed after connection closed.). Possibly consider using a shorter maxLifetime value.
2023-12-21 16:28:18 WARN [com.zaxxer.hikari.pool.PoolBase]: HikariPool-1 - Failed to validate connection com.mysql.cj.jdbc.ConnectionImpl@3b852267 (No operations allowed after connection closed.). Possibly consider using a shorter maxLifetime value.
2023-12-21 16:28:18 WARN [com.zaxxer.hikari.pool.PoolBase]: HikariPool-1 - Failed to validate connection com.mysql.cj.jdbc.ConnectionImpl@77b52e02 (No operations allowed after connection closed.). Possibly consider using a shorter maxLifetime value.
2023-12-21 16:28:18 WARN [com.zaxxer.hikari.pool.PoolBase]: HikariPool-1 - Failed to validate connection com.mysql.cj.jdbc.ConnectionImpl@37f43e8a (No operations allowed after connection closed.). Possibly consider using a shorter maxLifetime value.
2023-12-21 16:28:18 WARN [com.zaxxer.hikari.pool.PoolBase]: HikariPool-1 - Failed to validate connection com.mysql.cj.jdbc.ConnectionImpl@571af6b2 (No operations allowed after connection closed.). Possibly consider using a shorter maxLifetime value.
2023-12-21 16:28:18 WARN [com.zaxxer.hikari.pool.PoolBase]: HikariPool-1 - Failed to validate connection com.mysql.cj.jdbc.ConnectionImpl@459e702c (No operations allowed after connection closed.). Possibly consider using a shorter maxLifetime value.
2023-12-21 16:28:18 WARN [com.zaxxer.hikari.pool.PoolBase]: HikariPool-1 - Failed to validate connection com.mysql.cj.jdbc.ConnectionImpl@1b0583a3 (No operations allowed after connection closed.). Possibly consider using a shorter maxLifetime value.
2023-12-21 16:33:26 WARN [com.zaxxer.hikari.pool.PoolBase]: HikariPool-1 - Failed to validate connection com.mysql.cj.jdbc.ConnectionImpl@29a8fbae (No operations allowed after connection closed.). Possibly consider using a shorter maxLifetime value.
2023-12-21 16:33:26 WARN [com.zaxxer.hikari.pool.PoolBase]: HikariPool-1 - Failed to validate connection com.mysql.cj.jdbc.ConnectionImpl@7b062f57 (No operations allowed after connection closed.). Possibly consider using a shorter maxLifetime value.
2023-12-21 16:33:26 WARN [com.zaxxer.hikari.pool.PoolBase]: HikariPool-1 - Failed to validate connection com.mysql.cj.jdbc.ConnectionImpl@43516fd6 (No operations allowed after connection closed.). Possibly consider using a shorter maxLifetime value.
2023-12-21 16:33:26 WARN [com.zaxxer.hikari.pool.PoolBase]: HikariPool-1 - Failed to validate connection com.mysql.cj.jdbc.ConnectionImpl@22ec850c (No operations allowed after connection closed.). Possibly consider using a shorter maxLifetime value.
2023-12-21 16:33:26 WARN [com.zaxxer.hikari.pool.PoolBase]: HikariPool-1 - Failed to validate connection com.mysql.cj.jdbc.ConnectionImpl@31887216 (No operations allowed after connection closed.). Possibly consider using a shorter maxLifetime value.
2023-12-21 16:33:26 WARN [com.zaxxer.hikari.pool.PoolBase]: HikariPool-1 - Failed to validate connection com.mysql.cj.jdbc.ConnectionImpl@4cf76f74 (No operations allowed after connection closed.). Possibly consider using a shorter maxLifetime value.
2023-12-21 16:33:26 WARN [com.zaxxer.hikari.pool.PoolBase]: HikariPool-1 - Failed to validate connection com.mysql.cj.jdbc.ConnectionImpl@4d7ec4c6 (No operations allowed after connection closed.). Possibly consider using a shorter maxLifetime value.
2023-12-21 16:33:26 WARN [com.zaxxer.hikari.pool.PoolBase]: HikariPool-1 - Failed to validate connection com.mysql.cj.jdbc.ConnectionImpl@1b2b993b (No operations allowed after connection closed.). Possibly consider using a shorter maxLifetime value.
2023-12-21 16:33:26 WARN [com.zaxxer.hikari.pool.PoolBase]: HikariPool-1 - Failed to validate connection com.mysql.cj.jdbc.ConnectionImpl@6e60e2e3 (No operations allowed after connection closed.). Possibly consider using a shorter maxLifetime value.
2023-12-21 16:33:26 WARN [com.zaxxer.hikari.pool.PoolBase]: HikariPool-1 - Failed to validate connection com.mysql.cj.jdbc.ConnectionImpl@511d619e (No operations allowed after connection closed.). Possibly consider using a shorter maxLifetime value.
2023-12-21 16:35:27 WARN [com.zaxxer.hikari.pool.PoolBase]: HikariPool-1 - Failed to validate connection com.mysql.cj.jdbc.ConnectionImpl@60e41b0c (No operations allowed after connection closed.). Possibly consider using a shorter maxLifetime value.
2023-12-21 16:41:41 WARN [com.zaxxer.hikari.pool.PoolBase]: HikariPool-1 - Failed to validate connection com.mysql.cj.jdbc.ConnectionImpl@64d3f942 (No operations allowed after connection closed.). Possibly consider using a shorter maxLifetime value.
2023-12-21 16:41:41 WARN [com.zaxxer.hikari.pool.PoolBase]: HikariPool-1 - Failed to validate connection com.mysql.cj.jdbc.ConnectionImpl@5336cadb (No operations allowed after connection closed.). Possibly consider using a shorter maxLifetime value.
2023-12-21 16:41:41 WARN [com.zaxxer.hikari.pool.PoolBase]: HikariPool-1 - Failed to validate connection com.mysql.cj.jdbc.ConnectionImpl@761053b (No operations allowed after connection closed.). Possibly consider using a shorter maxLifetime value.
2023-12-21 16:41:41 WARN [com.zaxxer.hikari.pool.PoolBase]: HikariPool-1 - Failed to validate connection com.mysql.cj.jdbc.ConnectionImpl@22c41c44 (No operations allowed after connection closed.). Possibly consider using a shorter maxLifetime value.
2023-12-21 16:41:41 WARN [com.zaxxer.hikari.pool.PoolBase]: HikariPool-1 - Failed to validate connection com.mysql.cj.jdbc.ConnectionImpl@7c03f57c (No operations allowed after connection closed.). Possibly consider using a shorter maxLifetime value.
2023-12-21 16:41:41 WARN [com.zaxxer.hikari.pool.PoolBase]: HikariPool-1 - Failed to validate connection com.mysql.cj.jdbc.ConnectionImpl@3a62630e (No operations allowed after connection closed.). Possibly consider using a shorter maxLifetime value.
2023-12-21 16:41:41 WARN [com.zaxxer.hikari.pool.PoolBase]: HikariPool-1 - Failed to validate connection com.mysql.cj.jdbc.ConnectionImpl@59a83bee (No operations allowed after connection closed.). Possibly consider using a shorter maxLifetime value.
2023-12-21 16:41:41 WARN [com.zaxxer.hikari.pool.PoolBase]: HikariPool-1 - Failed to validate connection com.mysql.cj.jdbc.ConnectionImpl@74a5ff21 (No operations allowed after connection closed.). Possibly consider using a shorter maxLifetime value.
2023-12-21 16:41:41 WARN [com.zaxxer.hikari.pool.PoolBase]: HikariPool-1 - Failed to validate connection com.mysql.cj.jdbc.ConnectionImpl@3cad5212 (No operations allowed after connection closed.). Possibly consider using a shorter maxLifetime value.
2023-12-21 16:41:41 WARN [com.zaxxer.hikari.pool.PoolBase]: HikariPool-1 - Failed to validate connection com.mysql.cj.jdbc.ConnectionImpl@76cfe56a (No operations allowed after connection closed.). Possibly consider using a shorter maxLifetime value.
2023-12-21 16:46:18 WARN [com.zaxxer.hikari.pool.PoolBase]: HikariPool-1 - Failed to validate connection com.mysql.cj.jdbc.ConnectionImpl@6f8e678d (No operations allowed after connection closed.). Possibly consider using a shorter maxLifetime value.
2023-12-21 16:46:18 WARN [com.zaxxer.hikari.pool.PoolBase]: HikariPool-1 - Failed to validate connection com.mysql.cj.jdbc.ConnectionImpl@1870b6be (No operations allowed after connection closed.). Possibly consider using a shorter maxLifetime value.
2023-12-21 16:46:18 WARN [com.zaxxer.hikari.pool.PoolBase]: HikariPool-1 - Failed to validate connection com.mysql.cj.jdbc.ConnectionImpl@22ae1053 (No operations allowed after connection closed.). Possibly consider using a shorter maxLifetime value.
2023-12-21 16:46:18 WARN [com.zaxxer.hikari.pool.PoolBase]: HikariPool-1 - Failed to validate connection com.mysql.cj.jdbc.ConnectionImpl@70002c4f (No operations allowed after connection closed.). Possibly consider using a shorter maxLifetime value.
2023-12-21 16:46:18 WARN [com.zaxxer.hikari.pool.PoolBase]: HikariPool-1 - Failed to validate connection com.mysql.cj.jdbc.ConnectionImpl@3e80b984 (No operations allowed after connection closed.). Possibly consider using a shorter maxLifetime value.
2023-12-21 16:46:18 WARN [com.zaxxer.hikari.pool.PoolBase]: HikariPool-1 - Failed to validate connection com.mysql.cj.jdbc.ConnectionImpl@f152f56 (No operations allowed after connection closed.). Possibly consider using a shorter maxLifetime value.
2023-12-21 16:46:18 WARN [com.zaxxer.hikari.pool.PoolBase]: HikariPool-1 - Failed to validate connection com.mysql.cj.jdbc.ConnectionImpl@3faa4aee (No operations allowed after connection closed.). Possibly consider using a shorter maxLifetime value.
2023-12-21 16:46:18 WARN [com.zaxxer.hikari.pool.PoolBase]: HikariPool-1 - Failed to validate connection com.mysql.cj.jdbc.ConnectionImpl@33126efe (No operations allowed after connection closed.). Possibly consider using a shorter maxLifetime value.
2023-12-21 16:46:18 WARN [com.zaxxer.hikari.pool.PoolBase]: HikariPool-1 - Failed to validate connection com.mysql.cj.jdbc.ConnectionImpl@22f2cee3 (No operations allowed after connection closed.). Possibly consider using a shorter maxLifetime value.
2023-12-21 16:46:18 WARN [com.zaxxer.hikari.pool.PoolBase]: HikariPool-1 - Failed to validate connection com.mysql.cj.jdbc.ConnectionImpl@1ed5ad3a (No operations allowed after connection closed.). Possibly consider using a shorter maxLifetime value.
2023-12-21 17:00:50 INFO [com.zaxxer.hikari.HikariDataSource]: HikariPool-1 - Shutdown initiated...
2023-12-21 17:00:50 INFO [com.zaxxer.hikari.HikariDataSource]: HikariPool-1 - Shutdown completed.
