2024-04-01 00:03:21 WARN [com.zaxxer.hikari.pool.PoolBase]: HikariPool-1 - Failed to validate connection com.mysql.cj.jdbc.ConnectionImpl@8682088 (No operations allowed after connection closed.). Possibly consider using a shorter maxLifetime value.
2024-04-01 00:03:21 WARN [com.zaxxer.hikari.pool.PoolBase]: HikariPool-1 - Failed to validate connection com.mysql.cj.jdbc.ConnectionImpl@726f0343 (No operations allowed after connection closed.). Possibly consider using a shorter maxLifetime value.
2024-04-01 00:03:21 WARN [com.zaxxer.hikari.pool.PoolBase]: HikariPool-1 - Failed to validate connection com.mysql.cj.jdbc.ConnectionImpl@2f6a0f2e (No operations allowed after connection closed.). Possibly consider using a shorter maxLifetime value.
2024-04-01 00:03:21 WARN [com.zaxxer.hikari.pool.PoolBase]: HikariPool-1 - Failed to validate connection com.mysql.cj.jdbc.ConnectionImpl@30a6c015 (No operations allowed after connection closed.). Possibly consider using a shorter maxLifetime value.
2024-04-01 00:03:21 WARN [com.zaxxer.hikari.pool.PoolBase]: HikariPool-1 - Failed to validate connection com.mysql.cj.jdbc.ConnectionImpl@6d23e353 (No operations allowed after connection closed.). Possibly consider using a shorter maxLifetime value.
2024-04-01 00:03:21 WARN [com.zaxxer.hikari.pool.PoolBase]: HikariPool-1 - Failed to validate connection com.mysql.cj.jdbc.ConnectionImpl@bb85cda (No operations allowed after connection closed.). Possibly consider using a shorter maxLifetime value.
2024-04-01 00:03:21 WARN [com.zaxxer.hikari.pool.PoolBase]: HikariPool-1 - Failed to validate connection com.mysql.cj.jdbc.ConnectionImpl@2b4f5fb2 (No operations allowed after connection closed.). Possibly consider using a shorter maxLifetime value.
2024-04-01 00:03:21 WARN [com.zaxxer.hikari.pool.PoolBase]: HikariPool-1 - Failed to validate connection com.mysql.cj.jdbc.ConnectionImpl@421d4145 (No operations allowed after connection closed.). Possibly consider using a shorter maxLifetime value.
2024-04-01 00:03:21 WARN [com.zaxxer.hikari.pool.PoolBase]: HikariPool-1 - Failed to validate connection com.mysql.cj.jdbc.ConnectionImpl@21302483 (No operations allowed after connection closed.). Possibly consider using a shorter maxLifetime value.
2024-04-01 00:03:21 WARN [com.zaxxer.hikari.pool.PoolBase]: HikariPool-1 - Failed to validate connection com.mysql.cj.jdbc.ConnectionImpl@4b2e7071 (No operations allowed after connection closed.). Possibly consider using a shorter maxLifetime value.
2024-04-01 00:05:35 WARN [com.zaxxer.hikari.pool.PoolBase]: HikariPool-1 - Failed to validate connection com.mysql.cj.jdbc.ConnectionImpl@2ca60231 (No operations allowed after connection closed.). Possibly consider using a shorter maxLifetime value.
2024-04-01 10:24:18 WARN [com.zaxxer.hikari.pool.HikariPool]: HikariPool-1 - Thread starvation or clock leap detected (housekeeper delta=10h17m37s667ms20µs).
2024-04-01 10:33:33 WARN [com.zaxxer.hikari.pool.PoolBase]: HikariPool-1 - Failed to validate connection com.mysql.cj.jdbc.ConnectionImpl@c7a06c5 (No operations allowed after connection closed.). Possibly consider using a shorter maxLifetime value.
2024-04-01 10:33:33 WARN [com.zaxxer.hikari.pool.PoolBase]: HikariPool-1 - Failed to validate connection com.mysql.cj.jdbc.ConnectionImpl@7bf600de (No operations allowed after connection closed.). Possibly consider using a shorter maxLifetime value.
2024-04-01 10:33:33 WARN [com.zaxxer.hikari.pool.PoolBase]: HikariPool-1 - Failed to validate connection com.mysql.cj.jdbc.ConnectionImpl@92d3d36 (No operations allowed after connection closed.). Possibly consider using a shorter maxLifetime value.
2024-04-01 10:33:33 WARN [com.zaxxer.hikari.pool.PoolBase]: HikariPool-1 - Failed to validate connection com.mysql.cj.jdbc.ConnectionImpl@55bd4ef8 (No operations allowed after connection closed.). Possibly consider using a shorter maxLifetime value.
2024-04-01 10:33:33 WARN [com.zaxxer.hikari.pool.PoolBase]: HikariPool-1 - Failed to validate connection com.mysql.cj.jdbc.ConnectionImpl@1ca9dc67 (No operations allowed after connection closed.). Possibly consider using a shorter maxLifetime value.
2024-04-01 10:33:33 WARN [com.zaxxer.hikari.pool.PoolBase]: HikariPool-1 - Failed to validate connection com.mysql.cj.jdbc.ConnectionImpl@5712cfdc (No operations allowed after connection closed.). Possibly consider using a shorter maxLifetime value.
2024-04-01 10:33:33 WARN [com.zaxxer.hikari.pool.PoolBase]: HikariPool-1 - Failed to validate connection com.mysql.cj.jdbc.ConnectionImpl@37369c85 (No operations allowed after connection closed.). Possibly consider using a shorter maxLifetime value.
2024-04-01 10:33:33 WARN [com.zaxxer.hikari.pool.PoolBase]: HikariPool-1 - Failed to validate connection com.mysql.cj.jdbc.ConnectionImpl@843de15 (No operations allowed after connection closed.). Possibly consider using a shorter maxLifetime value.
2024-04-01 10:33:33 WARN [com.zaxxer.hikari.pool.PoolBase]: HikariPool-1 - Failed to validate connection com.mysql.cj.jdbc.ConnectionImpl@5adb619e (No operations allowed after connection closed.). Possibly consider using a shorter maxLifetime value.
2024-04-01 10:33:33 WARN [com.zaxxer.hikari.pool.PoolBase]: HikariPool-1 - Failed to validate connection com.mysql.cj.jdbc.ConnectionImpl@1bf62936 (No operations allowed after connection closed.). Possibly consider using a shorter maxLifetime value.
2024-04-01 10:42:18 WARN [com.zaxxer.hikari.pool.PoolBase]: HikariPool-1 - Failed to validate connection com.mysql.cj.jdbc.ConnectionImpl@4880bb2d (No operations allowed after connection closed.). Possibly consider using a shorter maxLifetime value.
2024-04-01 10:42:18 WARN [com.zaxxer.hikari.pool.PoolBase]: HikariPool-1 - Failed to validate connection com.mysql.cj.jdbc.ConnectionImpl@709b1069 (No operations allowed after connection closed.). Possibly consider using a shorter maxLifetime value.
2024-04-01 10:42:18 WARN [com.zaxxer.hikari.pool.PoolBase]: HikariPool-1 - Failed to validate connection com.mysql.cj.jdbc.ConnectionImpl@7de33660 (No operations allowed after connection closed.). Possibly consider using a shorter maxLifetime value.
2024-04-01 10:42:18 WARN [com.zaxxer.hikari.pool.PoolBase]: HikariPool-1 - Failed to validate connection com.mysql.cj.jdbc.ConnectionImpl@3077b322 (No operations allowed after connection closed.). Possibly consider using a shorter maxLifetime value.
2024-04-01 10:42:18 WARN [com.zaxxer.hikari.pool.PoolBase]: HikariPool-1 - Failed to validate connection com.mysql.cj.jdbc.ConnectionImpl@7fbf6658 (No operations allowed after connection closed.). Possibly consider using a shorter maxLifetime value.
2024-04-01 10:42:18 WARN [com.zaxxer.hikari.pool.PoolBase]: HikariPool-1 - Failed to validate connection com.mysql.cj.jdbc.ConnectionImpl@570f399e (No operations allowed after connection closed.). Possibly consider using a shorter maxLifetime value.
2024-04-01 10:42:18 WARN [com.zaxxer.hikari.pool.PoolBase]: HikariPool-1 - Failed to validate connection com.mysql.cj.jdbc.ConnectionImpl@333b5529 (No operations allowed after connection closed.). Possibly consider using a shorter maxLifetime value.
2024-04-01 10:42:18 WARN [com.zaxxer.hikari.pool.PoolBase]: HikariPool-1 - Failed to validate connection com.mysql.cj.jdbc.ConnectionImpl@3ed81ecf (No operations allowed after connection closed.). Possibly consider using a shorter maxLifetime value.
2024-04-01 10:42:18 WARN [com.zaxxer.hikari.pool.PoolBase]: HikariPool-1 - Failed to validate connection com.mysql.cj.jdbc.ConnectionImpl@3a5132ea (No operations allowed after connection closed.). Possibly consider using a shorter maxLifetime value.
2024-04-01 10:42:18 WARN [com.zaxxer.hikari.pool.PoolBase]: HikariPool-1 - Failed to validate connection com.mysql.cj.jdbc.ConnectionImpl@14bc3ff7 (No operations allowed after connection closed.). Possibly consider using a shorter maxLifetime value.
2024-04-01 10:52:50 WARN [com.zaxxer.hikari.pool.PoolBase]: HikariPool-1 - Failed to validate connection com.mysql.cj.jdbc.ConnectionImpl@1b0d6da1 (No operations allowed after connection closed.). Possibly consider using a shorter maxLifetime value.
2024-04-01 10:52:50 WARN [com.zaxxer.hikari.pool.PoolBase]: HikariPool-1 - Failed to validate connection com.mysql.cj.jdbc.ConnectionImpl@718d34c7 (No operations allowed after connection closed.). Possibly consider using a shorter maxLifetime value.
2024-04-01 10:52:50 WARN [com.zaxxer.hikari.pool.PoolBase]: HikariPool-1 - Failed to validate connection com.mysql.cj.jdbc.ConnectionImpl@49954ebd (No operations allowed after connection closed.). Possibly consider using a shorter maxLifetime value.
2024-04-01 10:52:50 WARN [com.zaxxer.hikari.pool.PoolBase]: HikariPool-1 - Failed to validate connection com.mysql.cj.jdbc.ConnectionImpl@3905524b (No operations allowed after connection closed.). Possibly consider using a shorter maxLifetime value.
2024-04-01 10:52:50 WARN [com.zaxxer.hikari.pool.PoolBase]: HikariPool-1 - Failed to validate connection com.mysql.cj.jdbc.ConnectionImpl@7210f48c (No operations allowed after connection closed.). Possibly consider using a shorter maxLifetime value.
2024-04-01 10:52:50 WARN [com.zaxxer.hikari.pool.PoolBase]: HikariPool-1 - Failed to validate connection com.mysql.cj.jdbc.ConnectionImpl@6aa3dd05 (No operations allowed after connection closed.). Possibly consider using a shorter maxLifetime value.
2024-04-01 10:52:50 WARN [com.zaxxer.hikari.pool.PoolBase]: HikariPool-1 - Failed to validate connection com.mysql.cj.jdbc.ConnectionImpl@920864a (No operations allowed after connection closed.). Possibly consider using a shorter maxLifetime value.
2024-04-01 10:52:50 WARN [com.zaxxer.hikari.pool.PoolBase]: HikariPool-1 - Failed to validate connection com.mysql.cj.jdbc.ConnectionImpl@1aa40a2f (No operations allowed after connection closed.). Possibly consider using a shorter maxLifetime value.
2024-04-01 10:52:50 WARN [com.zaxxer.hikari.pool.PoolBase]: HikariPool-1 - Failed to validate connection com.mysql.cj.jdbc.ConnectionImpl@6fe53963 (No operations allowed after connection closed.). Possibly consider using a shorter maxLifetime value.
2024-04-01 10:52:50 WARN [com.zaxxer.hikari.pool.PoolBase]: HikariPool-1 - Failed to validate connection com.mysql.cj.jdbc.ConnectionImpl@1b5a8a6f (No operations allowed after connection closed.). Possibly consider using a shorter maxLifetime value.
2024-04-01 11:01:30 WARN [com.zaxxer.hikari.pool.PoolBase]: HikariPool-1 - Failed to validate connection com.mysql.cj.jdbc.ConnectionImpl@6301eda5 (No operations allowed after connection closed.). Possibly consider using a shorter maxLifetime value.
2024-04-01 11:01:30 WARN [com.zaxxer.hikari.pool.PoolBase]: HikariPool-1 - Failed to validate connection com.mysql.cj.jdbc.ConnectionImpl@512ddf15 (No operations allowed after connection closed.). Possibly consider using a shorter maxLifetime value.
2024-04-01 11:03:24 WARN [com.zaxxer.hikari.pool.PoolBase]: HikariPool-1 - Failed to validate connection com.mysql.cj.jdbc.ConnectionImpl@9456a1e (No operations allowed after connection closed.). Possibly consider using a shorter maxLifetime value.
2024-04-01 11:03:43 WARN [com.zaxxer.hikari.pool.PoolBase]: HikariPool-1 - Failed to validate connection com.mysql.cj.jdbc.ConnectionImpl@683315cc (No operations allowed after connection closed.). Possibly consider using a shorter maxLifetime value.
2024-04-01 11:03:43 WARN [com.zaxxer.hikari.pool.PoolBase]: HikariPool-1 - Failed to validate connection com.mysql.cj.jdbc.ConnectionImpl@1161828d (No operations allowed after connection closed.). Possibly consider using a shorter maxLifetime value.
2024-04-01 11:06:34 WARN [com.zaxxer.hikari.pool.PoolBase]: HikariPool-1 - Failed to validate connection com.mysql.cj.jdbc.ConnectionImpl@43950d0d (No operations allowed after connection closed.). Possibly consider using a shorter maxLifetime value.
2024-04-01 11:06:34 WARN [com.zaxxer.hikari.pool.PoolBase]: HikariPool-1 - Failed to validate connection com.mysql.cj.jdbc.ConnectionImpl@286ab87 (No operations allowed after connection closed.). Possibly consider using a shorter maxLifetime value.
2024-04-01 11:06:34 WARN [com.zaxxer.hikari.pool.PoolBase]: HikariPool-1 - Failed to validate connection com.mysql.cj.jdbc.ConnectionImpl@4dc9e802 (No operations allowed after connection closed.). Possibly consider using a shorter maxLifetime value.
2024-04-01 11:06:34 WARN [com.zaxxer.hikari.pool.PoolBase]: HikariPool-1 - Failed to validate connection com.mysql.cj.jdbc.ConnectionImpl@26df69d3 (No operations allowed after connection closed.). Possibly consider using a shorter maxLifetime value.
2024-04-01 11:06:34 WARN [com.zaxxer.hikari.pool.PoolBase]: HikariPool-1 - Failed to validate connection com.mysql.cj.jdbc.ConnectionImpl@afecbfd (No operations allowed after connection closed.). Possibly consider using a shorter maxLifetime value.
2024-04-01 11:06:34 WARN [com.zaxxer.hikari.pool.PoolBase]: HikariPool-1 - Failed to validate connection com.mysql.cj.jdbc.ConnectionImpl@3d9393b6 (No operations allowed after connection closed.). Possibly consider using a shorter maxLifetime value.
2024-04-01 11:06:34 WARN [com.zaxxer.hikari.pool.PoolBase]: HikariPool-1 - Failed to validate connection com.mysql.cj.jdbc.ConnectionImpl@3f98e5fe (No operations allowed after connection closed.). Possibly consider using a shorter maxLifetime value.
2024-04-01 11:06:34 WARN [com.zaxxer.hikari.pool.PoolBase]: HikariPool-1 - Failed to validate connection com.mysql.cj.jdbc.ConnectionImpl@62d4922f (No operations allowed after connection closed.). Possibly consider using a shorter maxLifetime value.
2024-04-01 11:06:34 WARN [com.zaxxer.hikari.pool.PoolBase]: HikariPool-1 - Failed to validate connection com.mysql.cj.jdbc.ConnectionImpl@1e091cab (No operations allowed after connection closed.). Possibly consider using a shorter maxLifetime value.
2024-04-01 11:06:34 WARN [com.zaxxer.hikari.pool.PoolBase]: HikariPool-1 - Failed to validate connection com.mysql.cj.jdbc.ConnectionImpl@3fa632ff (No operations allowed after connection closed.). Possibly consider using a shorter maxLifetime value.
2024-04-01 11:10:03 WARN [com.zaxxer.hikari.pool.PoolBase]: HikariPool-1 - Failed to validate connection com.mysql.cj.jdbc.ConnectionImpl@5844074e (No operations allowed after connection closed.). Possibly consider using a shorter maxLifetime value.
2024-04-01 11:10:03 WARN [com.zaxxer.hikari.pool.PoolBase]: HikariPool-1 - Failed to validate connection com.mysql.cj.jdbc.ConnectionImpl@5750981a (No operations allowed after connection closed.). Possibly consider using a shorter maxLifetime value.
2024-04-01 11:10:03 WARN [com.zaxxer.hikari.pool.PoolBase]: HikariPool-1 - Failed to validate connection com.mysql.cj.jdbc.ConnectionImpl@4be7032c (No operations allowed after connection closed.). Possibly consider using a shorter maxLifetime value.
2024-04-01 11:10:03 WARN [com.zaxxer.hikari.pool.PoolBase]: HikariPool-1 - Failed to validate connection com.mysql.cj.jdbc.ConnectionImpl@7837986f (No operations allowed after connection closed.). Possibly consider using a shorter maxLifetime value.
2024-04-01 11:10:03 WARN [com.zaxxer.hikari.pool.PoolBase]: HikariPool-1 - Failed to validate connection com.mysql.cj.jdbc.ConnectionImpl@21d89d7 (No operations allowed after connection closed.). Possibly consider using a shorter maxLifetime value.
2024-04-01 11:10:03 WARN [com.zaxxer.hikari.pool.PoolBase]: HikariPool-1 - Failed to validate connection com.mysql.cj.jdbc.ConnectionImpl@66f470fd (No operations allowed after connection closed.). Possibly consider using a shorter maxLifetime value.
2024-04-01 11:10:03 WARN [com.zaxxer.hikari.pool.PoolBase]: HikariPool-1 - Failed to validate connection com.mysql.cj.jdbc.ConnectionImpl@59ef69c5 (No operations allowed after connection closed.). Possibly consider using a shorter maxLifetime value.
2024-04-01 11:10:03 WARN [com.zaxxer.hikari.pool.PoolBase]: HikariPool-1 - Failed to validate connection com.mysql.cj.jdbc.ConnectionImpl@49808f2f (No operations allowed after connection closed.). Possibly consider using a shorter maxLifetime value.
2024-04-01 11:10:03 WARN [com.zaxxer.hikari.pool.PoolBase]: HikariPool-1 - Failed to validate connection com.mysql.cj.jdbc.ConnectionImpl@620db702 (No operations allowed after connection closed.). Possibly consider using a shorter maxLifetime value.
2024-04-01 11:10:03 WARN [com.zaxxer.hikari.pool.PoolBase]: HikariPool-1 - Failed to validate connection com.mysql.cj.jdbc.ConnectionImpl@3d879dd2 (No operations allowed after connection closed.). Possibly consider using a shorter maxLifetime value.
2024-04-01 11:23:45 WARN [com.zaxxer.hikari.pool.PoolBase]: HikariPool-1 - Failed to validate connection com.mysql.cj.jdbc.ConnectionImpl@9f6ba0a (No operations allowed after connection closed.). Possibly consider using a shorter maxLifetime value.
2024-04-01 11:23:45 WARN [com.zaxxer.hikari.pool.PoolBase]: HikariPool-1 - Failed to validate connection com.mysql.cj.jdbc.ConnectionImpl@59105b63 (No operations allowed after connection closed.). Possibly consider using a shorter maxLifetime value.
2024-04-01 11:23:45 WARN [com.zaxxer.hikari.pool.PoolBase]: HikariPool-1 - Failed to validate connection com.mysql.cj.jdbc.ConnectionImpl@1759a756 (No operations allowed after connection closed.). Possibly consider using a shorter maxLifetime value.
2024-04-01 11:23:45 WARN [com.zaxxer.hikari.pool.PoolBase]: HikariPool-1 - Failed to validate connection com.mysql.cj.jdbc.ConnectionImpl@2bc3795d (No operations allowed after connection closed.). Possibly consider using a shorter maxLifetime value.
2024-04-01 11:23:45 WARN [com.zaxxer.hikari.pool.PoolBase]: HikariPool-1 - Failed to validate connection com.mysql.cj.jdbc.ConnectionImpl@555c9a49 (No operations allowed after connection closed.). Possibly consider using a shorter maxLifetime value.
2024-04-01 11:23:45 WARN [com.zaxxer.hikari.pool.PoolBase]: HikariPool-1 - Failed to validate connection com.mysql.cj.jdbc.ConnectionImpl@ecc08c2 (No operations allowed after connection closed.). Possibly consider using a shorter maxLifetime value.
2024-04-01 11:23:45 WARN [com.zaxxer.hikari.pool.PoolBase]: HikariPool-1 - Failed to validate connection com.mysql.cj.jdbc.ConnectionImpl@54f56d5a (No operations allowed after connection closed.). Possibly consider using a shorter maxLifetime value.
2024-04-01 11:23:45 WARN [com.zaxxer.hikari.pool.PoolBase]: HikariPool-1 - Failed to validate connection com.mysql.cj.jdbc.ConnectionImpl@64ccef08 (No operations allowed after connection closed.). Possibly consider using a shorter maxLifetime value.
2024-04-01 11:23:45 WARN [com.zaxxer.hikari.pool.PoolBase]: HikariPool-1 - Failed to validate connection com.mysql.cj.jdbc.ConnectionImpl@5573af0a (No operations allowed after connection closed.). Possibly consider using a shorter maxLifetime value.
2024-04-01 11:23:45 WARN [com.zaxxer.hikari.pool.PoolBase]: HikariPool-1 - Failed to validate connection com.mysql.cj.jdbc.ConnectionImpl@3b17277e (No operations allowed after connection closed.). Possibly consider using a shorter maxLifetime value.
2024-04-01 11:24:55 INFO [com.zaxxer.hikari.HikariDataSource]: HikariPool-1 - Shutdown initiated...
2024-04-01 11:24:55 INFO [com.zaxxer.hikari.HikariDataSource]: HikariPool-1 - Shutdown completed.
2024-04-01 12:51:26 INFO [com.example.yin.YinMusicApplication]: Starting YinMusicApplication using Java 1.8.0_381 on WIN-O9P19047KVL with PID 2360 (G:\音乐3\源码\music-server\target\classes started by Administrator in G:\音乐3\源码\music-server)
2024-04-01 12:51:26 INFO [com.example.yin.YinMusicApplication]: No active profile set, falling back to default profiles: default
2024-04-01 12:51:27 INFO [org.springframework.boot.devtools.env.DevToolsPropertyDefaultsPostProcessor]: Devtools property defaults active! Set 'spring.devtools.add-properties' to 'false' to disable
2024-04-01 12:51:27 INFO [org.springframework.boot.devtools.env.DevToolsPropertyDefaultsPostProcessor]: For additional web related logging consider setting the 'logging.level.web' property to 'DEBUG'
2024-04-01 12:51:37 INFO [org.springframework.boot.web.embedded.tomcat.TomcatWebServer]: Tomcat initialized with port(s): 8888 (http)
2024-04-01 12:51:37 INFO [org.springframework.boot.web.servlet.context.ServletWebServerApplicationContext]: Root WebApplicationContext: initialization completed in 10219 ms
2024-04-01 12:51:39 INFO [org.springframework.boot.devtools.autoconfigure.OptionalLiveReloadServer]: LiveReload server is running on port 35729
2024-04-01 12:51:39 INFO [org.springframework.boot.web.embedded.tomcat.TomcatWebServer]: Tomcat started on port(s): 8888 (http) with context path ''
2024-04-01 12:51:39 INFO [com.example.yin.YinMusicApplication]: Started YinMusicApplication in 15.874 seconds (JVM running for 22.285)
2024-04-01 12:58:25 INFO [org.springframework.web.servlet.DispatcherServlet]: Initializing Servlet 'dispatcherServlet'
2024-04-01 12:58:25 INFO [org.springframework.web.servlet.DispatcherServlet]: Completed initialization in 1 ms
2024-04-01 12:58:25 INFO [com.zaxxer.hikari.HikariDataSource]: HikariPool-1 - Starting...
2024-04-01 12:58:26 INFO [com.zaxxer.hikari.HikariDataSource]: HikariPool-1 - Start completed.
2024-04-01 13:02:37 WARN [com.zaxxer.hikari.pool.PoolBase]: HikariPool-1 - Failed to validate connection com.mysql.cj.jdbc.ConnectionImpl@6a3f173d (No operations allowed after connection closed.). Possibly consider using a shorter maxLifetime value.
2024-04-01 13:02:37 WARN [com.zaxxer.hikari.pool.PoolBase]: HikariPool-1 - Failed to validate connection com.mysql.cj.jdbc.ConnectionImpl@51982d1b (No operations allowed after connection closed.). Possibly consider using a shorter maxLifetime value.
2024-04-01 13:02:37 WARN [com.zaxxer.hikari.pool.PoolBase]: HikariPool-1 - Failed to validate connection com.mysql.cj.jdbc.ConnectionImpl@12ec7293 (No operations allowed after connection closed.). Possibly consider using a shorter maxLifetime value.
2024-04-01 13:02:37 WARN [com.zaxxer.hikari.pool.PoolBase]: HikariPool-1 - Failed to validate connection com.mysql.cj.jdbc.ConnectionImpl@c0e25d1 (No operations allowed after connection closed.). Possibly consider using a shorter maxLifetime value.
2024-04-01 13:02:37 WARN [com.zaxxer.hikari.pool.PoolBase]: HikariPool-1 - Failed to validate connection com.mysql.cj.jdbc.ConnectionImpl@45cf7e7c (No operations allowed after connection closed.). Possibly consider using a shorter maxLifetime value.
2024-04-01 13:02:37 WARN [com.zaxxer.hikari.pool.PoolBase]: HikariPool-1 - Failed to validate connection com.mysql.cj.jdbc.ConnectionImpl@3f9a5b30 (No operations allowed after connection closed.). Possibly consider using a shorter maxLifetime value.
2024-04-01 13:02:37 WARN [com.zaxxer.hikari.pool.PoolBase]: HikariPool-1 - Failed to validate connection com.mysql.cj.jdbc.ConnectionImpl@4999429d (No operations allowed after connection closed.). Possibly consider using a shorter maxLifetime value.
2024-04-01 13:02:37 WARN [com.zaxxer.hikari.pool.PoolBase]: HikariPool-1 - Failed to validate connection com.mysql.cj.jdbc.ConnectionImpl@59c0f1e1 (No operations allowed after connection closed.). Possibly consider using a shorter maxLifetime value.
2024-04-01 13:02:37 WARN [com.zaxxer.hikari.pool.PoolBase]: HikariPool-1 - Failed to validate connection com.mysql.cj.jdbc.ConnectionImpl@58ebc846 (No operations allowed after connection closed.). Possibly consider using a shorter maxLifetime value.
2024-04-01 13:02:37 WARN [com.zaxxer.hikari.pool.PoolBase]: HikariPool-1 - Failed to validate connection com.mysql.cj.jdbc.ConnectionImpl@647e6e4e (No operations allowed after connection closed.). Possibly consider using a shorter maxLifetime value.
2024-04-01 13:16:13 WARN [com.zaxxer.hikari.pool.PoolBase]: HikariPool-1 - Failed to validate connection com.mysql.cj.jdbc.ConnectionImpl@4f7b9d (No operations allowed after connection closed.). Possibly consider using a shorter maxLifetime value.
2024-04-01 13:16:13 WARN [com.zaxxer.hikari.pool.PoolBase]: HikariPool-1 - Failed to validate connection com.mysql.cj.jdbc.ConnectionImpl@77cfb5cc (No operations allowed after connection closed.). Possibly consider using a shorter maxLifetime value.
2024-04-01 13:16:13 WARN [com.zaxxer.hikari.pool.PoolBase]: HikariPool-1 - Failed to validate connection com.mysql.cj.jdbc.ConnectionImpl@74c20249 (No operations allowed after connection closed.). Possibly consider using a shorter maxLifetime value.
2024-04-01 13:16:13 WARN [com.zaxxer.hikari.pool.PoolBase]: HikariPool-1 - Failed to validate connection com.mysql.cj.jdbc.ConnectionImpl@faa0cdf (No operations allowed after connection closed.). Possibly consider using a shorter maxLifetime value.
2024-04-01 13:16:13 WARN [com.zaxxer.hikari.pool.PoolBase]: HikariPool-1 - Failed to validate connection com.mysql.cj.jdbc.ConnectionImpl@25621abf (No operations allowed after connection closed.). Possibly consider using a shorter maxLifetime value.
2024-04-01 13:16:13 WARN [com.zaxxer.hikari.pool.PoolBase]: HikariPool-1 - Failed to validate connection com.mysql.cj.jdbc.ConnectionImpl@2f09aa0a (No operations allowed after connection closed.). Possibly consider using a shorter maxLifetime value.
2024-04-01 13:16:13 WARN [com.zaxxer.hikari.pool.PoolBase]: HikariPool-1 - Failed to validate connection com.mysql.cj.jdbc.ConnectionImpl@4bbd35e8 (No operations allowed after connection closed.). Possibly consider using a shorter maxLifetime value.
2024-04-01 13:16:13 WARN [com.zaxxer.hikari.pool.PoolBase]: HikariPool-1 - Failed to validate connection com.mysql.cj.jdbc.ConnectionImpl@212c437c (No operations allowed after connection closed.). Possibly consider using a shorter maxLifetime value.
2024-04-01 13:16:13 WARN [com.zaxxer.hikari.pool.PoolBase]: HikariPool-1 - Failed to validate connection com.mysql.cj.jdbc.ConnectionImpl@4317f4a9 (No operations allowed after connection closed.). Possibly consider using a shorter maxLifetime value.
2024-04-01 13:16:13 WARN [com.zaxxer.hikari.pool.PoolBase]: HikariPool-1 - Failed to validate connection com.mysql.cj.jdbc.ConnectionImpl@61a78b56 (No operations allowed after connection closed.). Possibly consider using a shorter maxLifetime value.
2024-04-01 13:30:33 WARN [com.zaxxer.hikari.pool.PoolBase]: HikariPool-1 - Failed to validate connection com.mysql.cj.jdbc.ConnectionImpl@3cc680ca (No operations allowed after connection closed.). Possibly consider using a shorter maxLifetime value.
2024-04-01 13:30:33 WARN [com.zaxxer.hikari.pool.PoolBase]: HikariPool-1 - Failed to validate connection com.mysql.cj.jdbc.ConnectionImpl@7aa70c21 (No operations allowed after connection closed.). Possibly consider using a shorter maxLifetime value.
2024-04-01 13:30:33 WARN [com.zaxxer.hikari.pool.PoolBase]: HikariPool-1 - Failed to validate connection com.mysql.cj.jdbc.ConnectionImpl@3a77ec67 (No operations allowed after connection closed.). Possibly consider using a shorter maxLifetime value.
2024-04-01 13:30:33 WARN [com.zaxxer.hikari.pool.PoolBase]: HikariPool-1 - Failed to validate connection com.mysql.cj.jdbc.ConnectionImpl@323ffb33 (No operations allowed after connection closed.). Possibly consider using a shorter maxLifetime value.
2024-04-01 13:30:33 WARN [com.zaxxer.hikari.pool.PoolBase]: HikariPool-1 - Failed to validate connection com.mysql.cj.jdbc.ConnectionImpl@638dd0b6 (No operations allowed after connection closed.). Possibly consider using a shorter maxLifetime value.
2024-04-01 13:30:33 WARN [com.zaxxer.hikari.pool.PoolBase]: HikariPool-1 - Failed to validate connection com.mysql.cj.jdbc.ConnectionImpl@21890ee2 (No operations allowed after connection closed.). Possibly consider using a shorter maxLifetime value.
2024-04-01 13:30:33 WARN [com.zaxxer.hikari.pool.PoolBase]: HikariPool-1 - Failed to validate connection com.mysql.cj.jdbc.ConnectionImpl@2418ca60 (No operations allowed after connection closed.). Possibly consider using a shorter maxLifetime value.
2024-04-01 13:30:33 WARN [com.zaxxer.hikari.pool.PoolBase]: HikariPool-1 - Failed to validate connection com.mysql.cj.jdbc.ConnectionImpl@69b35bb3 (No operations allowed after connection closed.). Possibly consider using a shorter maxLifetime value.
2024-04-01 13:30:33 WARN [com.zaxxer.hikari.pool.PoolBase]: HikariPool-1 - Failed to validate connection com.mysql.cj.jdbc.ConnectionImpl@258e28a0 (No operations allowed after connection closed.). Possibly consider using a shorter maxLifetime value.
2024-04-01 13:30:33 WARN [com.zaxxer.hikari.pool.PoolBase]: HikariPool-1 - Failed to validate connection com.mysql.cj.jdbc.ConnectionImpl@64362e53 (No operations allowed after connection closed.). Possibly consider using a shorter maxLifetime value.
2024-04-01 13:33:23 WARN [com.zaxxer.hikari.pool.PoolBase]: HikariPool-1 - Failed to validate connection com.mysql.cj.jdbc.ConnectionImpl@4a55f8ea (No operations allowed after connection closed.). Possibly consider using a shorter maxLifetime value.
2024-04-01 13:33:23 WARN [com.zaxxer.hikari.pool.PoolBase]: HikariPool-1 - Failed to validate connection com.mysql.cj.jdbc.ConnectionImpl@7bd5104f (No operations allowed after connection closed.). Possibly consider using a shorter maxLifetime value.
2024-04-01 13:33:23 WARN [com.zaxxer.hikari.pool.PoolBase]: HikariPool-1 - Failed to validate connection com.mysql.cj.jdbc.ConnectionImpl@4f8d3416 (No operations allowed after connection closed.). Possibly consider using a shorter maxLifetime value.
2024-04-01 13:33:23 WARN [com.zaxxer.hikari.pool.PoolBase]: HikariPool-1 - Failed to validate connection com.mysql.cj.jdbc.ConnectionImpl@2a7a07a5 (No operations allowed after connection closed.). Possibly consider using a shorter maxLifetime value.
2024-04-01 13:33:23 WARN [com.zaxxer.hikari.pool.PoolBase]: HikariPool-1 - Failed to validate connection com.mysql.cj.jdbc.ConnectionImpl@2106b7b0 (No operations allowed after connection closed.). Possibly consider using a shorter maxLifetime value.
2024-04-01 13:33:23 WARN [com.zaxxer.hikari.pool.PoolBase]: HikariPool-1 - Failed to validate connection com.mysql.cj.jdbc.ConnectionImpl@72829cb7 (No operations allowed after connection closed.). Possibly consider using a shorter maxLifetime value.
2024-04-01 13:33:23 WARN [com.zaxxer.hikari.pool.PoolBase]: HikariPool-1 - Failed to validate connection com.mysql.cj.jdbc.ConnectionImpl@54893b75 (No operations allowed after connection closed.). Possibly consider using a shorter maxLifetime value.
2024-04-01 13:33:23 WARN [com.zaxxer.hikari.pool.PoolBase]: HikariPool-1 - Failed to validate connection com.mysql.cj.jdbc.ConnectionImpl@2e34596e (No operations allowed after connection closed.). Possibly consider using a shorter maxLifetime value.
2024-04-01 13:33:23 WARN [com.zaxxer.hikari.pool.PoolBase]: HikariPool-1 - Failed to validate connection com.mysql.cj.jdbc.ConnectionImpl@3a1bc02f (No operations allowed after connection closed.). Possibly consider using a shorter maxLifetime value.
2024-04-01 13:33:23 WARN [com.zaxxer.hikari.pool.PoolBase]: HikariPool-1 - Failed to validate connection com.mysql.cj.jdbc.ConnectionImpl@5c1a84ff (No operations allowed after connection closed.). Possibly consider using a shorter maxLifetime value.
2024-04-01 13:35:26 WARN [com.zaxxer.hikari.pool.PoolBase]: HikariPool-1 - Failed to validate connection com.mysql.cj.jdbc.ConnectionImpl@2efbb2a2 (No operations allowed after connection closed.). Possibly consider using a shorter maxLifetime value.
2024-04-01 13:35:26 WARN [com.zaxxer.hikari.pool.PoolBase]: HikariPool-1 - Failed to validate connection com.mysql.cj.jdbc.ConnectionImpl@65fbb972 (No operations allowed after connection closed.). Possibly consider using a shorter maxLifetime value.
2024-04-01 13:42:10 WARN [com.zaxxer.hikari.pool.PoolBase]: HikariPool-1 - Failed to validate connection com.mysql.cj.jdbc.ConnectionImpl@71bb9bf4 (No operations allowed after connection closed.). Possibly consider using a shorter maxLifetime value.
2024-04-01 13:42:10 WARN [com.zaxxer.hikari.pool.PoolBase]: HikariPool-1 - Failed to validate connection com.mysql.cj.jdbc.ConnectionImpl@3df79500 (No operations allowed after connection closed.). Possibly consider using a shorter maxLifetime value.
2024-04-01 13:42:10 WARN [com.zaxxer.hikari.pool.PoolBase]: HikariPool-1 - Failed to validate connection com.mysql.cj.jdbc.ConnectionImpl@63616503 (No operations allowed after connection closed.). Possibly consider using a shorter maxLifetime value.
2024-04-01 13:42:10 WARN [com.zaxxer.hikari.pool.PoolBase]: HikariPool-1 - Failed to validate connection com.mysql.cj.jdbc.ConnectionImpl@4e2836a0 (No operations allowed after connection closed.). Possibly consider using a shorter maxLifetime value.
2024-04-01 13:42:10 WARN [com.zaxxer.hikari.pool.PoolBase]: HikariPool-1 - Failed to validate connection com.mysql.cj.jdbc.ConnectionImpl@1fb8ffb2 (No operations allowed after connection closed.). Possibly consider using a shorter maxLifetime value.
2024-04-01 13:42:10 WARN [com.zaxxer.hikari.pool.PoolBase]: HikariPool-1 - Failed to validate connection com.mysql.cj.jdbc.ConnectionImpl@1e6636d0 (No operations allowed after connection closed.). Possibly consider using a shorter maxLifetime value.
2024-04-01 13:42:10 WARN [com.zaxxer.hikari.pool.PoolBase]: HikariPool-1 - Failed to validate connection com.mysql.cj.jdbc.ConnectionImpl@76471162 (No operations allowed after connection closed.). Possibly consider using a shorter maxLifetime value.
2024-04-01 13:42:10 WARN [com.zaxxer.hikari.pool.PoolBase]: HikariPool-1 - Failed to validate connection com.mysql.cj.jdbc.ConnectionImpl@79d5a43c (No operations allowed after connection closed.). Possibly consider using a shorter maxLifetime value.
2024-04-01 13:42:10 WARN [com.zaxxer.hikari.pool.PoolBase]: HikariPool-1 - Failed to validate connection com.mysql.cj.jdbc.ConnectionImpl@214891db (No operations allowed after connection closed.). Possibly consider using a shorter maxLifetime value.
2024-04-01 13:42:10 WARN [com.zaxxer.hikari.pool.PoolBase]: HikariPool-1 - Failed to validate connection com.mysql.cj.jdbc.ConnectionImpl@e37f394 (No operations allowed after connection closed.). Possibly consider using a shorter maxLifetime value.
2024-04-01 13:59:14 WARN [com.zaxxer.hikari.pool.PoolBase]: HikariPool-1 - Failed to validate connection com.mysql.cj.jdbc.ConnectionImpl@63d07847 (No operations allowed after connection closed.). Possibly consider using a shorter maxLifetime value.
2024-04-01 13:59:14 WARN [com.zaxxer.hikari.pool.PoolBase]: HikariPool-1 - Failed to validate connection com.mysql.cj.jdbc.ConnectionImpl@5ca4e693 (No operations allowed after connection closed.). Possibly consider using a shorter maxLifetime value.
2024-04-01 13:59:14 WARN [com.zaxxer.hikari.pool.PoolBase]: HikariPool-1 - Failed to validate connection com.mysql.cj.jdbc.ConnectionImpl@1911e660 (No operations allowed after connection closed.). Possibly consider using a shorter maxLifetime value.
2024-04-01 13:59:14 WARN [com.zaxxer.hikari.pool.PoolBase]: HikariPool-1 - Failed to validate connection com.mysql.cj.jdbc.ConnectionImpl@5fd5a21e (No operations allowed after connection closed.). Possibly consider using a shorter maxLifetime value.
2024-04-01 13:59:14 WARN [com.zaxxer.hikari.pool.PoolBase]: HikariPool-1 - Failed to validate connection com.mysql.cj.jdbc.ConnectionImpl@29d52f3 (No operations allowed after connection closed.). Possibly consider using a shorter maxLifetime value.
2024-04-01 13:59:14 WARN [com.zaxxer.hikari.pool.PoolBase]: HikariPool-1 - Failed to validate connection com.mysql.cj.jdbc.ConnectionImpl@4c561565 (No operations allowed after connection closed.). Possibly consider using a shorter maxLifetime value.
2024-04-01 13:59:14 WARN [com.zaxxer.hikari.pool.PoolBase]: HikariPool-1 - Failed to validate connection com.mysql.cj.jdbc.ConnectionImpl@62ef00a7 (No operations allowed after connection closed.). Possibly consider using a shorter maxLifetime value.
2024-04-01 13:59:14 WARN [com.zaxxer.hikari.pool.PoolBase]: HikariPool-1 - Failed to validate connection com.mysql.cj.jdbc.ConnectionImpl@4f79a588 (No operations allowed after connection closed.). Possibly consider using a shorter maxLifetime value.
2024-04-01 13:59:14 WARN [com.zaxxer.hikari.pool.PoolBase]: HikariPool-1 - Failed to validate connection com.mysql.cj.jdbc.ConnectionImpl@5f3c8ff8 (No operations allowed after connection closed.). Possibly consider using a shorter maxLifetime value.
2024-04-01 13:59:14 WARN [com.zaxxer.hikari.pool.PoolBase]: HikariPool-1 - Failed to validate connection com.mysql.cj.jdbc.ConnectionImpl@3492428a (No operations allowed after connection closed.). Possibly consider using a shorter maxLifetime value.
2024-04-01 15:21:16 WARN [com.zaxxer.hikari.pool.PoolBase]: HikariPool-1 - Failed to validate connection com.mysql.cj.jdbc.ConnectionImpl@3d430f81 (No operations allowed after connection closed.). Possibly consider using a shorter maxLifetime value.
2024-04-01 15:21:16 WARN [com.zaxxer.hikari.pool.PoolBase]: HikariPool-1 - Failed to validate connection com.mysql.cj.jdbc.ConnectionImpl@33adc3d0 (No operations allowed after connection closed.). Possibly consider using a shorter maxLifetime value.
2024-04-01 15:21:16 WARN [com.zaxxer.hikari.pool.PoolBase]: HikariPool-1 - Failed to validate connection com.mysql.cj.jdbc.ConnectionImpl@636bbf14 (No operations allowed after connection closed.). Possibly consider using a shorter maxLifetime value.
2024-04-01 15:21:16 WARN [com.zaxxer.hikari.pool.PoolBase]: HikariPool-1 - Failed to validate connection com.mysql.cj.jdbc.ConnectionImpl@46f19bff (No operations allowed after connection closed.). Possibly consider using a shorter maxLifetime value.
2024-04-01 15:21:16 WARN [com.zaxxer.hikari.pool.PoolBase]: HikariPool-1 - Failed to validate connection com.mysql.cj.jdbc.ConnectionImpl@2078a93f (No operations allowed after connection closed.). Possibly consider using a shorter maxLifetime value.
2024-04-01 15:21:16 WARN [com.zaxxer.hikari.pool.PoolBase]: HikariPool-1 - Failed to validate connection com.mysql.cj.jdbc.ConnectionImpl@7d964da3 (No operations allowed after connection closed.). Possibly consider using a shorter maxLifetime value.
2024-04-01 15:21:16 WARN [com.zaxxer.hikari.pool.PoolBase]: HikariPool-1 - Failed to validate connection com.mysql.cj.jdbc.ConnectionImpl@43bbde1a (No operations allowed after connection closed.). Possibly consider using a shorter maxLifetime value.
2024-04-01 15:21:16 WARN [com.zaxxer.hikari.pool.PoolBase]: HikariPool-1 - Failed to validate connection com.mysql.cj.jdbc.ConnectionImpl@95f9bf1 (No operations allowed after connection closed.). Possibly consider using a shorter maxLifetime value.
2024-04-01 15:21:16 WARN [com.zaxxer.hikari.pool.PoolBase]: HikariPool-1 - Failed to validate connection com.mysql.cj.jdbc.ConnectionImpl@6c0beab4 (No operations allowed after connection closed.). Possibly consider using a shorter maxLifetime value.
2024-04-01 15:21:16 WARN [com.zaxxer.hikari.pool.PoolBase]: HikariPool-1 - Failed to validate connection com.mysql.cj.jdbc.ConnectionImpl@23bf59c3 (No operations allowed after connection closed.). Possibly consider using a shorter maxLifetime value.
2024-04-01 15:58:40 WARN [com.zaxxer.hikari.pool.PoolBase]: HikariPool-1 - Failed to validate connection com.mysql.cj.jdbc.ConnectionImpl@16c41837 (No operations allowed after connection closed.). Possibly consider using a shorter maxLifetime value.
2024-04-01 15:58:40 WARN [com.zaxxer.hikari.pool.PoolBase]: HikariPool-1 - Failed to validate connection com.mysql.cj.jdbc.ConnectionImpl@7b2c75a8 (No operations allowed after connection closed.). Possibly consider using a shorter maxLifetime value.
2024-04-01 15:58:40 WARN [com.zaxxer.hikari.pool.PoolBase]: HikariPool-1 - Failed to validate connection com.mysql.cj.jdbc.ConnectionImpl@24aa1af3 (No operations allowed after connection closed.). Possibly consider using a shorter maxLifetime value.
2024-04-01 15:58:40 WARN [com.zaxxer.hikari.pool.PoolBase]: HikariPool-1 - Failed to validate connection com.mysql.cj.jdbc.ConnectionImpl@1299abf1 (No operations allowed after connection closed.). Possibly consider using a shorter maxLifetime value.
2024-04-01 15:58:40 WARN [com.zaxxer.hikari.pool.PoolBase]: HikariPool-1 - Failed to validate connection com.mysql.cj.jdbc.ConnectionImpl@2418ad78 (No operations allowed after connection closed.). Possibly consider using a shorter maxLifetime value.
2024-04-01 15:58:40 WARN [com.zaxxer.hikari.pool.PoolBase]: HikariPool-1 - Failed to validate connection com.mysql.cj.jdbc.ConnectionImpl@3c011d66 (No operations allowed after connection closed.). Possibly consider using a shorter maxLifetime value.
2024-04-01 15:58:40 WARN [com.zaxxer.hikari.pool.PoolBase]: HikariPool-1 - Failed to validate connection com.mysql.cj.jdbc.ConnectionImpl@4888f597 (No operations allowed after connection closed.). Possibly consider using a shorter maxLifetime value.
2024-04-01 15:58:40 WARN [com.zaxxer.hikari.pool.PoolBase]: HikariPool-1 - Failed to validate connection com.mysql.cj.jdbc.ConnectionImpl@17111954 (No operations allowed after connection closed.). Possibly consider using a shorter maxLifetime value.
2024-04-01 15:58:40 WARN [com.zaxxer.hikari.pool.PoolBase]: HikariPool-1 - Failed to validate connection com.mysql.cj.jdbc.ConnectionImpl@768305a3 (No operations allowed after connection closed.). Possibly consider using a shorter maxLifetime value.
2024-04-01 15:58:40 WARN [com.zaxxer.hikari.pool.PoolBase]: HikariPool-1 - Failed to validate connection com.mysql.cj.jdbc.ConnectionImpl@42dddc38 (No operations allowed after connection closed.). Possibly consider using a shorter maxLifetime value.
2024-04-01 16:01:40 WARN [com.zaxxer.hikari.pool.PoolBase]: HikariPool-1 - Failed to validate connection com.mysql.cj.jdbc.ConnectionImpl@34eac34c (No operations allowed after connection closed.). Possibly consider using a shorter maxLifetime value.
2024-04-01 16:34:28 WARN [com.zaxxer.hikari.pool.HikariPool]: HikariPool-1 - Thread starvation or clock leap detected (housekeeper delta=28m28s423ms604µs200ns).
2024-04-01 16:35:26 INFO [com.zaxxer.hikari.HikariDataSource]: HikariPool-1 - Shutdown initiated...
2024-04-01 16:35:26 INFO [com.zaxxer.hikari.HikariDataSource]: HikariPool-1 - Shutdown completed.
