2023-12-25 14:46:37 INFO [com.example.yin.YinMusicApplication]: Starting YinMusicApplication using Java 1.8.0_381 on WIN-O9P19047KVL with PID 13796 (G:\音乐3\源码\music-server\target\classes started by Administrator in G:\音乐3\源码\music-server)
2023-12-25 14:46:37 INFO [com.example.yin.YinMusicApplication]: No active profile set, falling back to default profiles: default
2023-12-25 14:46:37 INFO [org.springframework.boot.devtools.env.DevToolsPropertyDefaultsPostProcessor]: Devtools property defaults active! Set 'spring.devtools.add-properties' to 'false' to disable
2023-12-25 14:46:37 INFO [org.springframework.boot.devtools.env.DevToolsPropertyDefaultsPostProcessor]: For additional web related logging consider setting the 'logging.level.web' property to 'DEBUG'
2023-12-25 14:46:42 INFO [org.springframework.boot.web.embedded.tomcat.TomcatWebServer]: Tomcat initialized with port(s): 8888 (http)
2023-12-25 14:46:42 INFO [org.springframework.boot.web.servlet.context.ServletWebServerApplicationContext]: Root WebApplicationContext: initialization completed in 4918 ms
2023-12-25 14:46:43 INFO [org.springframework.boot.devtools.autoconfigure.OptionalLiveReloadServer]: LiveReload server is running on port 35729
2023-12-25 14:46:43 INFO [org.springframework.boot.web.embedded.tomcat.TomcatWebServer]: Tomcat started on port(s): 8888 (http) with context path ''
2023-12-25 14:46:43 INFO [com.example.yin.YinMusicApplication]: Started YinMusicApplication in 7.891 seconds (JVM running for 17.315)
2023-12-25 14:48:46 INFO [org.springframework.web.servlet.DispatcherServlet]: Initializing Servlet 'dispatcherServlet'
2023-12-25 14:48:46 INFO [org.springframework.web.servlet.DispatcherServlet]: Completed initialization in 2 ms
2023-12-25 14:48:46 INFO [com.zaxxer.hikari.HikariDataSource]: HikariPool-1 - Starting...
2023-12-25 14:48:46 INFO [com.zaxxer.hikari.HikariDataSource]: HikariPool-1 - Start completed.
2023-12-25 14:59:15 WARN [com.zaxxer.hikari.pool.PoolBase]: HikariPool-1 - Failed to validate connection com.mysql.cj.jdbc.ConnectionImpl@90320e4 (No operations allowed after connection closed.). Possibly consider using a shorter maxLifetime value.
2023-12-25 14:59:15 WARN [com.zaxxer.hikari.pool.PoolBase]: HikariPool-1 - Failed to validate connection com.mysql.cj.jdbc.ConnectionImpl@6d1bdb94 (No operations allowed after connection closed.). Possibly consider using a shorter maxLifetime value.
2023-12-25 14:59:15 WARN [com.zaxxer.hikari.pool.PoolBase]: HikariPool-1 - Failed to validate connection com.mysql.cj.jdbc.ConnectionImpl@162db8cd (No operations allowed after connection closed.). Possibly consider using a shorter maxLifetime value.
2023-12-25 14:59:15 WARN [com.zaxxer.hikari.pool.PoolBase]: HikariPool-1 - Failed to validate connection com.mysql.cj.jdbc.ConnectionImpl@62e8b187 (No operations allowed after connection closed.). Possibly consider using a shorter maxLifetime value.
2023-12-25 14:59:15 WARN [com.zaxxer.hikari.pool.PoolBase]: HikariPool-1 - Failed to validate connection com.mysql.cj.jdbc.ConnectionImpl@1346143c (No operations allowed after connection closed.). Possibly consider using a shorter maxLifetime value.
2023-12-25 14:59:15 WARN [com.zaxxer.hikari.pool.PoolBase]: HikariPool-1 - Failed to validate connection com.mysql.cj.jdbc.ConnectionImpl@4c9d9018 (No operations allowed after connection closed.). Possibly consider using a shorter maxLifetime value.
2023-12-25 14:59:15 WARN [com.zaxxer.hikari.pool.PoolBase]: HikariPool-1 - Failed to validate connection com.mysql.cj.jdbc.ConnectionImpl@58a96a7a (No operations allowed after connection closed.). Possibly consider using a shorter maxLifetime value.
2023-12-25 14:59:15 WARN [com.zaxxer.hikari.pool.PoolBase]: HikariPool-1 - Failed to validate connection com.mysql.cj.jdbc.ConnectionImpl@3efa2a3e (No operations allowed after connection closed.). Possibly consider using a shorter maxLifetime value.
2023-12-25 14:59:15 WARN [com.zaxxer.hikari.pool.PoolBase]: HikariPool-1 - Failed to validate connection com.mysql.cj.jdbc.ConnectionImpl@79848253 (No operations allowed after connection closed.). Possibly consider using a shorter maxLifetime value.
2023-12-25 14:59:15 WARN [com.zaxxer.hikari.pool.PoolBase]: HikariPool-1 - Failed to validate connection com.mysql.cj.jdbc.ConnectionImpl@3d212b0 (No operations allowed after connection closed.). Possibly consider using a shorter maxLifetime value.
2023-12-25 16:31:16 WARN [com.zaxxer.hikari.pool.PoolBase]: HikariPool-1 - Failed to validate connection com.mysql.cj.jdbc.ConnectionImpl@2d30d3ad (No operations allowed after connection closed.). Possibly consider using a shorter maxLifetime value.
2023-12-25 16:31:16 WARN [com.zaxxer.hikari.pool.PoolBase]: HikariPool-1 - Failed to validate connection com.mysql.cj.jdbc.ConnectionImpl@46ad364e (No operations allowed after connection closed.). Possibly consider using a shorter maxLifetime value.
2023-12-25 16:31:16 WARN [com.zaxxer.hikari.pool.PoolBase]: HikariPool-1 - Failed to validate connection com.mysql.cj.jdbc.ConnectionImpl@1575b63b (No operations allowed after connection closed.). Possibly consider using a shorter maxLifetime value.
2023-12-25 16:31:16 WARN [com.zaxxer.hikari.pool.PoolBase]: HikariPool-1 - Failed to validate connection com.mysql.cj.jdbc.ConnectionImpl@61cb3bed (No operations allowed after connection closed.). Possibly consider using a shorter maxLifetime value.
2023-12-25 16:31:16 WARN [com.zaxxer.hikari.pool.PoolBase]: HikariPool-1 - Failed to validate connection com.mysql.cj.jdbc.ConnectionImpl@4e442fcd (No operations allowed after connection closed.). Possibly consider using a shorter maxLifetime value.
2023-12-25 16:31:16 WARN [com.zaxxer.hikari.pool.PoolBase]: HikariPool-1 - Failed to validate connection com.mysql.cj.jdbc.ConnectionImpl@3c4c6f8b (No operations allowed after connection closed.). Possibly consider using a shorter maxLifetime value.
2023-12-25 16:31:16 WARN [com.zaxxer.hikari.pool.PoolBase]: HikariPool-1 - Failed to validate connection com.mysql.cj.jdbc.ConnectionImpl@65c22013 (No operations allowed after connection closed.). Possibly consider using a shorter maxLifetime value.
2023-12-25 16:31:16 WARN [com.zaxxer.hikari.pool.PoolBase]: HikariPool-1 - Failed to validate connection com.mysql.cj.jdbc.ConnectionImpl@72192dcf (No operations allowed after connection closed.). Possibly consider using a shorter maxLifetime value.
2023-12-25 16:31:16 WARN [com.zaxxer.hikari.pool.PoolBase]: HikariPool-1 - Failed to validate connection com.mysql.cj.jdbc.ConnectionImpl@6585268f (No operations allowed after connection closed.). Possibly consider using a shorter maxLifetime value.
2023-12-25 16:31:16 WARN [com.zaxxer.hikari.pool.PoolBase]: HikariPool-1 - Failed to validate connection com.mysql.cj.jdbc.ConnectionImpl@538cf02b (No operations allowed after connection closed.). Possibly consider using a shorter maxLifetime value.
2023-12-25 16:36:25 WARN [com.zaxxer.hikari.pool.PoolBase]: HikariPool-1 - Failed to validate connection com.mysql.cj.jdbc.ConnectionImpl@797f201 (No operations allowed after connection closed.). Possibly consider using a shorter maxLifetime value.
2023-12-25 16:36:25 WARN [com.zaxxer.hikari.pool.PoolBase]: HikariPool-1 - Failed to validate connection com.mysql.cj.jdbc.ConnectionImpl@5999efc9 (No operations allowed after connection closed.). Possibly consider using a shorter maxLifetime value.
2023-12-25 16:36:25 WARN [com.zaxxer.hikari.pool.PoolBase]: HikariPool-1 - Failed to validate connection com.mysql.cj.jdbc.ConnectionImpl@371344bc (No operations allowed after connection closed.). Possibly consider using a shorter maxLifetime value.
2023-12-25 16:36:25 WARN [com.zaxxer.hikari.pool.PoolBase]: HikariPool-1 - Failed to validate connection com.mysql.cj.jdbc.ConnectionImpl@facafa5 (No operations allowed after connection closed.). Possibly consider using a shorter maxLifetime value.
2023-12-25 16:36:25 WARN [com.zaxxer.hikari.pool.PoolBase]: HikariPool-1 - Failed to validate connection com.mysql.cj.jdbc.ConnectionImpl@7e1641f1 (No operations allowed after connection closed.). Possibly consider using a shorter maxLifetime value.
2023-12-25 16:36:25 WARN [com.zaxxer.hikari.pool.PoolBase]: HikariPool-1 - Failed to validate connection com.mysql.cj.jdbc.ConnectionImpl@68e71e5d (No operations allowed after connection closed.). Possibly consider using a shorter maxLifetime value.
2023-12-25 16:36:25 WARN [com.zaxxer.hikari.pool.PoolBase]: HikariPool-1 - Failed to validate connection com.mysql.cj.jdbc.ConnectionImpl@45fc9159 (No operations allowed after connection closed.). Possibly consider using a shorter maxLifetime value.
2023-12-25 16:36:25 WARN [com.zaxxer.hikari.pool.PoolBase]: HikariPool-1 - Failed to validate connection com.mysql.cj.jdbc.ConnectionImpl@2f47dfc4 (No operations allowed after connection closed.). Possibly consider using a shorter maxLifetime value.
2023-12-25 16:36:25 WARN [com.zaxxer.hikari.pool.PoolBase]: HikariPool-1 - Failed to validate connection com.mysql.cj.jdbc.ConnectionImpl@63121a14 (No operations allowed after connection closed.). Possibly consider using a shorter maxLifetime value.
2023-12-25 16:36:25 WARN [com.zaxxer.hikari.pool.PoolBase]: HikariPool-1 - Failed to validate connection com.mysql.cj.jdbc.ConnectionImpl@33d7e5dd (No operations allowed after connection closed.). Possibly consider using a shorter maxLifetime value.
2023-12-25 16:41:41 WARN [com.zaxxer.hikari.pool.PoolBase]: HikariPool-1 - Failed to validate connection com.mysql.cj.jdbc.ConnectionImpl@6edf1a08 (No operations allowed after connection closed.). Possibly consider using a shorter maxLifetime value.
2023-12-25 16:42:46 WARN [com.zaxxer.hikari.pool.PoolBase]: HikariPool-1 - Failed to validate connection com.mysql.cj.jdbc.ConnectionImpl@79370476 (No operations allowed after connection closed.). Possibly consider using a shorter maxLifetime value.
2023-12-25 16:42:46 WARN [com.zaxxer.hikari.pool.PoolBase]: HikariPool-1 - Failed to validate connection com.mysql.cj.jdbc.ConnectionImpl@66f833b6 (No operations allowed after connection closed.). Possibly consider using a shorter maxLifetime value.
2023-12-25 16:42:46 WARN [com.zaxxer.hikari.pool.PoolBase]: HikariPool-1 - Failed to validate connection com.mysql.cj.jdbc.ConnectionImpl@5cf03312 (No operations allowed after connection closed.). Possibly consider using a shorter maxLifetime value.
2023-12-25 16:42:46 WARN [com.zaxxer.hikari.pool.PoolBase]: HikariPool-1 - Failed to validate connection com.mysql.cj.jdbc.ConnectionImpl@1a1ddcd6 (No operations allowed after connection closed.). Possibly consider using a shorter maxLifetime value.
2023-12-25 16:42:46 WARN [com.zaxxer.hikari.pool.PoolBase]: HikariPool-1 - Failed to validate connection com.mysql.cj.jdbc.ConnectionImpl@3cacbebf (No operations allowed after connection closed.). Possibly consider using a shorter maxLifetime value.
2023-12-25 16:42:46 WARN [com.zaxxer.hikari.pool.PoolBase]: HikariPool-1 - Failed to validate connection com.mysql.cj.jdbc.ConnectionImpl@33461e4a (No operations allowed after connection closed.). Possibly consider using a shorter maxLifetime value.
2023-12-25 16:42:46 WARN [com.zaxxer.hikari.pool.PoolBase]: HikariPool-1 - Failed to validate connection com.mysql.cj.jdbc.ConnectionImpl@7d7919e8 (No operations allowed after connection closed.). Possibly consider using a shorter maxLifetime value.
2023-12-25 16:42:46 WARN [com.zaxxer.hikari.pool.PoolBase]: HikariPool-1 - Failed to validate connection com.mysql.cj.jdbc.ConnectionImpl@5e7300fc (No operations allowed after connection closed.). Possibly consider using a shorter maxLifetime value.
2023-12-25 16:46:23 WARN [com.zaxxer.hikari.pool.PoolBase]: HikariPool-1 - Failed to validate connection com.mysql.cj.jdbc.ConnectionImpl@29f982b2 (No operations allowed after connection closed.). Possibly consider using a shorter maxLifetime value.
2023-12-25 16:46:23 WARN [com.zaxxer.hikari.pool.PoolBase]: HikariPool-1 - Failed to validate connection com.mysql.cj.jdbc.ConnectionImpl@2a8aee8a (No operations allowed after connection closed.). Possibly consider using a shorter maxLifetime value.
2023-12-25 16:46:23 WARN [com.zaxxer.hikari.pool.PoolBase]: HikariPool-1 - Failed to validate connection com.mysql.cj.jdbc.ConnectionImpl@18f7abc2 (No operations allowed after connection closed.). Possibly consider using a shorter maxLifetime value.
2023-12-25 16:46:23 WARN [com.zaxxer.hikari.pool.PoolBase]: HikariPool-1 - Failed to validate connection com.mysql.cj.jdbc.ConnectionImpl@d4b9ef7 (No operations allowed after connection closed.). Possibly consider using a shorter maxLifetime value.
2023-12-25 16:46:24 WARN [com.zaxxer.hikari.pool.PoolBase]: HikariPool-1 - Failed to validate connection com.mysql.cj.jdbc.ConnectionImpl@231ab11b (No operations allowed after connection closed.). Possibly consider using a shorter maxLifetime value.
2023-12-25 16:46:24 WARN [com.zaxxer.hikari.pool.PoolBase]: HikariPool-1 - Failed to validate connection com.mysql.cj.jdbc.ConnectionImpl@230c5dda (No operations allowed after connection closed.). Possibly consider using a shorter maxLifetime value.
2023-12-25 16:46:24 WARN [com.zaxxer.hikari.pool.PoolBase]: HikariPool-1 - Failed to validate connection com.mysql.cj.jdbc.ConnectionImpl@46935bd8 (No operations allowed after connection closed.). Possibly consider using a shorter maxLifetime value.
2023-12-25 16:46:24 WARN [com.zaxxer.hikari.pool.PoolBase]: HikariPool-1 - Failed to validate connection com.mysql.cj.jdbc.ConnectionImpl@c4f72a (No operations allowed after connection closed.). Possibly consider using a shorter maxLifetime value.
2023-12-25 16:46:24 WARN [com.zaxxer.hikari.pool.PoolBase]: HikariPool-1 - Failed to validate connection com.mysql.cj.jdbc.ConnectionImpl@270aa856 (No operations allowed after connection closed.). Possibly consider using a shorter maxLifetime value.
2023-12-25 16:46:24 WARN [com.zaxxer.hikari.pool.PoolBase]: HikariPool-1 - Failed to validate connection com.mysql.cj.jdbc.ConnectionImpl@7dc7a706 (No operations allowed after connection closed.). Possibly consider using a shorter maxLifetime value.
2023-12-25 16:50:12 WARN [com.zaxxer.hikari.pool.PoolBase]: HikariPool-1 - Failed to validate connection com.mysql.cj.jdbc.ConnectionImpl@3f0b0680 (No operations allowed after connection closed.). Possibly consider using a shorter maxLifetime value.
2023-12-25 16:50:12 WARN [com.zaxxer.hikari.pool.PoolBase]: HikariPool-1 - Failed to validate connection com.mysql.cj.jdbc.ConnectionImpl@6d8958bd (No operations allowed after connection closed.). Possibly consider using a shorter maxLifetime value.
2023-12-25 16:50:12 WARN [com.zaxxer.hikari.pool.PoolBase]: HikariPool-1 - Failed to validate connection com.mysql.cj.jdbc.ConnectionImpl@35ec14b7 (No operations allowed after connection closed.). Possibly consider using a shorter maxLifetime value.
2023-12-25 16:50:12 WARN [com.zaxxer.hikari.pool.PoolBase]: HikariPool-1 - Failed to validate connection com.mysql.cj.jdbc.ConnectionImpl@4a538f81 (No operations allowed after connection closed.). Possibly consider using a shorter maxLifetime value.
2023-12-25 16:50:12 WARN [com.zaxxer.hikari.pool.PoolBase]: HikariPool-1 - Failed to validate connection com.mysql.cj.jdbc.ConnectionImpl@1628ed40 (No operations allowed after connection closed.). Possibly consider using a shorter maxLifetime value.
2023-12-25 16:50:12 WARN [com.zaxxer.hikari.pool.PoolBase]: HikariPool-1 - Failed to validate connection com.mysql.cj.jdbc.ConnectionImpl@aecfe5a (No operations allowed after connection closed.). Possibly consider using a shorter maxLifetime value.
2023-12-25 16:50:12 WARN [com.zaxxer.hikari.pool.PoolBase]: HikariPool-1 - Failed to validate connection com.mysql.cj.jdbc.ConnectionImpl@71f0c603 (No operations allowed after connection closed.). Possibly consider using a shorter maxLifetime value.
2023-12-25 16:50:12 WARN [com.zaxxer.hikari.pool.PoolBase]: HikariPool-1 - Failed to validate connection com.mysql.cj.jdbc.ConnectionImpl@77281c22 (No operations allowed after connection closed.). Possibly consider using a shorter maxLifetime value.
2023-12-25 16:50:12 WARN [com.zaxxer.hikari.pool.PoolBase]: HikariPool-1 - Failed to validate connection com.mysql.cj.jdbc.ConnectionImpl@74bed8b4 (No operations allowed after connection closed.). Possibly consider using a shorter maxLifetime value.
2023-12-25 16:50:12 WARN [com.zaxxer.hikari.pool.PoolBase]: HikariPool-1 - Failed to validate connection com.mysql.cj.jdbc.ConnectionImpl@5043feca (No operations allowed after connection closed.). Possibly consider using a shorter maxLifetime value.
2023-12-25 16:54:04 WARN [com.zaxxer.hikari.pool.PoolBase]: HikariPool-1 - Failed to validate connection com.mysql.cj.jdbc.ConnectionImpl@2a3d8c97 (No operations allowed after connection closed.). Possibly consider using a shorter maxLifetime value.
2023-12-25 16:54:04 WARN [com.zaxxer.hikari.pool.PoolBase]: HikariPool-1 - Failed to validate connection com.mysql.cj.jdbc.ConnectionImpl@403671f7 (No operations allowed after connection closed.). Possibly consider using a shorter maxLifetime value.
2023-12-25 16:54:04 WARN [com.zaxxer.hikari.pool.PoolBase]: HikariPool-1 - Failed to validate connection com.mysql.cj.jdbc.ConnectionImpl@77177ec8 (No operations allowed after connection closed.). Possibly consider using a shorter maxLifetime value.
2023-12-25 16:54:04 WARN [com.zaxxer.hikari.pool.PoolBase]: HikariPool-1 - Failed to validate connection com.mysql.cj.jdbc.ConnectionImpl@3574c322 (No operations allowed after connection closed.). Possibly consider using a shorter maxLifetime value.
2023-12-25 16:54:04 WARN [com.zaxxer.hikari.pool.PoolBase]: HikariPool-1 - Failed to validate connection com.mysql.cj.jdbc.ConnectionImpl@31880d89 (No operations allowed after connection closed.). Possibly consider using a shorter maxLifetime value.
2023-12-25 16:54:04 WARN [com.zaxxer.hikari.pool.PoolBase]: HikariPool-1 - Failed to validate connection com.mysql.cj.jdbc.ConnectionImpl@497c213d (No operations allowed after connection closed.). Possibly consider using a shorter maxLifetime value.
2023-12-25 16:54:04 WARN [com.zaxxer.hikari.pool.PoolBase]: HikariPool-1 - Failed to validate connection com.mysql.cj.jdbc.ConnectionImpl@11e26836 (No operations allowed after connection closed.). Possibly consider using a shorter maxLifetime value.
2023-12-25 16:54:04 WARN [com.zaxxer.hikari.pool.PoolBase]: HikariPool-1 - Failed to validate connection com.mysql.cj.jdbc.ConnectionImpl@7a8a2520 (No operations allowed after connection closed.). Possibly consider using a shorter maxLifetime value.
2023-12-25 16:54:04 WARN [com.zaxxer.hikari.pool.PoolBase]: HikariPool-1 - Failed to validate connection com.mysql.cj.jdbc.ConnectionImpl@62281a34 (No operations allowed after connection closed.). Possibly consider using a shorter maxLifetime value.
2023-12-25 16:54:04 WARN [com.zaxxer.hikari.pool.PoolBase]: HikariPool-1 - Failed to validate connection com.mysql.cj.jdbc.ConnectionImpl@356a48c (No operations allowed after connection closed.). Possibly consider using a shorter maxLifetime value.
2023-12-25 16:58:39 WARN [com.zaxxer.hikari.pool.PoolBase]: HikariPool-1 - Failed to validate connection com.mysql.cj.jdbc.ConnectionImpl@5db11d97 (No operations allowed after connection closed.). Possibly consider using a shorter maxLifetime value.
2023-12-25 16:58:39 WARN [com.zaxxer.hikari.pool.PoolBase]: HikariPool-1 - Failed to validate connection com.mysql.cj.jdbc.ConnectionImpl@38f5a4e6 (No operations allowed after connection closed.). Possibly consider using a shorter maxLifetime value.
2023-12-25 16:58:39 WARN [com.zaxxer.hikari.pool.PoolBase]: HikariPool-1 - Failed to validate connection com.mysql.cj.jdbc.ConnectionImpl@7fa36234 (No operations allowed after connection closed.). Possibly consider using a shorter maxLifetime value.
2023-12-25 16:58:39 WARN [com.zaxxer.hikari.pool.PoolBase]: HikariPool-1 - Failed to validate connection com.mysql.cj.jdbc.ConnectionImpl@13fd35fd (No operations allowed after connection closed.). Possibly consider using a shorter maxLifetime value.
2023-12-25 16:58:39 WARN [com.zaxxer.hikari.pool.PoolBase]: HikariPool-1 - Failed to validate connection com.mysql.cj.jdbc.ConnectionImpl@2303a4ee (No operations allowed after connection closed.). Possibly consider using a shorter maxLifetime value.
2023-12-25 16:58:39 WARN [com.zaxxer.hikari.pool.PoolBase]: HikariPool-1 - Failed to validate connection com.mysql.cj.jdbc.ConnectionImpl@253981ca (No operations allowed after connection closed.). Possibly consider using a shorter maxLifetime value.
2023-12-25 16:58:39 WARN [com.zaxxer.hikari.pool.PoolBase]: HikariPool-1 - Failed to validate connection com.mysql.cj.jdbc.ConnectionImpl@768b48bc (No operations allowed after connection closed.). Possibly consider using a shorter maxLifetime value.
2023-12-25 16:58:39 WARN [com.zaxxer.hikari.pool.PoolBase]: HikariPool-1 - Failed to validate connection com.mysql.cj.jdbc.ConnectionImpl@7591cfd8 (No operations allowed after connection closed.). Possibly consider using a shorter maxLifetime value.
2023-12-25 16:58:39 WARN [com.zaxxer.hikari.pool.PoolBase]: HikariPool-1 - Failed to validate connection com.mysql.cj.jdbc.ConnectionImpl@5b61acef (No operations allowed after connection closed.). Possibly consider using a shorter maxLifetime value.
2023-12-25 16:58:39 WARN [com.zaxxer.hikari.pool.PoolBase]: HikariPool-1 - Failed to validate connection com.mysql.cj.jdbc.ConnectionImpl@60569718 (No operations allowed after connection closed.). Possibly consider using a shorter maxLifetime value.
2023-12-25 17:00:21 INFO [com.zaxxer.hikari.HikariDataSource]: HikariPool-1 - Shutdown initiated...
2023-12-25 17:00:21 INFO [com.zaxxer.hikari.HikariDataSource]: HikariPool-1 - Shutdown completed.
