2023-12-28 12:57:37 INFO [com.example.yin.YinMusicApplication]: Starting YinMusicApplication using Java 1.8.0_381 on WIN-O9P19047KVL with PID 12828 (G:\音乐3\源码\music-server\target\classes started by Administrator in G:\音乐3\源码\music-server)
2023-12-28 12:57:37 INFO [com.example.yin.YinMusicApplication]: No active profile set, falling back to default profiles: default
2023-12-28 12:57:37 INFO [org.springframework.boot.devtools.env.DevToolsPropertyDefaultsPostProcessor]: Devtools property defaults active! Set 'spring.devtools.add-properties' to 'false' to disable
2023-12-28 12:57:37 INFO [org.springframework.boot.devtools.env.DevToolsPropertyDefaultsPostProcessor]: For additional web related logging consider setting the 'logging.level.web' property to 'DEBUG'
2023-12-28 12:57:46 INFO [org.springframework.boot.web.embedded.tomcat.TomcatWebServer]: Tomcat initialized with port(s): 8888 (http)
2023-12-28 12:57:46 INFO [org.springframework.boot.web.servlet.context.ServletWebServerApplicationContext]: Root WebApplicationContext: initialization completed in 8831 ms
2023-12-28 12:57:47 INFO [org.springframework.boot.devtools.autoconfigure.OptionalLiveReloadServer]: LiveReload server is running on port 35729
2023-12-28 12:57:47 INFO [org.springframework.boot.web.embedded.tomcat.TomcatWebServer]: Tomcat started on port(s): 8888 (http) with context path ''
2023-12-28 12:57:47 INFO [com.example.yin.YinMusicApplication]: Started YinMusicApplication in 12.962 seconds (JVM running for 22.877)
2023-12-28 13:02:08 INFO [org.springframework.web.servlet.DispatcherServlet]: Initializing Servlet 'dispatcherServlet'
2023-12-28 13:02:08 INFO [org.springframework.web.servlet.DispatcherServlet]: Completed initialization in 1 ms
2023-12-28 13:02:08 INFO [com.zaxxer.hikari.HikariDataSource]: HikariPool-1 - Starting...
2023-12-28 13:02:09 INFO [com.zaxxer.hikari.HikariDataSource]: HikariPool-1 - Start completed.
2023-12-28 13:10:43 WARN [com.zaxxer.hikari.pool.PoolBase]: HikariPool-1 - Failed to validate connection com.mysql.cj.jdbc.ConnectionImpl@659c4c9d (No operations allowed after connection closed.). Possibly consider using a shorter maxLifetime value.
2023-12-28 13:10:43 WARN [com.zaxxer.hikari.pool.PoolBase]: HikariPool-1 - Failed to validate connection com.mysql.cj.jdbc.ConnectionImpl@4b37d7ed (No operations allowed after connection closed.). Possibly consider using a shorter maxLifetime value.
2023-12-28 13:10:43 WARN [com.zaxxer.hikari.pool.PoolBase]: HikariPool-1 - Failed to validate connection com.mysql.cj.jdbc.ConnectionImpl@4c4892b2 (No operations allowed after connection closed.). Possibly consider using a shorter maxLifetime value.
2023-12-28 13:10:43 WARN [com.zaxxer.hikari.pool.PoolBase]: HikariPool-1 - Failed to validate connection com.mysql.cj.jdbc.ConnectionImpl@69fe1262 (No operations allowed after connection closed.). Possibly consider using a shorter maxLifetime value.
2023-12-28 13:10:43 WARN [com.zaxxer.hikari.pool.PoolBase]: HikariPool-1 - Failed to validate connection com.mysql.cj.jdbc.ConnectionImpl@4803e32 (No operations allowed after connection closed.). Possibly consider using a shorter maxLifetime value.
2023-12-28 13:10:43 WARN [com.zaxxer.hikari.pool.PoolBase]: HikariPool-1 - Failed to validate connection com.mysql.cj.jdbc.ConnectionImpl@7546508c (No operations allowed after connection closed.). Possibly consider using a shorter maxLifetime value.
2023-12-28 13:10:43 WARN [com.zaxxer.hikari.pool.PoolBase]: HikariPool-1 - Failed to validate connection com.mysql.cj.jdbc.ConnectionImpl@22187b18 (No operations allowed after connection closed.). Possibly consider using a shorter maxLifetime value.
2023-12-28 13:10:43 WARN [com.zaxxer.hikari.pool.PoolBase]: HikariPool-1 - Failed to validate connection com.mysql.cj.jdbc.ConnectionImpl@3bec003b (No operations allowed after connection closed.). Possibly consider using a shorter maxLifetime value.
2023-12-28 13:10:43 WARN [com.zaxxer.hikari.pool.PoolBase]: HikariPool-1 - Failed to validate connection com.mysql.cj.jdbc.ConnectionImpl@3e98d8da (No operations allowed after connection closed.). Possibly consider using a shorter maxLifetime value.
2023-12-28 13:10:43 WARN [com.zaxxer.hikari.pool.PoolBase]: HikariPool-1 - Failed to validate connection com.mysql.cj.jdbc.ConnectionImpl@799d2db5 (No operations allowed after connection closed.). Possibly consider using a shorter maxLifetime value.
2023-12-28 13:13:22 WARN [com.zaxxer.hikari.pool.PoolBase]: HikariPool-1 - Failed to validate connection com.mysql.cj.jdbc.ConnectionImpl@245e3a8c (No operations allowed after connection closed.). Possibly consider using a shorter maxLifetime value.
2023-12-28 13:13:22 WARN [com.zaxxer.hikari.pool.PoolBase]: HikariPool-1 - Failed to validate connection com.mysql.cj.jdbc.ConnectionImpl@438a6fc1 (No operations allowed after connection closed.). Possibly consider using a shorter maxLifetime value.
2023-12-28 13:13:22 WARN [com.zaxxer.hikari.pool.PoolBase]: HikariPool-1 - Failed to validate connection com.mysql.cj.jdbc.ConnectionImpl@77bdee27 (No operations allowed after connection closed.). Possibly consider using a shorter maxLifetime value.
2023-12-28 13:13:22 WARN [com.zaxxer.hikari.pool.PoolBase]: HikariPool-1 - Failed to validate connection com.mysql.cj.jdbc.ConnectionImpl@3b2c2162 (No operations allowed after connection closed.). Possibly consider using a shorter maxLifetime value.
2023-12-28 13:13:22 WARN [com.zaxxer.hikari.pool.PoolBase]: HikariPool-1 - Failed to validate connection com.mysql.cj.jdbc.ConnectionImpl@2cbe3ae2 (No operations allowed after connection closed.). Possibly consider using a shorter maxLifetime value.
2023-12-28 13:13:22 WARN [com.zaxxer.hikari.pool.PoolBase]: HikariPool-1 - Failed to validate connection com.mysql.cj.jdbc.ConnectionImpl@51c3420a (No operations allowed after connection closed.). Possibly consider using a shorter maxLifetime value.
2023-12-28 13:13:22 WARN [com.zaxxer.hikari.pool.PoolBase]: HikariPool-1 - Failed to validate connection com.mysql.cj.jdbc.ConnectionImpl@79e1ffa3 (No operations allowed after connection closed.). Possibly consider using a shorter maxLifetime value.
2023-12-28 13:13:22 WARN [com.zaxxer.hikari.pool.PoolBase]: HikariPool-1 - Failed to validate connection com.mysql.cj.jdbc.ConnectionImpl@41a7db94 (No operations allowed after connection closed.). Possibly consider using a shorter maxLifetime value.
2023-12-28 13:13:22 WARN [com.zaxxer.hikari.pool.PoolBase]: HikariPool-1 - Failed to validate connection com.mysql.cj.jdbc.ConnectionImpl@43950e84 (No operations allowed after connection closed.). Possibly consider using a shorter maxLifetime value.
2023-12-28 13:13:22 WARN [com.zaxxer.hikari.pool.PoolBase]: HikariPool-1 - Failed to validate connection com.mysql.cj.jdbc.ConnectionImpl@1bdad5f3 (No operations allowed after connection closed.). Possibly consider using a shorter maxLifetime value.
2023-12-28 13:16:41 WARN [com.zaxxer.hikari.pool.PoolBase]: HikariPool-1 - Failed to validate connection com.mysql.cj.jdbc.ConnectionImpl@6f544b7 (No operations allowed after connection closed.). Possibly consider using a shorter maxLifetime value.
2023-12-28 13:16:41 WARN [com.zaxxer.hikari.pool.PoolBase]: HikariPool-1 - Failed to validate connection com.mysql.cj.jdbc.ConnectionImpl@1b957e94 (No operations allowed after connection closed.). Possibly consider using a shorter maxLifetime value.
2023-12-28 13:16:41 WARN [com.zaxxer.hikari.pool.PoolBase]: HikariPool-1 - Failed to validate connection com.mysql.cj.jdbc.ConnectionImpl@486778c5 (No operations allowed after connection closed.). Possibly consider using a shorter maxLifetime value.
2023-12-28 13:16:41 WARN [com.zaxxer.hikari.pool.PoolBase]: HikariPool-1 - Failed to validate connection com.mysql.cj.jdbc.ConnectionImpl@649b4d82 (No operations allowed after connection closed.). Possibly consider using a shorter maxLifetime value.
2023-12-28 13:16:41 WARN [com.zaxxer.hikari.pool.PoolBase]: HikariPool-1 - Failed to validate connection com.mysql.cj.jdbc.ConnectionImpl@697070fb (No operations allowed after connection closed.). Possibly consider using a shorter maxLifetime value.
2023-12-28 13:16:41 WARN [com.zaxxer.hikari.pool.PoolBase]: HikariPool-1 - Failed to validate connection com.mysql.cj.jdbc.ConnectionImpl@59a1d29f (No operations allowed after connection closed.). Possibly consider using a shorter maxLifetime value.
2023-12-28 13:16:41 WARN [com.zaxxer.hikari.pool.PoolBase]: HikariPool-1 - Failed to validate connection com.mysql.cj.jdbc.ConnectionImpl@2af3283e (No operations allowed after connection closed.). Possibly consider using a shorter maxLifetime value.
2023-12-28 13:16:41 WARN [com.zaxxer.hikari.pool.PoolBase]: HikariPool-1 - Failed to validate connection com.mysql.cj.jdbc.ConnectionImpl@143a97bf (No operations allowed after connection closed.). Possibly consider using a shorter maxLifetime value.
2023-12-28 13:16:41 WARN [com.zaxxer.hikari.pool.PoolBase]: HikariPool-1 - Failed to validate connection com.mysql.cj.jdbc.ConnectionImpl@7ea7da6b (No operations allowed after connection closed.). Possibly consider using a shorter maxLifetime value.
2023-12-28 13:16:41 WARN [com.zaxxer.hikari.pool.PoolBase]: HikariPool-1 - Failed to validate connection com.mysql.cj.jdbc.ConnectionImpl@29c5da0a (No operations allowed after connection closed.). Possibly consider using a shorter maxLifetime value.
2023-12-28 13:22:20 WARN [com.zaxxer.hikari.pool.PoolBase]: HikariPool-1 - Failed to validate connection com.mysql.cj.jdbc.ConnectionImpl@6d06be1f (No operations allowed after connection closed.). Possibly consider using a shorter maxLifetime value.
2023-12-28 13:22:20 WARN [com.zaxxer.hikari.pool.PoolBase]: HikariPool-1 - Failed to validate connection com.mysql.cj.jdbc.ConnectionImpl@16da563c (No operations allowed after connection closed.). Possibly consider using a shorter maxLifetime value.
2023-12-28 13:22:20 WARN [com.zaxxer.hikari.pool.PoolBase]: HikariPool-1 - Failed to validate connection com.mysql.cj.jdbc.ConnectionImpl@71b02183 (No operations allowed after connection closed.). Possibly consider using a shorter maxLifetime value.
2023-12-28 13:22:20 WARN [com.zaxxer.hikari.pool.PoolBase]: HikariPool-1 - Failed to validate connection com.mysql.cj.jdbc.ConnectionImpl@299e9fec (No operations allowed after connection closed.). Possibly consider using a shorter maxLifetime value.
2023-12-28 13:22:20 WARN [com.zaxxer.hikari.pool.PoolBase]: HikariPool-1 - Failed to validate connection com.mysql.cj.jdbc.ConnectionImpl@e097c25 (No operations allowed after connection closed.). Possibly consider using a shorter maxLifetime value.
2023-12-28 13:22:20 WARN [com.zaxxer.hikari.pool.PoolBase]: HikariPool-1 - Failed to validate connection com.mysql.cj.jdbc.ConnectionImpl@4a26a06e (No operations allowed after connection closed.). Possibly consider using a shorter maxLifetime value.
2023-12-28 13:22:20 WARN [com.zaxxer.hikari.pool.PoolBase]: HikariPool-1 - Failed to validate connection com.mysql.cj.jdbc.ConnectionImpl@3a6a2c90 (No operations allowed after connection closed.). Possibly consider using a shorter maxLifetime value.
2023-12-28 13:22:20 WARN [com.zaxxer.hikari.pool.PoolBase]: HikariPool-1 - Failed to validate connection com.mysql.cj.jdbc.ConnectionImpl@6756a5ce (No operations allowed after connection closed.). Possibly consider using a shorter maxLifetime value.
2023-12-28 13:22:20 WARN [com.zaxxer.hikari.pool.PoolBase]: HikariPool-1 - Failed to validate connection com.mysql.cj.jdbc.ConnectionImpl@22fb0555 (No operations allowed after connection closed.). Possibly consider using a shorter maxLifetime value.
2023-12-28 13:22:20 WARN [com.zaxxer.hikari.pool.PoolBase]: HikariPool-1 - Failed to validate connection com.mysql.cj.jdbc.ConnectionImpl@5da1e4b4 (No operations allowed after connection closed.). Possibly consider using a shorter maxLifetime value.
2023-12-28 13:34:50 WARN [com.zaxxer.hikari.pool.PoolBase]: HikariPool-1 - Failed to validate connection com.mysql.cj.jdbc.ConnectionImpl@6974fc19 (No operations allowed after connection closed.). Possibly consider using a shorter maxLifetime value.
2023-12-28 13:34:50 WARN [com.zaxxer.hikari.pool.PoolBase]: HikariPool-1 - Failed to validate connection com.mysql.cj.jdbc.ConnectionImpl@733f6dcd (No operations allowed after connection closed.). Possibly consider using a shorter maxLifetime value.
2023-12-28 13:34:50 WARN [com.zaxxer.hikari.pool.PoolBase]: HikariPool-1 - Failed to validate connection com.mysql.cj.jdbc.ConnectionImpl@69edf4cc (No operations allowed after connection closed.). Possibly consider using a shorter maxLifetime value.
2023-12-28 13:34:50 WARN [com.zaxxer.hikari.pool.PoolBase]: HikariPool-1 - Failed to validate connection com.mysql.cj.jdbc.ConnectionImpl@27b759dc (No operations allowed after connection closed.). Possibly consider using a shorter maxLifetime value.
2023-12-28 13:34:50 WARN [com.zaxxer.hikari.pool.PoolBase]: HikariPool-1 - Failed to validate connection com.mysql.cj.jdbc.ConnectionImpl@35b84b3 (No operations allowed after connection closed.). Possibly consider using a shorter maxLifetime value.
2023-12-28 13:34:50 WARN [com.zaxxer.hikari.pool.PoolBase]: HikariPool-1 - Failed to validate connection com.mysql.cj.jdbc.ConnectionImpl@b02c010 (No operations allowed after connection closed.). Possibly consider using a shorter maxLifetime value.
2023-12-28 13:34:50 WARN [com.zaxxer.hikari.pool.PoolBase]: HikariPool-1 - Failed to validate connection com.mysql.cj.jdbc.ConnectionImpl@d4f0e28 (No operations allowed after connection closed.). Possibly consider using a shorter maxLifetime value.
2023-12-28 13:34:50 WARN [com.zaxxer.hikari.pool.PoolBase]: HikariPool-1 - Failed to validate connection com.mysql.cj.jdbc.ConnectionImpl@102bdfe4 (No operations allowed after connection closed.). Possibly consider using a shorter maxLifetime value.
2023-12-28 13:34:50 WARN [com.zaxxer.hikari.pool.PoolBase]: HikariPool-1 - Failed to validate connection com.mysql.cj.jdbc.ConnectionImpl@4f0aaf4e (No operations allowed after connection closed.). Possibly consider using a shorter maxLifetime value.
2023-12-28 13:34:50 WARN [com.zaxxer.hikari.pool.PoolBase]: HikariPool-1 - Failed to validate connection com.mysql.cj.jdbc.ConnectionImpl@7108946c (No operations allowed after connection closed.). Possibly consider using a shorter maxLifetime value.
2023-12-28 13:39:41 WARN [com.zaxxer.hikari.pool.PoolBase]: HikariPool-1 - Failed to validate connection com.mysql.cj.jdbc.ConnectionImpl@2928518d (No operations allowed after connection closed.). Possibly consider using a shorter maxLifetime value.
2023-12-28 13:39:41 WARN [com.zaxxer.hikari.pool.PoolBase]: HikariPool-1 - Failed to validate connection com.mysql.cj.jdbc.ConnectionImpl@1ab60abd (No operations allowed after connection closed.). Possibly consider using a shorter maxLifetime value.
2023-12-28 13:39:41 WARN [com.zaxxer.hikari.pool.PoolBase]: HikariPool-1 - Failed to validate connection com.mysql.cj.jdbc.ConnectionImpl@292d10b7 (No operations allowed after connection closed.). Possibly consider using a shorter maxLifetime value.
2023-12-28 13:39:41 WARN [com.zaxxer.hikari.pool.PoolBase]: HikariPool-1 - Failed to validate connection com.mysql.cj.jdbc.ConnectionImpl@42e28826 (No operations allowed after connection closed.). Possibly consider using a shorter maxLifetime value.
2023-12-28 13:39:41 WARN [com.zaxxer.hikari.pool.PoolBase]: HikariPool-1 - Failed to validate connection com.mysql.cj.jdbc.ConnectionImpl@737bad87 (No operations allowed after connection closed.). Possibly consider using a shorter maxLifetime value.
2023-12-28 13:39:41 WARN [com.zaxxer.hikari.pool.PoolBase]: HikariPool-1 - Failed to validate connection com.mysql.cj.jdbc.ConnectionImpl@59b2b2b7 (No operations allowed after connection closed.). Possibly consider using a shorter maxLifetime value.
2023-12-28 13:39:41 WARN [com.zaxxer.hikari.pool.PoolBase]: HikariPool-1 - Failed to validate connection com.mysql.cj.jdbc.ConnectionImpl@185ba99e (No operations allowed after connection closed.). Possibly consider using a shorter maxLifetime value.
2023-12-28 13:39:42 WARN [com.zaxxer.hikari.pool.PoolBase]: HikariPool-1 - Failed to validate connection com.mysql.cj.jdbc.ConnectionImpl@4eaea10b (No operations allowed after connection closed.). Possibly consider using a shorter maxLifetime value.
2023-12-28 13:39:42 WARN [com.zaxxer.hikari.pool.PoolBase]: HikariPool-1 - Failed to validate connection com.mysql.cj.jdbc.ConnectionImpl@60973acc (No operations allowed after connection closed.). Possibly consider using a shorter maxLifetime value.
2023-12-28 13:39:42 WARN [com.zaxxer.hikari.pool.PoolBase]: HikariPool-1 - Failed to validate connection com.mysql.cj.jdbc.ConnectionImpl@2cfc0b63 (No operations allowed after connection closed.). Possibly consider using a shorter maxLifetime value.
2023-12-28 14:56:01 WARN [com.zaxxer.hikari.pool.PoolBase]: HikariPool-1 - Failed to validate connection com.mysql.cj.jdbc.ConnectionImpl@189b6caa (No operations allowed after connection closed.). Possibly consider using a shorter maxLifetime value.
2023-12-28 14:56:01 WARN [com.zaxxer.hikari.pool.PoolBase]: HikariPool-1 - Failed to validate connection com.mysql.cj.jdbc.ConnectionImpl@30ecf4d0 (No operations allowed after connection closed.). Possibly consider using a shorter maxLifetime value.
2023-12-28 14:56:01 WARN [com.zaxxer.hikari.pool.PoolBase]: HikariPool-1 - Failed to validate connection com.mysql.cj.jdbc.ConnectionImpl@42557982 (No operations allowed after connection closed.). Possibly consider using a shorter maxLifetime value.
2023-12-28 14:56:01 WARN [com.zaxxer.hikari.pool.PoolBase]: HikariPool-1 - Failed to validate connection com.mysql.cj.jdbc.ConnectionImpl@6d55bfa0 (No operations allowed after connection closed.). Possibly consider using a shorter maxLifetime value.
2023-12-28 14:56:01 WARN [com.zaxxer.hikari.pool.PoolBase]: HikariPool-1 - Failed to validate connection com.mysql.cj.jdbc.ConnectionImpl@2da374a4 (No operations allowed after connection closed.). Possibly consider using a shorter maxLifetime value.
2023-12-28 14:56:01 WARN [com.zaxxer.hikari.pool.PoolBase]: HikariPool-1 - Failed to validate connection com.mysql.cj.jdbc.ConnectionImpl@4740b639 (No operations allowed after connection closed.). Possibly consider using a shorter maxLifetime value.
2023-12-28 14:56:01 WARN [com.zaxxer.hikari.pool.PoolBase]: HikariPool-1 - Failed to validate connection com.mysql.cj.jdbc.ConnectionImpl@3448179a (No operations allowed after connection closed.). Possibly consider using a shorter maxLifetime value.
2023-12-28 14:56:01 WARN [com.zaxxer.hikari.pool.PoolBase]: HikariPool-1 - Failed to validate connection com.mysql.cj.jdbc.ConnectionImpl@7cdbcf00 (No operations allowed after connection closed.). Possibly consider using a shorter maxLifetime value.
2023-12-28 14:56:01 WARN [com.zaxxer.hikari.pool.PoolBase]: HikariPool-1 - Failed to validate connection com.mysql.cj.jdbc.ConnectionImpl@4e1e5a33 (No operations allowed after connection closed.). Possibly consider using a shorter maxLifetime value.
2023-12-28 14:56:01 WARN [com.zaxxer.hikari.pool.PoolBase]: HikariPool-1 - Failed to validate connection com.mysql.cj.jdbc.ConnectionImpl@5cf41962 (No operations allowed after connection closed.). Possibly consider using a shorter maxLifetime value.
2023-12-28 15:06:19 WARN [com.zaxxer.hikari.pool.PoolBase]: HikariPool-1 - Failed to validate connection com.mysql.cj.jdbc.ConnectionImpl@35b2d7e9 (No operations allowed after connection closed.). Possibly consider using a shorter maxLifetime value.
2023-12-28 15:06:19 WARN [com.zaxxer.hikari.pool.PoolBase]: HikariPool-1 - Failed to validate connection com.mysql.cj.jdbc.ConnectionImpl@603137dd (No operations allowed after connection closed.). Possibly consider using a shorter maxLifetime value.
2023-12-28 15:06:19 WARN [com.zaxxer.hikari.pool.PoolBase]: HikariPool-1 - Failed to validate connection com.mysql.cj.jdbc.ConnectionImpl@29a7180b (No operations allowed after connection closed.). Possibly consider using a shorter maxLifetime value.
2023-12-28 15:06:19 WARN [com.zaxxer.hikari.pool.PoolBase]: HikariPool-1 - Failed to validate connection com.mysql.cj.jdbc.ConnectionImpl@a898f49 (No operations allowed after connection closed.). Possibly consider using a shorter maxLifetime value.
2023-12-28 15:06:19 WARN [com.zaxxer.hikari.pool.PoolBase]: HikariPool-1 - Failed to validate connection com.mysql.cj.jdbc.ConnectionImpl@478b503d (No operations allowed after connection closed.). Possibly consider using a shorter maxLifetime value.
2023-12-28 15:06:19 WARN [com.zaxxer.hikari.pool.PoolBase]: HikariPool-1 - Failed to validate connection com.mysql.cj.jdbc.ConnectionImpl@2eed08ce (No operations allowed after connection closed.). Possibly consider using a shorter maxLifetime value.
2023-12-28 15:06:19 WARN [com.zaxxer.hikari.pool.PoolBase]: HikariPool-1 - Failed to validate connection com.mysql.cj.jdbc.ConnectionImpl@3f9b3a58 (No operations allowed after connection closed.). Possibly consider using a shorter maxLifetime value.
2023-12-28 15:06:19 WARN [com.zaxxer.hikari.pool.PoolBase]: HikariPool-1 - Failed to validate connection com.mysql.cj.jdbc.ConnectionImpl@792e1925 (No operations allowed after connection closed.). Possibly consider using a shorter maxLifetime value.
2023-12-28 15:06:19 WARN [com.zaxxer.hikari.pool.PoolBase]: HikariPool-1 - Failed to validate connection com.mysql.cj.jdbc.ConnectionImpl@6439b485 (No operations allowed after connection closed.). Possibly consider using a shorter maxLifetime value.
2023-12-28 15:06:19 WARN [com.zaxxer.hikari.pool.PoolBase]: HikariPool-1 - Failed to validate connection com.mysql.cj.jdbc.ConnectionImpl@22547bb4 (No operations allowed after connection closed.). Possibly consider using a shorter maxLifetime value.
2023-12-28 15:15:06 WARN [com.zaxxer.hikari.pool.PoolBase]: HikariPool-1 - Failed to validate connection com.mysql.cj.jdbc.ConnectionImpl@e613304 (No operations allowed after connection closed.). Possibly consider using a shorter maxLifetime value.
2023-12-28 15:15:06 WARN [com.zaxxer.hikari.pool.PoolBase]: HikariPool-1 - Failed to validate connection com.mysql.cj.jdbc.ConnectionImpl@119b6324 (No operations allowed after connection closed.). Possibly consider using a shorter maxLifetime value.
2023-12-28 15:15:06 WARN [com.zaxxer.hikari.pool.PoolBase]: HikariPool-1 - Failed to validate connection com.mysql.cj.jdbc.ConnectionImpl@122a5096 (No operations allowed after connection closed.). Possibly consider using a shorter maxLifetime value.
2023-12-28 15:15:06 WARN [com.zaxxer.hikari.pool.PoolBase]: HikariPool-1 - Failed to validate connection com.mysql.cj.jdbc.ConnectionImpl@15d4a8c4 (No operations allowed after connection closed.). Possibly consider using a shorter maxLifetime value.
2023-12-28 15:15:06 WARN [com.zaxxer.hikari.pool.PoolBase]: HikariPool-1 - Failed to validate connection com.mysql.cj.jdbc.ConnectionImpl@1e23a2cf (No operations allowed after connection closed.). Possibly consider using a shorter maxLifetime value.
2023-12-28 15:15:06 WARN [com.zaxxer.hikari.pool.PoolBase]: HikariPool-1 - Failed to validate connection com.mysql.cj.jdbc.ConnectionImpl@546b606c (No operations allowed after connection closed.). Possibly consider using a shorter maxLifetime value.
2023-12-28 15:15:06 WARN [com.zaxxer.hikari.pool.PoolBase]: HikariPool-1 - Failed to validate connection com.mysql.cj.jdbc.ConnectionImpl@14053497 (No operations allowed after connection closed.). Possibly consider using a shorter maxLifetime value.
2023-12-28 15:15:06 WARN [com.zaxxer.hikari.pool.PoolBase]: HikariPool-1 - Failed to validate connection com.mysql.cj.jdbc.ConnectionImpl@24a72c5b (No operations allowed after connection closed.). Possibly consider using a shorter maxLifetime value.
2023-12-28 15:15:06 WARN [com.zaxxer.hikari.pool.PoolBase]: HikariPool-1 - Failed to validate connection com.mysql.cj.jdbc.ConnectionImpl@2791c7da (No operations allowed after connection closed.). Possibly consider using a shorter maxLifetime value.
2023-12-28 15:15:06 WARN [com.zaxxer.hikari.pool.PoolBase]: HikariPool-1 - Failed to validate connection com.mysql.cj.jdbc.ConnectionImpl@2876ab44 (No operations allowed after connection closed.). Possibly consider using a shorter maxLifetime value.
2023-12-28 15:19:14 WARN [com.zaxxer.hikari.pool.PoolBase]: HikariPool-1 - Failed to validate connection com.mysql.cj.jdbc.ConnectionImpl@2f877a6c (No operations allowed after connection closed.). Possibly consider using a shorter maxLifetime value.
2023-12-28 15:19:14 WARN [com.zaxxer.hikari.pool.PoolBase]: HikariPool-1 - Failed to validate connection com.mysql.cj.jdbc.ConnectionImpl@6f48e22b (No operations allowed after connection closed.). Possibly consider using a shorter maxLifetime value.
2023-12-28 15:19:14 WARN [com.zaxxer.hikari.pool.PoolBase]: HikariPool-1 - Failed to validate connection com.mysql.cj.jdbc.ConnectionImpl@46acd4ff (No operations allowed after connection closed.). Possibly consider using a shorter maxLifetime value.
2023-12-28 15:19:14 WARN [com.zaxxer.hikari.pool.PoolBase]: HikariPool-1 - Failed to validate connection com.mysql.cj.jdbc.ConnectionImpl@52ec925c (No operations allowed after connection closed.). Possibly consider using a shorter maxLifetime value.
2023-12-28 15:19:14 WARN [com.zaxxer.hikari.pool.PoolBase]: HikariPool-1 - Failed to validate connection com.mysql.cj.jdbc.ConnectionImpl@13a4fd2b (No operations allowed after connection closed.). Possibly consider using a shorter maxLifetime value.
2023-12-28 15:19:14 WARN [com.zaxxer.hikari.pool.PoolBase]: HikariPool-1 - Failed to validate connection com.mysql.cj.jdbc.ConnectionImpl@3b551cce (No operations allowed after connection closed.). Possibly consider using a shorter maxLifetime value.
2023-12-28 15:19:14 WARN [com.zaxxer.hikari.pool.PoolBase]: HikariPool-1 - Failed to validate connection com.mysql.cj.jdbc.ConnectionImpl@1b7e2c77 (No operations allowed after connection closed.). Possibly consider using a shorter maxLifetime value.
2023-12-28 15:19:14 WARN [com.zaxxer.hikari.pool.PoolBase]: HikariPool-1 - Failed to validate connection com.mysql.cj.jdbc.ConnectionImpl@2d363336 (No operations allowed after connection closed.). Possibly consider using a shorter maxLifetime value.
2023-12-28 15:19:14 WARN [com.zaxxer.hikari.pool.PoolBase]: HikariPool-1 - Failed to validate connection com.mysql.cj.jdbc.ConnectionImpl@194fce1e (No operations allowed after connection closed.). Possibly consider using a shorter maxLifetime value.
2023-12-28 15:19:14 WARN [com.zaxxer.hikari.pool.PoolBase]: HikariPool-1 - Failed to validate connection com.mysql.cj.jdbc.ConnectionImpl@aef0295 (No operations allowed after connection closed.). Possibly consider using a shorter maxLifetime value.
2023-12-28 15:21:30 WARN [com.zaxxer.hikari.pool.PoolBase]: HikariPool-1 - Failed to validate connection com.mysql.cj.jdbc.ConnectionImpl@706b1f58 (No operations allowed after connection closed.). Possibly consider using a shorter maxLifetime value.
2023-12-28 15:21:30 WARN [com.zaxxer.hikari.pool.PoolBase]: HikariPool-1 - Failed to validate connection com.mysql.cj.jdbc.ConnectionImpl@31d65d3e (No operations allowed after connection closed.). Possibly consider using a shorter maxLifetime value.
2023-12-28 15:23:33 WARN [com.zaxxer.hikari.pool.PoolBase]: HikariPool-1 - Failed to validate connection com.mysql.cj.jdbc.ConnectionImpl@345cc69e (No operations allowed after connection closed.). Possibly consider using a shorter maxLifetime value.
2023-12-28 15:23:54 WARN [com.zaxxer.hikari.pool.PoolBase]: HikariPool-1 - Failed to validate connection com.mysql.cj.jdbc.ConnectionImpl@7e887783 (No operations allowed after connection closed.). Possibly consider using a shorter maxLifetime value.
2023-12-28 15:23:57 WARN [com.zaxxer.hikari.pool.PoolBase]: HikariPool-1 - Failed to validate connection com.mysql.cj.jdbc.ConnectionImpl@13440157 (No operations allowed after connection closed.). Possibly consider using a shorter maxLifetime value.
2023-12-28 15:23:57 WARN [com.zaxxer.hikari.pool.PoolBase]: HikariPool-1 - Failed to validate connection com.mysql.cj.jdbc.ConnectionImpl@75a2ee7 (No operations allowed after connection closed.). Possibly consider using a shorter maxLifetime value.
2023-12-28 15:24:58 WARN [com.zaxxer.hikari.pool.PoolBase]: HikariPool-1 - Failed to validate connection com.mysql.cj.jdbc.ConnectionImpl@64c6f9d1 (No operations allowed after connection closed.). Possibly consider using a shorter maxLifetime value.
2023-12-28 15:24:58 WARN [com.zaxxer.hikari.pool.PoolBase]: HikariPool-1 - Failed to validate connection com.mysql.cj.jdbc.ConnectionImpl@2abc3657 (No operations allowed after connection closed.). Possibly consider using a shorter maxLifetime value.
2023-12-28 15:24:58 WARN [com.zaxxer.hikari.pool.PoolBase]: HikariPool-1 - Failed to validate connection com.mysql.cj.jdbc.ConnectionImpl@2e690bff (No operations allowed after connection closed.). Possibly consider using a shorter maxLifetime value.
2023-12-28 15:25:55 WARN [com.zaxxer.hikari.pool.PoolBase]: HikariPool-1 - Failed to validate connection com.mysql.cj.jdbc.ConnectionImpl@7afa53af (No operations allowed after connection closed.). Possibly consider using a shorter maxLifetime value.
2023-12-28 15:26:10 WARN [com.zaxxer.hikari.pool.PoolBase]: HikariPool-1 - Failed to validate connection com.mysql.cj.jdbc.ConnectionImpl@45eafcca (No operations allowed after connection closed.). Possibly consider using a shorter maxLifetime value.
2023-12-28 15:26:10 WARN [com.zaxxer.hikari.pool.PoolBase]: HikariPool-1 - Failed to validate connection com.mysql.cj.jdbc.ConnectionImpl@1b860938 (No operations allowed after connection closed.). Possibly consider using a shorter maxLifetime value.
2023-12-28 15:26:10 WARN [com.zaxxer.hikari.pool.PoolBase]: HikariPool-1 - Failed to validate connection com.mysql.cj.jdbc.ConnectionImpl@500fed34 (No operations allowed after connection closed.). Possibly consider using a shorter maxLifetime value.
2023-12-28 15:26:10 WARN [com.zaxxer.hikari.pool.PoolBase]: HikariPool-1 - Failed to validate connection com.mysql.cj.jdbc.ConnectionImpl@33c956cc (No operations allowed after connection closed.). Possibly consider using a shorter maxLifetime value.
2023-12-28 15:26:10 WARN [com.zaxxer.hikari.pool.PoolBase]: HikariPool-1 - Failed to validate connection com.mysql.cj.jdbc.ConnectionImpl@5b1e3734 (No operations allowed after connection closed.). Possibly consider using a shorter maxLifetime value.
2023-12-28 16:31:35 INFO [com.zaxxer.hikari.HikariDataSource]: HikariPool-1 - Shutdown initiated...
2023-12-28 16:31:35 INFO [com.zaxxer.hikari.HikariDataSource]: HikariPool-1 - Shutdown completed.
