2023-10-05 23:42:08 INFO [com.example.yin.YinMusicApplication]: Starting YinMusicApplication using Java 1.8.0_171 on DESKTOP-3LBGVVL with PID 19268 (E:\0\music-website-master\music-server\target\classes started by wangbuer in E:\0\music-website-master\music-server)
2023-10-05 23:42:08 INFO [com.example.yin.YinMusicApplication]: No active profile set, falling back to default profiles: default
2023-10-05 23:42:08 INFO [org.springframework.boot.devtools.env.DevToolsPropertyDefaultsPostProcessor]: Devtools property defaults active! Set 'spring.devtools.add-properties' to 'false' to disable
2023-10-05 23:42:08 INFO [org.springframework.boot.devtools.env.DevToolsPropertyDefaultsPostProcessor]: For additional web related logging consider setting the 'logging.level.web' property to 'DEBUG'
2023-10-05 23:42:09 INFO [org.springframework.boot.web.embedded.tomcat.TomcatWebServer]: Tomcat initialized with port(s): 8888 (http)
2023-10-05 23:42:09 INFO [org.springframework.boot.web.servlet.context.ServletWebServerApplicationContext]: Root WebApplicationContext: initialization completed in 937 ms
2023-10-05 23:42:09 INFO [org.springframework.boot.devtools.autoconfigure.OptionalLiveReloadServer]: LiveReload server is running on port 35729
2023-10-05 23:42:09 INFO [org.springframework.boot.web.embedded.tomcat.TomcatWebServer]: Tomcat started on port(s): 8888 (http) with context path ''
2023-10-05 23:42:09 INFO [com.example.yin.YinMusicApplication]: Started YinMusicApplication in 1.532 seconds (JVM running for 2.191)
2023-10-05 23:44:12 INFO [org.springframework.web.servlet.DispatcherServlet]: Initializing Servlet 'dispatcherServlet'
2023-10-05 23:44:12 INFO [org.springframework.web.servlet.DispatcherServlet]: Completed initialization in 0 ms
2023-10-05 23:44:12 WARN [org.springframework.web.servlet.PageNotFound]: No mapping for GET /
2023-10-05 23:44:12 WARN [org.springframework.web.servlet.PageNotFound]: No mapping for GET /favicon.ico
2023-10-05 23:50:20 INFO [com.zaxxer.hikari.HikariDataSource]: HikariPool-1 - Starting...
2023-10-05 23:50:20 INFO [com.zaxxer.hikari.HikariDataSource]: HikariPool-1 - Start completed.
2023-10-05 23:50:54 INFO [com.example.yin.YinMusicApplication]: Starting YinMusicApplication using Java 1.8.0_171 on DESKTOP-3LBGVVL with PID 5740 (E:\0\music-website-master\music-server\target\classes started by wangbuer in E:\0\music-website-master\music-server)
2023-10-05 23:50:54 INFO [com.example.yin.YinMusicApplication]: No active profile set, falling back to default profiles: default
2023-10-05 23:50:54 INFO [org.springframework.boot.devtools.env.DevToolsPropertyDefaultsPostProcessor]: Devtools property defaults active! Set 'spring.devtools.add-properties' to 'false' to disable
2023-10-05 23:50:54 INFO [org.springframework.boot.devtools.env.DevToolsPropertyDefaultsPostProcessor]: For additional web related logging consider setting the 'logging.level.web' property to 'DEBUG'
2023-10-05 23:50:56 INFO [org.springframework.boot.web.embedded.tomcat.TomcatWebServer]: Tomcat initialized with port(s): 8888 (http)
2023-10-05 23:50:56 INFO [org.springframework.boot.web.servlet.context.ServletWebServerApplicationContext]: Root WebApplicationContext: initialization completed in 1740 ms
2023-10-05 23:50:56 INFO [org.springframework.boot.devtools.autoconfigure.OptionalLiveReloadServer]: LiveReload server is running on port 35729
2023-10-05 23:50:56 INFO [org.springframework.boot.web.embedded.tomcat.TomcatWebServer]: Tomcat started on port(s): 8888 (http) with context path ''
2023-10-05 23:50:56 INFO [com.example.yin.YinMusicApplication]: Started YinMusicApplication in 2.477 seconds (JVM running for 4.079)
2023-10-05 23:51:06 INFO [org.springframework.web.servlet.DispatcherServlet]: Initializing Servlet 'dispatcherServlet'
2023-10-05 23:51:06 INFO [org.springframework.web.servlet.DispatcherServlet]: Completed initialization in 0 ms
2023-10-05 23:51:06 INFO [com.zaxxer.hikari.HikariDataSource]: HikariPool-1 - Starting...
2023-10-05 23:51:07 INFO [com.zaxxer.hikari.HikariDataSource]: HikariPool-1 - Start completed.
2023-10-05 23:59:35 INFO [com.zaxxer.hikari.HikariDataSource]: HikariPool-1 - Shutdown initiated...
2023-10-05 23:59:35 INFO [com.zaxxer.hikari.HikariDataSource]: HikariPool-1 - Shutdown completed.
2023-10-05 23:59:35 INFO [org.springframework.boot.devtools.env.DevToolsPropertyDefaultsPostProcessor]: Devtools property defaults active! Set 'spring.devtools.add-properties' to 'false' to disable
2023-10-05 23:59:35 INFO [org.springframework.boot.devtools.env.DevToolsPropertyDefaultsPostProcessor]: For additional web related logging consider setting the 'logging.level.web' property to 'DEBUG'
2023-10-05 23:59:35 INFO [com.example.yin.YinMusicApplication]: Starting YinMusicApplication using Java 1.8.0_171 on DESKTOP-3LBGVVL with PID 5740 (E:\0\music-website-master\music-server\target\classes started by wangbuer in E:\0\music-website-master\music-server)
2023-10-05 23:59:35 INFO [com.example.yin.YinMusicApplication]: No active profile set, falling back to default profiles: default
2023-10-05 23:59:36 INFO [org.springframework.boot.web.embedded.tomcat.TomcatWebServer]: Tomcat initialized with port(s): 8888 (http)
2023-10-05 23:59:36 INFO [org.springframework.boot.web.servlet.context.ServletWebServerApplicationContext]: Root WebApplicationContext: initialization completed in 566 ms
2023-10-05 23:59:36 INFO [org.springframework.boot.devtools.autoconfigure.OptionalLiveReloadServer]: LiveReload server is running on port 35729
2023-10-05 23:59:36 INFO [org.springframework.boot.web.embedded.tomcat.TomcatWebServer]: Tomcat started on port(s): 8888 (http) with context path ''
2023-10-05 23:59:36 INFO [com.example.yin.YinMusicApplication]: Started YinMusicApplication in 0.683 seconds (JVM running for 523.431)
2023-10-05 23:59:36 INFO [org.springframework.boot.devtools.autoconfigure.ConditionEvaluationDeltaLoggingListener]: Condition evaluation unchanged
2023-10-05 23:59:39 INFO [com.example.yin.YinMusicApplication]: Starting YinMusicApplication using Java 1.8.0_171 on DESKTOP-3LBGVVL with PID 16804 (E:\0\music-website-master\music-server\target\classes started by wangbuer in E:\0\music-website-master\music-server)
2023-10-05 23:59:39 INFO [com.example.yin.YinMusicApplication]: No active profile set, falling back to default profiles: default
2023-10-05 23:59:39 INFO [org.springframework.boot.devtools.env.DevToolsPropertyDefaultsPostProcessor]: Devtools property defaults active! Set 'spring.devtools.add-properties' to 'false' to disable
2023-10-05 23:59:39 INFO [org.springframework.boot.devtools.env.DevToolsPropertyDefaultsPostProcessor]: For additional web related logging consider setting the 'logging.level.web' property to 'DEBUG'
2023-10-05 23:59:40 INFO [org.springframework.boot.web.embedded.tomcat.TomcatWebServer]: Tomcat initialized with port(s): 8888 (http)
2023-10-05 23:59:40 INFO [org.springframework.boot.web.servlet.context.ServletWebServerApplicationContext]: Root WebApplicationContext: initialization completed in 1095 ms
2023-10-05 23:59:40 INFO [org.springframework.boot.devtools.autoconfigure.OptionalLiveReloadServer]: LiveReload server is running on port 35729
2023-10-05 23:59:41 INFO [org.springframework.boot.web.embedded.tomcat.TomcatWebServer]: Tomcat started on port(s): 8888 (http) with context path ''
2023-10-05 23:59:41 INFO [com.example.yin.YinMusicApplication]: Started YinMusicApplication in 1.844 seconds (JVM running for 2.737)
2023-10-05 23:59:59 INFO [org.springframework.boot.devtools.env.DevToolsPropertyDefaultsPostProcessor]: Devtools property defaults active! Set 'spring.devtools.add-properties' to 'false' to disable
2023-10-05 23:59:59 INFO [org.springframework.boot.devtools.env.DevToolsPropertyDefaultsPostProcessor]: For additional web related logging consider setting the 'logging.level.web' property to 'DEBUG'
2023-10-05 23:59:59 INFO [com.example.yin.YinMusicApplication]: Starting YinMusicApplication using Java 1.8.0_171 on DESKTOP-3LBGVVL with PID 16804 (E:\0\music-website-master\music-server\target\classes started by wangbuer in E:\0\music-website-master\music-server)
2023-10-05 23:59:59 INFO [com.example.yin.YinMusicApplication]: No active profile set, falling back to default profiles: default
2023-10-05 23:59:59 INFO [org.springframework.boot.web.embedded.tomcat.TomcatWebServer]: Tomcat initialized with port(s): 8888 (http)
2023-10-05 23:59:59 INFO [org.springframework.boot.web.servlet.context.ServletWebServerApplicationContext]: Root WebApplicationContext: initialization completed in 404 ms
2023-10-05 23:59:59 INFO [org.springframework.boot.devtools.autoconfigure.OptionalLiveReloadServer]: LiveReload server is running on port 35729
2023-10-05 23:59:59 INFO [org.springframework.boot.web.embedded.tomcat.TomcatWebServer]: Tomcat started on port(s): 8888 (http) with context path ''
2023-10-05 23:59:59 INFO [com.example.yin.YinMusicApplication]: Started YinMusicApplication in 0.591 seconds (JVM running for 21.373)
2023-10-05 23:59:59 INFO [org.springframework.boot.devtools.autoconfigure.ConditionEvaluationDeltaLoggingListener]: Condition evaluation unchanged
2023-10-05 23:59:59 INFO [org.springframework.web.servlet.DispatcherServlet]: Initializing Servlet 'dispatcherServlet'
2023-10-05 23:59:59 INFO [org.springframework.web.servlet.DispatcherServlet]: Completed initialization in 1 ms
2023-10-05 23:59:59 INFO [com.zaxxer.hikari.HikariDataSource]: HikariPool-1 - Starting...
