2023-12-14 12:56:54 INFO [com.example.yin.YinMusicApplication]: Starting YinMusicApplication using Java 1.8.0_381 on WIN-O9P19047KVL with PID 3896 (G:\音乐3\源码\music-server\target\classes started by Administrator in G:\音乐3\源码\music-server)
2023-12-14 12:56:54 INFO [com.example.yin.YinMusicApplication]: No active profile set, falling back to default profiles: default
2023-12-14 12:56:54 INFO [org.springframework.boot.devtools.env.DevToolsPropertyDefaultsPostProcessor]: Devtools property defaults active! Set 'spring.devtools.add-properties' to 'false' to disable
2023-12-14 12:56:54 INFO [org.springframework.boot.devtools.env.DevToolsPropertyDefaultsPostProcessor]: For additional web related logging consider setting the 'logging.level.web' property to 'DEBUG'
2023-12-14 12:56:56 INFO [org.springframework.boot.web.embedded.tomcat.TomcatWebServer]: Tomcat initialized with port(s): 8888 (http)
2023-12-14 12:56:56 INFO [org.springframework.boot.web.servlet.context.ServletWebServerApplicationContext]: Root WebApplicationContext: initialization completed in 1898 ms
2023-12-14 12:56:56 INFO [org.springframework.boot.devtools.autoconfigure.OptionalLiveReloadServer]: LiveReload server is running on port 35729
2023-12-14 12:56:56 INFO [org.springframework.boot.web.embedded.tomcat.TomcatWebServer]: Tomcat started on port(s): 8888 (http) with context path ''
2023-12-14 12:56:56 INFO [com.example.yin.YinMusicApplication]: Started YinMusicApplication in 2.57 seconds (JVM running for 3.641)
2023-12-14 12:57:18 INFO [org.springframework.web.servlet.DispatcherServlet]: Initializing Servlet 'dispatcherServlet'
2023-12-14 12:57:18 INFO [org.springframework.web.servlet.DispatcherServlet]: Completed initialization in 1 ms
2023-12-14 12:57:18 INFO [com.zaxxer.hikari.HikariDataSource]: HikariPool-1 - Starting...
2023-12-14 12:57:18 INFO [com.zaxxer.hikari.HikariDataSource]: HikariPool-1 - Start completed.
2023-12-14 13:50:42 WARN [com.zaxxer.hikari.pool.PoolBase]: HikariPool-1 - Failed to validate connection com.mysql.cj.jdbc.ConnectionImpl@52722596 (No operations allowed after connection closed.). Possibly consider using a shorter maxLifetime value.
2023-12-14 13:50:42 WARN [com.zaxxer.hikari.pool.PoolBase]: HikariPool-1 - Failed to validate connection com.mysql.cj.jdbc.ConnectionImpl@4c3e2d04 (No operations allowed after connection closed.). Possibly consider using a shorter maxLifetime value.
2023-12-14 13:50:42 WARN [com.zaxxer.hikari.pool.PoolBase]: HikariPool-1 - Failed to validate connection com.mysql.cj.jdbc.ConnectionImpl@18c3d9c3 (No operations allowed after connection closed.). Possibly consider using a shorter maxLifetime value.
2023-12-14 13:50:42 WARN [com.zaxxer.hikari.pool.PoolBase]: HikariPool-1 - Failed to validate connection com.mysql.cj.jdbc.ConnectionImpl@fda2d96 (No operations allowed after connection closed.). Possibly consider using a shorter maxLifetime value.
2023-12-14 13:50:42 WARN [com.zaxxer.hikari.pool.PoolBase]: HikariPool-1 - Failed to validate connection com.mysql.cj.jdbc.ConnectionImpl@1d4cf880 (No operations allowed after connection closed.). Possibly consider using a shorter maxLifetime value.
2023-12-14 13:50:42 WARN [com.zaxxer.hikari.pool.PoolBase]: HikariPool-1 - Failed to validate connection com.mysql.cj.jdbc.ConnectionImpl@455d4f9c (No operations allowed after connection closed.). Possibly consider using a shorter maxLifetime value.
2023-12-14 13:50:42 WARN [com.zaxxer.hikari.pool.PoolBase]: HikariPool-1 - Failed to validate connection com.mysql.cj.jdbc.ConnectionImpl@1b356c3c (No operations allowed after connection closed.). Possibly consider using a shorter maxLifetime value.
2023-12-14 13:50:42 WARN [com.zaxxer.hikari.pool.PoolBase]: HikariPool-1 - Failed to validate connection com.mysql.cj.jdbc.ConnectionImpl@61c70f22 (No operations allowed after connection closed.). Possibly consider using a shorter maxLifetime value.
2023-12-14 13:50:42 WARN [com.zaxxer.hikari.pool.PoolBase]: HikariPool-1 - Failed to validate connection com.mysql.cj.jdbc.ConnectionImpl@7abe214 (No operations allowed after connection closed.). Possibly consider using a shorter maxLifetime value.
2023-12-14 13:50:42 WARN [com.zaxxer.hikari.pool.PoolBase]: HikariPool-1 - Failed to validate connection com.mysql.cj.jdbc.ConnectionImpl@28256cd2 (No operations allowed after connection closed.). Possibly consider using a shorter maxLifetime value.
2023-12-14 13:59:05 WARN [com.zaxxer.hikari.pool.PoolBase]: HikariPool-1 - Failed to validate connection com.mysql.cj.jdbc.ConnectionImpl@1a055e37 (No operations allowed after connection closed.). Possibly consider using a shorter maxLifetime value.
2023-12-14 13:59:05 WARN [com.zaxxer.hikari.pool.PoolBase]: HikariPool-1 - Failed to validate connection com.mysql.cj.jdbc.ConnectionImpl@66276b61 (No operations allowed after connection closed.). Possibly consider using a shorter maxLifetime value.
2023-12-14 13:59:05 WARN [com.zaxxer.hikari.pool.PoolBase]: HikariPool-1 - Failed to validate connection com.mysql.cj.jdbc.ConnectionImpl@7e17a0a3 (No operations allowed after connection closed.). Possibly consider using a shorter maxLifetime value.
2023-12-14 13:59:05 WARN [com.zaxxer.hikari.pool.PoolBase]: HikariPool-1 - Failed to validate connection com.mysql.cj.jdbc.ConnectionImpl@6a29d015 (No operations allowed after connection closed.). Possibly consider using a shorter maxLifetime value.
2023-12-14 13:59:05 WARN [com.zaxxer.hikari.pool.PoolBase]: HikariPool-1 - Failed to validate connection com.mysql.cj.jdbc.ConnectionImpl@48f591aa (No operations allowed after connection closed.). Possibly consider using a shorter maxLifetime value.
2023-12-14 13:59:05 WARN [com.zaxxer.hikari.pool.PoolBase]: HikariPool-1 - Failed to validate connection com.mysql.cj.jdbc.ConnectionImpl@7a5009c6 (No operations allowed after connection closed.). Possibly consider using a shorter maxLifetime value.
2023-12-14 13:59:05 WARN [com.zaxxer.hikari.pool.PoolBase]: HikariPool-1 - Failed to validate connection com.mysql.cj.jdbc.ConnectionImpl@78b18a65 (No operations allowed after connection closed.). Possibly consider using a shorter maxLifetime value.
2023-12-14 13:59:05 WARN [com.zaxxer.hikari.pool.PoolBase]: HikariPool-1 - Failed to validate connection com.mysql.cj.jdbc.ConnectionImpl@3fc8f91c (No operations allowed after connection closed.). Possibly consider using a shorter maxLifetime value.
2023-12-14 13:59:05 WARN [com.zaxxer.hikari.pool.PoolBase]: HikariPool-1 - Failed to validate connection com.mysql.cj.jdbc.ConnectionImpl@23046d65 (No operations allowed after connection closed.). Possibly consider using a shorter maxLifetime value.
2023-12-14 13:59:05 WARN [com.zaxxer.hikari.pool.PoolBase]: HikariPool-1 - Failed to validate connection com.mysql.cj.jdbc.ConnectionImpl@6269f1e7 (No operations allowed after connection closed.). Possibly consider using a shorter maxLifetime value.
2023-12-14 14:05:55 WARN [com.zaxxer.hikari.pool.PoolBase]: HikariPool-1 - Failed to validate connection com.mysql.cj.jdbc.ConnectionImpl@51123b6b (No operations allowed after connection closed.). Possibly consider using a shorter maxLifetime value.
2023-12-14 14:05:55 WARN [com.zaxxer.hikari.pool.PoolBase]: HikariPool-1 - Failed to validate connection com.mysql.cj.jdbc.ConnectionImpl@74d7ec36 (No operations allowed after connection closed.). Possibly consider using a shorter maxLifetime value.
2023-12-14 14:05:55 WARN [com.zaxxer.hikari.pool.PoolBase]: HikariPool-1 - Failed to validate connection com.mysql.cj.jdbc.ConnectionImpl@1d735f3c (No operations allowed after connection closed.). Possibly consider using a shorter maxLifetime value.
2023-12-14 14:05:55 WARN [com.zaxxer.hikari.pool.PoolBase]: HikariPool-1 - Failed to validate connection com.mysql.cj.jdbc.ConnectionImpl@2751f86b (No operations allowed after connection closed.). Possibly consider using a shorter maxLifetime value.
2023-12-14 14:05:55 WARN [com.zaxxer.hikari.pool.PoolBase]: HikariPool-1 - Failed to validate connection com.mysql.cj.jdbc.ConnectionImpl@25ce5c91 (No operations allowed after connection closed.). Possibly consider using a shorter maxLifetime value.
2023-12-14 14:05:55 WARN [com.zaxxer.hikari.pool.PoolBase]: HikariPool-1 - Failed to validate connection com.mysql.cj.jdbc.ConnectionImpl@4569b802 (No operations allowed after connection closed.). Possibly consider using a shorter maxLifetime value.
2023-12-14 14:05:55 WARN [com.zaxxer.hikari.pool.PoolBase]: HikariPool-1 - Failed to validate connection com.mysql.cj.jdbc.ConnectionImpl@6547f220 (No operations allowed after connection closed.). Possibly consider using a shorter maxLifetime value.
2023-12-14 14:05:55 WARN [com.zaxxer.hikari.pool.PoolBase]: HikariPool-1 - Failed to validate connection com.mysql.cj.jdbc.ConnectionImpl@5f05f2f3 (No operations allowed after connection closed.). Possibly consider using a shorter maxLifetime value.
2023-12-14 14:05:55 WARN [com.zaxxer.hikari.pool.PoolBase]: HikariPool-1 - Failed to validate connection com.mysql.cj.jdbc.ConnectionImpl@743f5062 (No operations allowed after connection closed.). Possibly consider using a shorter maxLifetime value.
2023-12-14 14:05:55 WARN [com.zaxxer.hikari.pool.PoolBase]: HikariPool-1 - Failed to validate connection com.mysql.cj.jdbc.ConnectionImpl@14f81379 (No operations allowed after connection closed.). Possibly consider using a shorter maxLifetime value.
2023-12-14 14:19:51 WARN [com.zaxxer.hikari.pool.PoolBase]: HikariPool-1 - Failed to validate connection com.mysql.cj.jdbc.ConnectionImpl@31a21f2b (No operations allowed after connection closed.). Possibly consider using a shorter maxLifetime value.
2023-12-14 14:19:51 WARN [com.zaxxer.hikari.pool.PoolBase]: HikariPool-1 - Failed to validate connection com.mysql.cj.jdbc.ConnectionImpl@307923eb (No operations allowed after connection closed.). Possibly consider using a shorter maxLifetime value.
2023-12-14 14:19:51 WARN [com.zaxxer.hikari.pool.PoolBase]: HikariPool-1 - Failed to validate connection com.mysql.cj.jdbc.ConnectionImpl@55cb136e (No operations allowed after connection closed.). Possibly consider using a shorter maxLifetime value.
2023-12-14 14:19:51 WARN [com.zaxxer.hikari.pool.PoolBase]: HikariPool-1 - Failed to validate connection com.mysql.cj.jdbc.ConnectionImpl@743105bb (No operations allowed after connection closed.). Possibly consider using a shorter maxLifetime value.
2023-12-14 14:19:51 WARN [com.zaxxer.hikari.pool.PoolBase]: HikariPool-1 - Failed to validate connection com.mysql.cj.jdbc.ConnectionImpl@1a087b37 (No operations allowed after connection closed.). Possibly consider using a shorter maxLifetime value.
2023-12-14 14:19:51 WARN [com.zaxxer.hikari.pool.PoolBase]: HikariPool-1 - Failed to validate connection com.mysql.cj.jdbc.ConnectionImpl@639765e6 (No operations allowed after connection closed.). Possibly consider using a shorter maxLifetime value.
2023-12-14 14:19:51 WARN [com.zaxxer.hikari.pool.PoolBase]: HikariPool-1 - Failed to validate connection com.mysql.cj.jdbc.ConnectionImpl@6eca4a99 (No operations allowed after connection closed.). Possibly consider using a shorter maxLifetime value.
2023-12-14 14:19:51 WARN [com.zaxxer.hikari.pool.PoolBase]: HikariPool-1 - Failed to validate connection com.mysql.cj.jdbc.ConnectionImpl@12aa9626 (No operations allowed after connection closed.). Possibly consider using a shorter maxLifetime value.
2023-12-14 14:19:51 WARN [com.zaxxer.hikari.pool.PoolBase]: HikariPool-1 - Failed to validate connection com.mysql.cj.jdbc.ConnectionImpl@4b229687 (No operations allowed after connection closed.). Possibly consider using a shorter maxLifetime value.
2023-12-14 14:19:51 WARN [com.zaxxer.hikari.pool.PoolBase]: HikariPool-1 - Failed to validate connection com.mysql.cj.jdbc.ConnectionImpl@13c26250 (No operations allowed after connection closed.). Possibly consider using a shorter maxLifetime value.
2023-12-14 14:24:41 WARN [com.zaxxer.hikari.pool.PoolBase]: HikariPool-1 - Failed to validate connection com.mysql.cj.jdbc.ConnectionImpl@c2a9e80 (No operations allowed after connection closed.). Possibly consider using a shorter maxLifetime value.
2023-12-14 14:24:41 WARN [com.zaxxer.hikari.pool.PoolBase]: HikariPool-1 - Failed to validate connection com.mysql.cj.jdbc.ConnectionImpl@706370ef (No operations allowed after connection closed.). Possibly consider using a shorter maxLifetime value.
2023-12-14 14:24:41 WARN [com.zaxxer.hikari.pool.PoolBase]: HikariPool-1 - Failed to validate connection com.mysql.cj.jdbc.ConnectionImpl@3dfcef2d (No operations allowed after connection closed.). Possibly consider using a shorter maxLifetime value.
2023-12-14 14:24:41 WARN [com.zaxxer.hikari.pool.PoolBase]: HikariPool-1 - Failed to validate connection com.mysql.cj.jdbc.ConnectionImpl@657aa88c (No operations allowed after connection closed.). Possibly consider using a shorter maxLifetime value.
2023-12-14 14:24:41 WARN [com.zaxxer.hikari.pool.PoolBase]: HikariPool-1 - Failed to validate connection com.mysql.cj.jdbc.ConnectionImpl@37afe397 (No operations allowed after connection closed.). Possibly consider using a shorter maxLifetime value.
2023-12-14 14:24:41 WARN [com.zaxxer.hikari.pool.PoolBase]: HikariPool-1 - Failed to validate connection com.mysql.cj.jdbc.ConnectionImpl@5c201985 (No operations allowed after connection closed.). Possibly consider using a shorter maxLifetime value.
2023-12-14 14:24:41 WARN [com.zaxxer.hikari.pool.PoolBase]: HikariPool-1 - Failed to validate connection com.mysql.cj.jdbc.ConnectionImpl@67f00ab (No operations allowed after connection closed.). Possibly consider using a shorter maxLifetime value.
2023-12-14 14:24:41 WARN [com.zaxxer.hikari.pool.PoolBase]: HikariPool-1 - Failed to validate connection com.mysql.cj.jdbc.ConnectionImpl@36f1f620 (No operations allowed after connection closed.). Possibly consider using a shorter maxLifetime value.
2023-12-14 14:24:41 WARN [com.zaxxer.hikari.pool.PoolBase]: HikariPool-1 - Failed to validate connection com.mysql.cj.jdbc.ConnectionImpl@7e8a0832 (No operations allowed after connection closed.). Possibly consider using a shorter maxLifetime value.
2023-12-14 14:24:41 WARN [com.zaxxer.hikari.pool.PoolBase]: HikariPool-1 - Failed to validate connection com.mysql.cj.jdbc.ConnectionImpl@22bada57 (No operations allowed after connection closed.). Possibly consider using a shorter maxLifetime value.
2023-12-14 14:30:21 WARN [com.zaxxer.hikari.pool.PoolBase]: HikariPool-1 - Failed to validate connection com.mysql.cj.jdbc.ConnectionImpl@646547d7 (No operations allowed after connection closed.). Possibly consider using a shorter maxLifetime value.
2023-12-14 14:30:21 WARN [com.zaxxer.hikari.pool.PoolBase]: HikariPool-1 - Failed to validate connection com.mysql.cj.jdbc.ConnectionImpl@6da658df (No operations allowed after connection closed.). Possibly consider using a shorter maxLifetime value.
2023-12-14 14:30:21 WARN [com.zaxxer.hikari.pool.PoolBase]: HikariPool-1 - Failed to validate connection com.mysql.cj.jdbc.ConnectionImpl@3ceb03ba (No operations allowed after connection closed.). Possibly consider using a shorter maxLifetime value.
2023-12-14 14:30:21 WARN [com.zaxxer.hikari.pool.PoolBase]: HikariPool-1 - Failed to validate connection com.mysql.cj.jdbc.ConnectionImpl@72feb00f (No operations allowed after connection closed.). Possibly consider using a shorter maxLifetime value.
2023-12-14 14:30:21 WARN [com.zaxxer.hikari.pool.PoolBase]: HikariPool-1 - Failed to validate connection com.mysql.cj.jdbc.ConnectionImpl@595b9779 (No operations allowed after connection closed.). Possibly consider using a shorter maxLifetime value.
2023-12-14 14:30:21 WARN [com.zaxxer.hikari.pool.PoolBase]: HikariPool-1 - Failed to validate connection com.mysql.cj.jdbc.ConnectionImpl@6e44c2d (No operations allowed after connection closed.). Possibly consider using a shorter maxLifetime value.
2023-12-14 14:30:21 WARN [com.zaxxer.hikari.pool.PoolBase]: HikariPool-1 - Failed to validate connection com.mysql.cj.jdbc.ConnectionImpl@62f66998 (No operations allowed after connection closed.). Possibly consider using a shorter maxLifetime value.
2023-12-14 14:30:21 WARN [com.zaxxer.hikari.pool.PoolBase]: HikariPool-1 - Failed to validate connection com.mysql.cj.jdbc.ConnectionImpl@658fc301 (No operations allowed after connection closed.). Possibly consider using a shorter maxLifetime value.
2023-12-14 14:30:21 WARN [com.zaxxer.hikari.pool.PoolBase]: HikariPool-1 - Failed to validate connection com.mysql.cj.jdbc.ConnectionImpl@606a6096 (No operations allowed after connection closed.). Possibly consider using a shorter maxLifetime value.
2023-12-14 14:30:21 WARN [com.zaxxer.hikari.pool.PoolBase]: HikariPool-1 - Failed to validate connection com.mysql.cj.jdbc.ConnectionImpl@44cbdd92 (No operations allowed after connection closed.). Possibly consider using a shorter maxLifetime value.
2023-12-14 14:33:31 WARN [com.zaxxer.hikari.pool.PoolBase]: HikariPool-1 - Failed to validate connection com.mysql.cj.jdbc.ConnectionImpl@e2c9854 (No operations allowed after connection closed.). Possibly consider using a shorter maxLifetime value.
2023-12-14 14:33:31 WARN [com.zaxxer.hikari.pool.PoolBase]: HikariPool-1 - Failed to validate connection com.mysql.cj.jdbc.ConnectionImpl@274c5ab6 (No operations allowed after connection closed.). Possibly consider using a shorter maxLifetime value.
2023-12-14 14:33:31 WARN [com.zaxxer.hikari.pool.PoolBase]: HikariPool-1 - Failed to validate connection com.mysql.cj.jdbc.ConnectionImpl@344ec963 (No operations allowed after connection closed.). Possibly consider using a shorter maxLifetime value.
2023-12-14 14:33:31 WARN [com.zaxxer.hikari.pool.PoolBase]: HikariPool-1 - Failed to validate connection com.mysql.cj.jdbc.ConnectionImpl@5eca0986 (No operations allowed after connection closed.). Possibly consider using a shorter maxLifetime value.
2023-12-14 14:33:31 WARN [com.zaxxer.hikari.pool.PoolBase]: HikariPool-1 - Failed to validate connection com.mysql.cj.jdbc.ConnectionImpl@6a314217 (No operations allowed after connection closed.). Possibly consider using a shorter maxLifetime value.
2023-12-14 14:33:31 WARN [com.zaxxer.hikari.pool.PoolBase]: HikariPool-1 - Failed to validate connection com.mysql.cj.jdbc.ConnectionImpl@2fed2c0d (No operations allowed after connection closed.). Possibly consider using a shorter maxLifetime value.
2023-12-14 14:33:31 WARN [com.zaxxer.hikari.pool.PoolBase]: HikariPool-1 - Failed to validate connection com.mysql.cj.jdbc.ConnectionImpl@6d2aed42 (No operations allowed after connection closed.). Possibly consider using a shorter maxLifetime value.
2023-12-14 14:33:31 WARN [com.zaxxer.hikari.pool.PoolBase]: HikariPool-1 - Failed to validate connection com.mysql.cj.jdbc.ConnectionImpl@63225f58 (No operations allowed after connection closed.). Possibly consider using a shorter maxLifetime value.
2023-12-14 14:33:31 WARN [com.zaxxer.hikari.pool.PoolBase]: HikariPool-1 - Failed to validate connection com.mysql.cj.jdbc.ConnectionImpl@36398d1 (No operations allowed after connection closed.). Possibly consider using a shorter maxLifetime value.
2023-12-14 14:33:31 WARN [com.zaxxer.hikari.pool.PoolBase]: HikariPool-1 - Failed to validate connection com.mysql.cj.jdbc.ConnectionImpl@452841f4 (No operations allowed after connection closed.). Possibly consider using a shorter maxLifetime value.
2023-12-14 14:53:23 WARN [com.zaxxer.hikari.pool.PoolBase]: HikariPool-1 - Failed to validate connection com.mysql.cj.jdbc.ConnectionImpl@32dd5049 (No operations allowed after connection closed.). Possibly consider using a shorter maxLifetime value.
2023-12-14 14:53:23 WARN [com.zaxxer.hikari.pool.PoolBase]: HikariPool-1 - Failed to validate connection com.mysql.cj.jdbc.ConnectionImpl@5b30e7e5 (No operations allowed after connection closed.). Possibly consider using a shorter maxLifetime value.
2023-12-14 14:55:32 WARN [com.zaxxer.hikari.pool.PoolBase]: HikariPool-1 - Failed to validate connection com.mysql.cj.jdbc.ConnectionImpl@17798e6f (No operations allowed after connection closed.). Possibly consider using a shorter maxLifetime value.
2023-12-14 14:55:32 WARN [com.zaxxer.hikari.pool.PoolBase]: HikariPool-1 - Failed to validate connection com.mysql.cj.jdbc.ConnectionImpl@4c81c185 (No operations allowed after connection closed.). Possibly consider using a shorter maxLifetime value.
2023-12-14 14:55:32 WARN [com.zaxxer.hikari.pool.PoolBase]: HikariPool-1 - Failed to validate connection com.mysql.cj.jdbc.ConnectionImpl@5174096f (No operations allowed after connection closed.). Possibly consider using a shorter maxLifetime value.
2023-12-14 14:55:32 WARN [com.zaxxer.hikari.pool.PoolBase]: HikariPool-1 - Failed to validate connection com.mysql.cj.jdbc.ConnectionImpl@a25efd8 (No operations allowed after connection closed.). Possibly consider using a shorter maxLifetime value.
2023-12-14 14:55:32 WARN [com.zaxxer.hikari.pool.PoolBase]: HikariPool-1 - Failed to validate connection com.mysql.cj.jdbc.ConnectionImpl@2abc2e0d (No operations allowed after connection closed.). Possibly consider using a shorter maxLifetime value.
2023-12-14 14:55:32 WARN [com.zaxxer.hikari.pool.PoolBase]: HikariPool-1 - Failed to validate connection com.mysql.cj.jdbc.ConnectionImpl@68735f36 (No operations allowed after connection closed.). Possibly consider using a shorter maxLifetime value.
2023-12-14 14:55:32 WARN [com.zaxxer.hikari.pool.PoolBase]: HikariPool-1 - Failed to validate connection com.mysql.cj.jdbc.ConnectionImpl@193d0c26 (No operations allowed after connection closed.). Possibly consider using a shorter maxLifetime value.
2023-12-14 14:55:32 WARN [com.zaxxer.hikari.pool.PoolBase]: HikariPool-1 - Failed to validate connection com.mysql.cj.jdbc.ConnectionImpl@3cc36bf6 (No operations allowed after connection closed.). Possibly consider using a shorter maxLifetime value.
2023-12-14 14:55:32 WARN [com.zaxxer.hikari.pool.PoolBase]: HikariPool-1 - Failed to validate connection com.mysql.cj.jdbc.ConnectionImpl@7744e625 (No operations allowed after connection closed.). Possibly consider using a shorter maxLifetime value.
2023-12-14 14:55:32 WARN [com.zaxxer.hikari.pool.PoolBase]: HikariPool-1 - Failed to validate connection com.mysql.cj.jdbc.ConnectionImpl@5bc8d14 (No operations allowed after connection closed.). Possibly consider using a shorter maxLifetime value.
2023-12-14 15:01:42 WARN [com.zaxxer.hikari.pool.PoolBase]: HikariPool-1 - Failed to validate connection com.mysql.cj.jdbc.ConnectionImpl@392a1317 (No operations allowed after connection closed.). Possibly consider using a shorter maxLifetime value.
2023-12-14 15:01:42 WARN [com.zaxxer.hikari.pool.PoolBase]: HikariPool-1 - Failed to validate connection com.mysql.cj.jdbc.ConnectionImpl@245b3bd1 (No operations allowed after connection closed.). Possibly consider using a shorter maxLifetime value.
2023-12-14 15:01:42 WARN [com.zaxxer.hikari.pool.PoolBase]: HikariPool-1 - Failed to validate connection com.mysql.cj.jdbc.ConnectionImpl@5682553d (No operations allowed after connection closed.). Possibly consider using a shorter maxLifetime value.
2023-12-14 15:01:42 WARN [com.zaxxer.hikari.pool.PoolBase]: HikariPool-1 - Failed to validate connection com.mysql.cj.jdbc.ConnectionImpl@31d79004 (No operations allowed after connection closed.). Possibly consider using a shorter maxLifetime value.
2023-12-14 15:01:42 WARN [com.zaxxer.hikari.pool.PoolBase]: HikariPool-1 - Failed to validate connection com.mysql.cj.jdbc.ConnectionImpl@6de3d2c6 (No operations allowed after connection closed.). Possibly consider using a shorter maxLifetime value.
2023-12-14 15:01:42 WARN [com.zaxxer.hikari.pool.PoolBase]: HikariPool-1 - Failed to validate connection com.mysql.cj.jdbc.ConnectionImpl@4c787fdf (No operations allowed after connection closed.). Possibly consider using a shorter maxLifetime value.
2023-12-14 15:01:42 WARN [com.zaxxer.hikari.pool.PoolBase]: HikariPool-1 - Failed to validate connection com.mysql.cj.jdbc.ConnectionImpl@4b8c6c6 (No operations allowed after connection closed.). Possibly consider using a shorter maxLifetime value.
2023-12-14 15:01:42 WARN [com.zaxxer.hikari.pool.PoolBase]: HikariPool-1 - Failed to validate connection com.mysql.cj.jdbc.ConnectionImpl@48e4e5c (No operations allowed after connection closed.). Possibly consider using a shorter maxLifetime value.
2023-12-14 15:01:42 WARN [com.zaxxer.hikari.pool.PoolBase]: HikariPool-1 - Failed to validate connection com.mysql.cj.jdbc.ConnectionImpl@64719684 (No operations allowed after connection closed.). Possibly consider using a shorter maxLifetime value.
2023-12-14 15:01:42 WARN [com.zaxxer.hikari.pool.PoolBase]: HikariPool-1 - Failed to validate connection com.mysql.cj.jdbc.ConnectionImpl@79f678af (No operations allowed after connection closed.). Possibly consider using a shorter maxLifetime value.
2023-12-14 15:07:31 WARN [com.zaxxer.hikari.pool.PoolBase]: HikariPool-1 - Failed to validate connection com.mysql.cj.jdbc.ConnectionImpl@4a510a60 (No operations allowed after connection closed.). Possibly consider using a shorter maxLifetime value.
2023-12-14 15:07:31 WARN [com.zaxxer.hikari.pool.PoolBase]: HikariPool-1 - Failed to validate connection com.mysql.cj.jdbc.ConnectionImpl@532aa406 (No operations allowed after connection closed.). Possibly consider using a shorter maxLifetime value.
2023-12-14 15:07:31 WARN [com.zaxxer.hikari.pool.PoolBase]: HikariPool-1 - Failed to validate connection com.mysql.cj.jdbc.ConnectionImpl@59cf988a (No operations allowed after connection closed.). Possibly consider using a shorter maxLifetime value.
2023-12-14 15:07:31 WARN [com.zaxxer.hikari.pool.PoolBase]: HikariPool-1 - Failed to validate connection com.mysql.cj.jdbc.ConnectionImpl@483d9893 (No operations allowed after connection closed.). Possibly consider using a shorter maxLifetime value.
2023-12-14 15:07:31 WARN [com.zaxxer.hikari.pool.PoolBase]: HikariPool-1 - Failed to validate connection com.mysql.cj.jdbc.ConnectionImpl@607a5828 (No operations allowed after connection closed.). Possibly consider using a shorter maxLifetime value.
2023-12-14 15:07:31 WARN [com.zaxxer.hikari.pool.PoolBase]: HikariPool-1 - Failed to validate connection com.mysql.cj.jdbc.ConnectionImpl@30f1588 (No operations allowed after connection closed.). Possibly consider using a shorter maxLifetime value.
2023-12-14 15:07:31 WARN [com.zaxxer.hikari.pool.PoolBase]: HikariPool-1 - Failed to validate connection com.mysql.cj.jdbc.ConnectionImpl@2a4e49b5 (No operations allowed after connection closed.). Possibly consider using a shorter maxLifetime value.
2023-12-14 15:07:31 WARN [com.zaxxer.hikari.pool.PoolBase]: HikariPool-1 - Failed to validate connection com.mysql.cj.jdbc.ConnectionImpl@2a471097 (No operations allowed after connection closed.). Possibly consider using a shorter maxLifetime value.
2023-12-14 15:07:31 WARN [com.zaxxer.hikari.pool.PoolBase]: HikariPool-1 - Failed to validate connection com.mysql.cj.jdbc.ConnectionImpl@1877b3e7 (No operations allowed after connection closed.). Possibly consider using a shorter maxLifetime value.
2023-12-14 15:07:31 WARN [com.zaxxer.hikari.pool.PoolBase]: HikariPool-1 - Failed to validate connection com.mysql.cj.jdbc.ConnectionImpl@623aecd0 (No operations allowed after connection closed.). Possibly consider using a shorter maxLifetime value.
2023-12-14 15:20:50 WARN [com.zaxxer.hikari.pool.PoolBase]: HikariPool-1 - Failed to validate connection com.mysql.cj.jdbc.ConnectionImpl@1f31b4be (No operations allowed after connection closed.). Possibly consider using a shorter maxLifetime value.
2023-12-14 15:20:50 WARN [com.zaxxer.hikari.pool.PoolBase]: HikariPool-1 - Failed to validate connection com.mysql.cj.jdbc.ConnectionImpl@51807da4 (No operations allowed after connection closed.). Possibly consider using a shorter maxLifetime value.
2023-12-14 15:20:50 WARN [com.zaxxer.hikari.pool.PoolBase]: HikariPool-1 - Failed to validate connection com.mysql.cj.jdbc.ConnectionImpl@210573ee (No operations allowed after connection closed.). Possibly consider using a shorter maxLifetime value.
2023-12-14 15:20:50 WARN [com.zaxxer.hikari.pool.PoolBase]: HikariPool-1 - Failed to validate connection com.mysql.cj.jdbc.ConnectionImpl@3303b734 (No operations allowed after connection closed.). Possibly consider using a shorter maxLifetime value.
2023-12-14 15:20:50 WARN [com.zaxxer.hikari.pool.PoolBase]: HikariPool-1 - Failed to validate connection com.mysql.cj.jdbc.ConnectionImpl@1dc83db8 (No operations allowed after connection closed.). Possibly consider using a shorter maxLifetime value.
2023-12-14 15:20:50 WARN [com.zaxxer.hikari.pool.PoolBase]: HikariPool-1 - Failed to validate connection com.mysql.cj.jdbc.ConnectionImpl@4ff70ef8 (No operations allowed after connection closed.). Possibly consider using a shorter maxLifetime value.
2023-12-14 15:20:50 WARN [com.zaxxer.hikari.pool.PoolBase]: HikariPool-1 - Failed to validate connection com.mysql.cj.jdbc.ConnectionImpl@45e79eeb (No operations allowed after connection closed.). Possibly consider using a shorter maxLifetime value.
2023-12-14 15:20:50 WARN [com.zaxxer.hikari.pool.PoolBase]: HikariPool-1 - Failed to validate connection com.mysql.cj.jdbc.ConnectionImpl@6b732b74 (No operations allowed after connection closed.). Possibly consider using a shorter maxLifetime value.
2023-12-14 15:20:50 WARN [com.zaxxer.hikari.pool.PoolBase]: HikariPool-1 - Failed to validate connection com.mysql.cj.jdbc.ConnectionImpl@370aee5f (No operations allowed after connection closed.). Possibly consider using a shorter maxLifetime value.
2023-12-14 15:20:50 WARN [com.zaxxer.hikari.pool.PoolBase]: HikariPool-1 - Failed to validate connection com.mysql.cj.jdbc.ConnectionImpl@407db688 (No operations allowed after connection closed.). Possibly consider using a shorter maxLifetime value.
