2023-12-27 10:30:22 INFO [com.example.yin.YinMusicApplication]: Starting YinMusicApplication using Java 1.8.0_381 on WIN-O9P19047KVL with PID 16032 (G:\音乐3\源码\music-server\target\classes started by Administrator in G:\音乐3\源码\music-server)
2023-12-27 10:30:22 INFO [com.example.yin.YinMusicApplication]: No active profile set, falling back to default profiles: default
2023-12-27 10:30:22 INFO [org.springframework.boot.devtools.env.DevToolsPropertyDefaultsPostProcessor]: Devtools property defaults active! Set 'spring.devtools.add-properties' to 'false' to disable
2023-12-27 10:30:22 INFO [org.springframework.boot.devtools.env.DevToolsPropertyDefaultsPostProcessor]: For additional web related logging consider setting the 'logging.level.web' property to 'DEBUG'
2023-12-27 10:30:25 INFO [org.springframework.boot.web.embedded.tomcat.TomcatWebServer]: Tomcat initialized with port(s): 8888 (http)
2023-12-27 10:30:26 INFO [org.springframework.boot.web.servlet.context.ServletWebServerApplicationContext]: Root WebApplicationContext: initialization completed in 3205 ms
2023-12-27 10:30:26 INFO [org.springframework.boot.devtools.autoconfigure.OptionalLiveReloadServer]: LiveReload server is running on port 35729
2023-12-27 10:30:26 INFO [org.springframework.boot.web.embedded.tomcat.TomcatWebServer]: Tomcat started on port(s): 8888 (http) with context path ''
2023-12-27 10:30:26 INFO [com.example.yin.YinMusicApplication]: Started YinMusicApplication in 4.688 seconds (JVM running for 10.354)
2023-12-27 10:30:49 INFO [org.springframework.web.servlet.DispatcherServlet]: Initializing Servlet 'dispatcherServlet'
2023-12-27 10:30:49 INFO [org.springframework.web.servlet.DispatcherServlet]: Completed initialization in 0 ms
2023-12-27 10:30:49 INFO [com.zaxxer.hikari.HikariDataSource]: HikariPool-1 - Starting...
2023-12-27 10:30:50 INFO [com.zaxxer.hikari.HikariDataSource]: HikariPool-1 - Start completed.
2023-12-27 10:35:19 WARN [com.zaxxer.hikari.pool.PoolBase]: HikariPool-1 - Failed to validate connection com.mysql.cj.jdbc.ConnectionImpl@b2b36dc (No operations allowed after connection closed.). Possibly consider using a shorter maxLifetime value.
2023-12-27 10:35:19 WARN [com.zaxxer.hikari.pool.PoolBase]: HikariPool-1 - Failed to validate connection com.mysql.cj.jdbc.ConnectionImpl@5d986a1c (No operations allowed after connection closed.). Possibly consider using a shorter maxLifetime value.
2023-12-27 10:35:19 WARN [com.zaxxer.hikari.pool.PoolBase]: HikariPool-1 - Failed to validate connection com.mysql.cj.jdbc.ConnectionImpl@345e74ac (No operations allowed after connection closed.). Possibly consider using a shorter maxLifetime value.
2023-12-27 10:35:19 WARN [com.zaxxer.hikari.pool.PoolBase]: HikariPool-1 - Failed to validate connection com.mysql.cj.jdbc.ConnectionImpl@3543e883 (No operations allowed after connection closed.). Possibly consider using a shorter maxLifetime value.
2023-12-27 10:35:19 WARN [com.zaxxer.hikari.pool.PoolBase]: HikariPool-1 - Failed to validate connection com.mysql.cj.jdbc.ConnectionImpl@69f71c5a (No operations allowed after connection closed.). Possibly consider using a shorter maxLifetime value.
2023-12-27 10:35:19 WARN [com.zaxxer.hikari.pool.PoolBase]: HikariPool-1 - Failed to validate connection com.mysql.cj.jdbc.ConnectionImpl@54ab0188 (No operations allowed after connection closed.). Possibly consider using a shorter maxLifetime value.
2023-12-27 10:35:19 WARN [com.zaxxer.hikari.pool.PoolBase]: HikariPool-1 - Failed to validate connection com.mysql.cj.jdbc.ConnectionImpl@3a4ea4be (No operations allowed after connection closed.). Possibly consider using a shorter maxLifetime value.
2023-12-27 10:35:19 WARN [com.zaxxer.hikari.pool.PoolBase]: HikariPool-1 - Failed to validate connection com.mysql.cj.jdbc.ConnectionImpl@1b53d5c3 (No operations allowed after connection closed.). Possibly consider using a shorter maxLifetime value.
2023-12-27 10:35:19 WARN [com.zaxxer.hikari.pool.PoolBase]: HikariPool-1 - Failed to validate connection com.mysql.cj.jdbc.ConnectionImpl@1a6eef2f (No operations allowed after connection closed.). Possibly consider using a shorter maxLifetime value.
2023-12-27 10:35:19 WARN [com.zaxxer.hikari.pool.PoolBase]: HikariPool-1 - Failed to validate connection com.mysql.cj.jdbc.ConnectionImpl@585843f (No operations allowed after connection closed.). Possibly consider using a shorter maxLifetime value.
2023-12-27 10:38:39 WARN [com.zaxxer.hikari.pool.PoolBase]: HikariPool-1 - Failed to validate connection com.mysql.cj.jdbc.ConnectionImpl@5dfae200 (No operations allowed after connection closed.). Possibly consider using a shorter maxLifetime value.
2023-12-27 10:38:39 WARN [com.zaxxer.hikari.pool.PoolBase]: HikariPool-1 - Failed to validate connection com.mysql.cj.jdbc.ConnectionImpl@6edf50e9 (No operations allowed after connection closed.). Possibly consider using a shorter maxLifetime value.
2023-12-27 10:38:39 WARN [com.zaxxer.hikari.pool.PoolBase]: HikariPool-1 - Failed to validate connection com.mysql.cj.jdbc.ConnectionImpl@33e131a7 (No operations allowed after connection closed.). Possibly consider using a shorter maxLifetime value.
2023-12-27 10:38:39 WARN [com.zaxxer.hikari.pool.PoolBase]: HikariPool-1 - Failed to validate connection com.mysql.cj.jdbc.ConnectionImpl@39012f39 (No operations allowed after connection closed.). Possibly consider using a shorter maxLifetime value.
2023-12-27 10:38:39 WARN [com.zaxxer.hikari.pool.PoolBase]: HikariPool-1 - Failed to validate connection com.mysql.cj.jdbc.ConnectionImpl@728f1b15 (No operations allowed after connection closed.). Possibly consider using a shorter maxLifetime value.
2023-12-27 10:38:39 WARN [com.zaxxer.hikari.pool.PoolBase]: HikariPool-1 - Failed to validate connection com.mysql.cj.jdbc.ConnectionImpl@5c952cd3 (No operations allowed after connection closed.). Possibly consider using a shorter maxLifetime value.
2023-12-27 10:38:39 WARN [com.zaxxer.hikari.pool.PoolBase]: HikariPool-1 - Failed to validate connection com.mysql.cj.jdbc.ConnectionImpl@6c5da89f (No operations allowed after connection closed.). Possibly consider using a shorter maxLifetime value.
2023-12-27 10:38:39 WARN [com.zaxxer.hikari.pool.PoolBase]: HikariPool-1 - Failed to validate connection com.mysql.cj.jdbc.ConnectionImpl@668041b2 (No operations allowed after connection closed.). Possibly consider using a shorter maxLifetime value.
2023-12-27 10:38:39 WARN [com.zaxxer.hikari.pool.PoolBase]: HikariPool-1 - Failed to validate connection com.mysql.cj.jdbc.ConnectionImpl@1a92de3a (No operations allowed after connection closed.). Possibly consider using a shorter maxLifetime value.
2023-12-27 10:38:39 WARN [com.zaxxer.hikari.pool.PoolBase]: HikariPool-1 - Failed to validate connection com.mysql.cj.jdbc.ConnectionImpl@6f148a0f (No operations allowed after connection closed.). Possibly consider using a shorter maxLifetime value.
2023-12-27 10:40:47 WARN [com.zaxxer.hikari.pool.PoolBase]: HikariPool-1 - Failed to validate connection com.mysql.cj.jdbc.ConnectionImpl@4beb94d2 (No operations allowed after connection closed.). Possibly consider using a shorter maxLifetime value.
2023-12-27 10:40:47 WARN [com.zaxxer.hikari.pool.PoolBase]: HikariPool-1 - Failed to validate connection com.mysql.cj.jdbc.ConnectionImpl@7c047748 (No operations allowed after connection closed.). Possibly consider using a shorter maxLifetime value.
2023-12-27 10:40:47 WARN [com.zaxxer.hikari.pool.PoolBase]: HikariPool-1 - Failed to validate connection com.mysql.cj.jdbc.ConnectionImpl@7daf469c (No operations allowed after connection closed.). Possibly consider using a shorter maxLifetime value.
2023-12-27 10:40:47 WARN [com.zaxxer.hikari.pool.PoolBase]: HikariPool-1 - Failed to validate connection com.mysql.cj.jdbc.ConnectionImpl@7c64bf4b (No operations allowed after connection closed.). Possibly consider using a shorter maxLifetime value.
2023-12-27 10:40:48 WARN [com.zaxxer.hikari.pool.PoolBase]: HikariPool-1 - Failed to validate connection com.mysql.cj.jdbc.ConnectionImpl@67aae902 (No operations allowed after connection closed.). Possibly consider using a shorter maxLifetime value.
2023-12-27 10:40:48 WARN [com.zaxxer.hikari.pool.PoolBase]: HikariPool-1 - Failed to validate connection com.mysql.cj.jdbc.ConnectionImpl@5c91fe0a (No operations allowed after connection closed.). Possibly consider using a shorter maxLifetime value.
2023-12-27 10:40:48 WARN [com.zaxxer.hikari.pool.PoolBase]: HikariPool-1 - Failed to validate connection com.mysql.cj.jdbc.ConnectionImpl@7070bc21 (No operations allowed after connection closed.). Possibly consider using a shorter maxLifetime value.
2023-12-27 10:40:48 WARN [com.zaxxer.hikari.pool.PoolBase]: HikariPool-1 - Failed to validate connection com.mysql.cj.jdbc.ConnectionImpl@4ff56386 (No operations allowed after connection closed.). Possibly consider using a shorter maxLifetime value.
2023-12-27 10:40:48 WARN [com.zaxxer.hikari.pool.PoolBase]: HikariPool-1 - Failed to validate connection com.mysql.cj.jdbc.ConnectionImpl@1094f307 (No operations allowed after connection closed.). Possibly consider using a shorter maxLifetime value.
2023-12-27 10:42:49 WARN [com.zaxxer.hikari.pool.PoolBase]: HikariPool-1 - Failed to validate connection com.mysql.cj.jdbc.ConnectionImpl@55baf4c9 (No operations allowed after connection closed.). Possibly consider using a shorter maxLifetime value.
2023-12-27 10:44:55 WARN [com.zaxxer.hikari.pool.PoolBase]: HikariPool-1 - Failed to validate connection com.mysql.cj.jdbc.ConnectionImpl@1a614e37 (No operations allowed after connection closed.). Possibly consider using a shorter maxLifetime value.
2023-12-27 10:44:55 WARN [com.zaxxer.hikari.pool.PoolBase]: HikariPool-1 - Failed to validate connection com.mysql.cj.jdbc.ConnectionImpl@49573fbf (No operations allowed after connection closed.). Possibly consider using a shorter maxLifetime value.
2023-12-27 10:44:55 WARN [com.zaxxer.hikari.pool.PoolBase]: HikariPool-1 - Failed to validate connection com.mysql.cj.jdbc.ConnectionImpl@1c94706c (No operations allowed after connection closed.). Possibly consider using a shorter maxLifetime value.
2023-12-27 10:44:55 WARN [com.zaxxer.hikari.pool.PoolBase]: HikariPool-1 - Failed to validate connection com.mysql.cj.jdbc.ConnectionImpl@c94953f (No operations allowed after connection closed.). Possibly consider using a shorter maxLifetime value.
2023-12-27 10:44:55 WARN [com.zaxxer.hikari.pool.PoolBase]: HikariPool-1 - Failed to validate connection com.mysql.cj.jdbc.ConnectionImpl@15dc4284 (No operations allowed after connection closed.). Possibly consider using a shorter maxLifetime value.
2023-12-27 10:44:55 WARN [com.zaxxer.hikari.pool.PoolBase]: HikariPool-1 - Failed to validate connection com.mysql.cj.jdbc.ConnectionImpl@65062d47 (No operations allowed after connection closed.). Possibly consider using a shorter maxLifetime value.
2023-12-27 10:44:55 WARN [com.zaxxer.hikari.pool.PoolBase]: HikariPool-1 - Failed to validate connection com.mysql.cj.jdbc.ConnectionImpl@5aae269b (No operations allowed after connection closed.). Possibly consider using a shorter maxLifetime value.
2023-12-27 10:44:55 WARN [com.zaxxer.hikari.pool.PoolBase]: HikariPool-1 - Failed to validate connection com.mysql.cj.jdbc.ConnectionImpl@723b6d9c (No operations allowed after connection closed.). Possibly consider using a shorter maxLifetime value.
2023-12-27 10:44:55 WARN [com.zaxxer.hikari.pool.PoolBase]: HikariPool-1 - Failed to validate connection com.mysql.cj.jdbc.ConnectionImpl@504c93d (No operations allowed after connection closed.). Possibly consider using a shorter maxLifetime value.
2023-12-27 10:44:55 WARN [com.zaxxer.hikari.pool.PoolBase]: HikariPool-1 - Failed to validate connection com.mysql.cj.jdbc.ConnectionImpl@513ca0cf (No operations allowed after connection closed.). Possibly consider using a shorter maxLifetime value.
2023-12-27 10:48:28 WARN [com.zaxxer.hikari.pool.PoolBase]: HikariPool-1 - Failed to validate connection com.mysql.cj.jdbc.ConnectionImpl@12e66754 (No operations allowed after connection closed.). Possibly consider using a shorter maxLifetime value.
2023-12-27 10:48:28 WARN [com.zaxxer.hikari.pool.PoolBase]: HikariPool-1 - Failed to validate connection com.mysql.cj.jdbc.ConnectionImpl@55c7937b (No operations allowed after connection closed.). Possibly consider using a shorter maxLifetime value.
2023-12-27 10:48:39 WARN [com.zaxxer.hikari.pool.PoolBase]: HikariPool-1 - Failed to validate connection com.mysql.cj.jdbc.ConnectionImpl@4c2ef238 (No operations allowed after connection closed.). Possibly consider using a shorter maxLifetime value.
2023-12-27 10:48:39 WARN [com.zaxxer.hikari.pool.PoolBase]: HikariPool-1 - Failed to validate connection com.mysql.cj.jdbc.ConnectionImpl@edd093a (No operations allowed after connection closed.). Possibly consider using a shorter maxLifetime value.
2023-12-27 10:48:39 WARN [com.zaxxer.hikari.pool.PoolBase]: HikariPool-1 - Failed to validate connection com.mysql.cj.jdbc.ConnectionImpl@505d4c9f (No operations allowed after connection closed.). Possibly consider using a shorter maxLifetime value.
2023-12-27 10:50:42 WARN [com.zaxxer.hikari.pool.PoolBase]: HikariPool-1 - Failed to validate connection com.mysql.cj.jdbc.ConnectionImpl@d0d8017 (No operations allowed after connection closed.). Possibly consider using a shorter maxLifetime value.
2023-12-27 10:50:42 WARN [com.zaxxer.hikari.pool.PoolBase]: HikariPool-1 - Failed to validate connection com.mysql.cj.jdbc.ConnectionImpl@1fe36ed6 (No operations allowed after connection closed.). Possibly consider using a shorter maxLifetime value.
2023-12-27 10:50:42 WARN [com.zaxxer.hikari.pool.PoolBase]: HikariPool-1 - Failed to validate connection com.mysql.cj.jdbc.ConnectionImpl@70b347dd (No operations allowed after connection closed.). Possibly consider using a shorter maxLifetime value.
2023-12-27 10:50:42 WARN [com.zaxxer.hikari.pool.PoolBase]: HikariPool-1 - Failed to validate connection com.mysql.cj.jdbc.ConnectionImpl@115f7ce4 (No operations allowed after connection closed.). Possibly consider using a shorter maxLifetime value.
2023-12-27 10:50:42 WARN [com.zaxxer.hikari.pool.PoolBase]: HikariPool-1 - Failed to validate connection com.mysql.cj.jdbc.ConnectionImpl@5c2abf66 (No operations allowed after connection closed.). Possibly consider using a shorter maxLifetime value.
2023-12-27 10:50:43 WARN [com.zaxxer.hikari.pool.PoolBase]: HikariPool-1 - Failed to validate connection com.mysql.cj.jdbc.ConnectionImpl@583bffeb (No operations allowed after connection closed.). Possibly consider using a shorter maxLifetime value.
2023-12-27 10:50:43 WARN [com.zaxxer.hikari.pool.PoolBase]: HikariPool-1 - Failed to validate connection com.mysql.cj.jdbc.ConnectionImpl@325cc69e (No operations allowed after connection closed.). Possibly consider using a shorter maxLifetime value.
2023-12-27 10:50:43 WARN [com.zaxxer.hikari.pool.PoolBase]: HikariPool-1 - Failed to validate connection com.mysql.cj.jdbc.ConnectionImpl@588e246d (No operations allowed after connection closed.). Possibly consider using a shorter maxLifetime value.
2023-12-27 10:50:43 WARN [com.zaxxer.hikari.pool.PoolBase]: HikariPool-1 - Failed to validate connection com.mysql.cj.jdbc.ConnectionImpl@51567195 (No operations allowed after connection closed.). Possibly consider using a shorter maxLifetime value.
2023-12-27 10:50:43 WARN [com.zaxxer.hikari.pool.PoolBase]: HikariPool-1 - Failed to validate connection com.mysql.cj.jdbc.ConnectionImpl@569518f3 (No operations allowed after connection closed.). Possibly consider using a shorter maxLifetime value.
2023-12-27 10:54:34 WARN [com.zaxxer.hikari.pool.PoolBase]: HikariPool-1 - Failed to validate connection com.mysql.cj.jdbc.ConnectionImpl@8aead98 (No operations allowed after connection closed.). Possibly consider using a shorter maxLifetime value.
2023-12-27 10:54:34 WARN [com.zaxxer.hikari.pool.PoolBase]: HikariPool-1 - Failed to validate connection com.mysql.cj.jdbc.ConnectionImpl@24a3868 (No operations allowed after connection closed.). Possibly consider using a shorter maxLifetime value.
2023-12-27 10:54:34 WARN [com.zaxxer.hikari.pool.PoolBase]: HikariPool-1 - Failed to validate connection com.mysql.cj.jdbc.ConnectionImpl@35044369 (No operations allowed after connection closed.). Possibly consider using a shorter maxLifetime value.
2023-12-27 10:54:34 WARN [com.zaxxer.hikari.pool.PoolBase]: HikariPool-1 - Failed to validate connection com.mysql.cj.jdbc.ConnectionImpl@48bbfa3c (No operations allowed after connection closed.). Possibly consider using a shorter maxLifetime value.
2023-12-27 10:54:34 WARN [com.zaxxer.hikari.pool.PoolBase]: HikariPool-1 - Failed to validate connection com.mysql.cj.jdbc.ConnectionImpl@57e6323a (No operations allowed after connection closed.). Possibly consider using a shorter maxLifetime value.
2023-12-27 10:54:34 WARN [com.zaxxer.hikari.pool.PoolBase]: HikariPool-1 - Failed to validate connection com.mysql.cj.jdbc.ConnectionImpl@4bcd9d6 (No operations allowed after connection closed.). Possibly consider using a shorter maxLifetime value.
2023-12-27 10:54:34 WARN [com.zaxxer.hikari.pool.PoolBase]: HikariPool-1 - Failed to validate connection com.mysql.cj.jdbc.ConnectionImpl@1334cd23 (No operations allowed after connection closed.). Possibly consider using a shorter maxLifetime value.
2023-12-27 10:54:34 WARN [com.zaxxer.hikari.pool.PoolBase]: HikariPool-1 - Failed to validate connection com.mysql.cj.jdbc.ConnectionImpl@449af63 (No operations allowed after connection closed.). Possibly consider using a shorter maxLifetime value.
2023-12-27 10:54:34 WARN [com.zaxxer.hikari.pool.PoolBase]: HikariPool-1 - Failed to validate connection com.mysql.cj.jdbc.ConnectionImpl@62d82a32 (No operations allowed after connection closed.). Possibly consider using a shorter maxLifetime value.
2023-12-27 10:54:34 WARN [com.zaxxer.hikari.pool.PoolBase]: HikariPool-1 - Failed to validate connection com.mysql.cj.jdbc.ConnectionImpl@483dd6 (No operations allowed after connection closed.). Possibly consider using a shorter maxLifetime value.
2023-12-27 10:56:57 WARN [com.zaxxer.hikari.pool.PoolBase]: HikariPool-1 - Failed to validate connection com.mysql.cj.jdbc.ConnectionImpl@2badbded (No operations allowed after connection closed.). Possibly consider using a shorter maxLifetime value.
2023-12-27 10:56:57 WARN [com.zaxxer.hikari.pool.PoolBase]: HikariPool-1 - Failed to validate connection com.mysql.cj.jdbc.ConnectionImpl@37397095 (No operations allowed after connection closed.). Possibly consider using a shorter maxLifetime value.
2023-12-27 10:56:57 WARN [com.zaxxer.hikari.pool.PoolBase]: HikariPool-1 - Failed to validate connection com.mysql.cj.jdbc.ConnectionImpl@7fbc2fff (No operations allowed after connection closed.). Possibly consider using a shorter maxLifetime value.
2023-12-27 10:56:57 WARN [com.zaxxer.hikari.pool.PoolBase]: HikariPool-1 - Failed to validate connection com.mysql.cj.jdbc.ConnectionImpl@3938b730 (No operations allowed after connection closed.). Possibly consider using a shorter maxLifetime value.
2023-12-27 10:56:57 WARN [com.zaxxer.hikari.pool.PoolBase]: HikariPool-1 - Failed to validate connection com.mysql.cj.jdbc.ConnectionImpl@5d1760c8 (No operations allowed after connection closed.). Possibly consider using a shorter maxLifetime value.
2023-12-27 10:56:57 WARN [com.zaxxer.hikari.pool.PoolBase]: HikariPool-1 - Failed to validate connection com.mysql.cj.jdbc.ConnectionImpl@21d60e27 (No operations allowed after connection closed.). Possibly consider using a shorter maxLifetime value.
2023-12-27 10:56:57 WARN [com.zaxxer.hikari.pool.PoolBase]: HikariPool-1 - Failed to validate connection com.mysql.cj.jdbc.ConnectionImpl@3f8b1e35 (No operations allowed after connection closed.). Possibly consider using a shorter maxLifetime value.
2023-12-27 10:56:57 WARN [com.zaxxer.hikari.pool.PoolBase]: HikariPool-1 - Failed to validate connection com.mysql.cj.jdbc.ConnectionImpl@4376bfc3 (No operations allowed after connection closed.). Possibly consider using a shorter maxLifetime value.
2023-12-27 10:56:57 WARN [com.zaxxer.hikari.pool.PoolBase]: HikariPool-1 - Failed to validate connection com.mysql.cj.jdbc.ConnectionImpl@25819645 (No operations allowed after connection closed.). Possibly consider using a shorter maxLifetime value.
2023-12-27 10:56:57 WARN [com.zaxxer.hikari.pool.PoolBase]: HikariPool-1 - Failed to validate connection com.mysql.cj.jdbc.ConnectionImpl@34b703e4 (No operations allowed after connection closed.). Possibly consider using a shorter maxLifetime value.
2023-12-27 11:01:16 WARN [com.zaxxer.hikari.pool.PoolBase]: HikariPool-1 - Failed to validate connection com.mysql.cj.jdbc.ConnectionImpl@4ab2b9e6 (No operations allowed after connection closed.). Possibly consider using a shorter maxLifetime value.
2023-12-27 11:01:16 WARN [com.zaxxer.hikari.pool.PoolBase]: HikariPool-1 - Failed to validate connection com.mysql.cj.jdbc.ConnectionImpl@1a82bf58 (No operations allowed after connection closed.). Possibly consider using a shorter maxLifetime value.
2023-12-27 11:01:16 WARN [com.zaxxer.hikari.pool.PoolBase]: HikariPool-1 - Failed to validate connection com.mysql.cj.jdbc.ConnectionImpl@145e1c8 (No operations allowed after connection closed.). Possibly consider using a shorter maxLifetime value.
2023-12-27 11:01:16 WARN [com.zaxxer.hikari.pool.PoolBase]: HikariPool-1 - Failed to validate connection com.mysql.cj.jdbc.ConnectionImpl@5ee7058f (No operations allowed after connection closed.). Possibly consider using a shorter maxLifetime value.
2023-12-27 11:01:16 WARN [com.zaxxer.hikari.pool.PoolBase]: HikariPool-1 - Failed to validate connection com.mysql.cj.jdbc.ConnectionImpl@136a82e9 (No operations allowed after connection closed.). Possibly consider using a shorter maxLifetime value.
2023-12-27 11:01:16 WARN [com.zaxxer.hikari.pool.PoolBase]: HikariPool-1 - Failed to validate connection com.mysql.cj.jdbc.ConnectionImpl@1c9d87a3 (No operations allowed after connection closed.). Possibly consider using a shorter maxLifetime value.
2023-12-27 11:01:16 WARN [com.zaxxer.hikari.pool.PoolBase]: HikariPool-1 - Failed to validate connection com.mysql.cj.jdbc.ConnectionImpl@32787e59 (No operations allowed after connection closed.). Possibly consider using a shorter maxLifetime value.
2023-12-27 11:01:16 WARN [com.zaxxer.hikari.pool.PoolBase]: HikariPool-1 - Failed to validate connection com.mysql.cj.jdbc.ConnectionImpl@e44b04c (No operations allowed after connection closed.). Possibly consider using a shorter maxLifetime value.
2023-12-27 11:01:16 WARN [com.zaxxer.hikari.pool.PoolBase]: HikariPool-1 - Failed to validate connection com.mysql.cj.jdbc.ConnectionImpl@54d5cee4 (No operations allowed after connection closed.). Possibly consider using a shorter maxLifetime value.
2023-12-27 11:01:16 WARN [com.zaxxer.hikari.pool.PoolBase]: HikariPool-1 - Failed to validate connection com.mysql.cj.jdbc.ConnectionImpl@d2e3749 (No operations allowed after connection closed.). Possibly consider using a shorter maxLifetime value.
2023-12-27 11:15:33 WARN [com.zaxxer.hikari.pool.PoolBase]: HikariPool-1 - Failed to validate connection com.mysql.cj.jdbc.ConnectionImpl@532ec99e (No operations allowed after connection closed.). Possibly consider using a shorter maxLifetime value.
2023-12-27 11:15:33 WARN [com.zaxxer.hikari.pool.PoolBase]: HikariPool-1 - Failed to validate connection com.mysql.cj.jdbc.ConnectionImpl@534d189 (No operations allowed after connection closed.). Possibly consider using a shorter maxLifetime value.
2023-12-27 11:15:33 WARN [com.zaxxer.hikari.pool.PoolBase]: HikariPool-1 - Failed to validate connection com.mysql.cj.jdbc.ConnectionImpl@81f4fad (No operations allowed after connection closed.). Possibly consider using a shorter maxLifetime value.
2023-12-27 11:15:33 WARN [com.zaxxer.hikari.pool.PoolBase]: HikariPool-1 - Failed to validate connection com.mysql.cj.jdbc.ConnectionImpl@2dd80509 (No operations allowed after connection closed.). Possibly consider using a shorter maxLifetime value.
2023-12-27 11:15:33 WARN [com.zaxxer.hikari.pool.PoolBase]: HikariPool-1 - Failed to validate connection com.mysql.cj.jdbc.ConnectionImpl@79c116a5 (No operations allowed after connection closed.). Possibly consider using a shorter maxLifetime value.
2023-12-27 11:15:33 WARN [com.zaxxer.hikari.pool.PoolBase]: HikariPool-1 - Failed to validate connection com.mysql.cj.jdbc.ConnectionImpl@5a5a388d (No operations allowed after connection closed.). Possibly consider using a shorter maxLifetime value.
2023-12-27 11:15:33 WARN [com.zaxxer.hikari.pool.PoolBase]: HikariPool-1 - Failed to validate connection com.mysql.cj.jdbc.ConnectionImpl@284a764c (No operations allowed after connection closed.). Possibly consider using a shorter maxLifetime value.
2023-12-27 11:15:33 WARN [com.zaxxer.hikari.pool.PoolBase]: HikariPool-1 - Failed to validate connection com.mysql.cj.jdbc.ConnectionImpl@4557ce01 (No operations allowed after connection closed.). Possibly consider using a shorter maxLifetime value.
2023-12-27 11:15:33 WARN [com.zaxxer.hikari.pool.PoolBase]: HikariPool-1 - Failed to validate connection com.mysql.cj.jdbc.ConnectionImpl@34529c30 (No operations allowed after connection closed.). Possibly consider using a shorter maxLifetime value.
2023-12-27 11:15:33 WARN [com.zaxxer.hikari.pool.PoolBase]: HikariPool-1 - Failed to validate connection com.mysql.cj.jdbc.ConnectionImpl@3f474467 (No operations allowed after connection closed.). Possibly consider using a shorter maxLifetime value.
2023-12-27 11:21:37 WARN [com.zaxxer.hikari.pool.PoolBase]: HikariPool-1 - Failed to validate connection com.mysql.cj.jdbc.ConnectionImpl@5a9f94cf (No operations allowed after connection closed.). Possibly consider using a shorter maxLifetime value.
2023-12-27 11:30:33 WARN [com.zaxxer.hikari.pool.PoolBase]: HikariPool-1 - Failed to validate connection com.mysql.cj.jdbc.ConnectionImpl@f1a2f6e (No operations allowed after connection closed.). Possibly consider using a shorter maxLifetime value.
2023-12-27 11:30:33 WARN [com.zaxxer.hikari.pool.PoolBase]: HikariPool-1 - Failed to validate connection com.mysql.cj.jdbc.ConnectionImpl@7c3e963a (No operations allowed after connection closed.). Possibly consider using a shorter maxLifetime value.
2023-12-27 11:30:33 WARN [com.zaxxer.hikari.pool.PoolBase]: HikariPool-1 - Failed to validate connection com.mysql.cj.jdbc.ConnectionImpl@7858cb13 (No operations allowed after connection closed.). Possibly consider using a shorter maxLifetime value.
2023-12-27 11:30:33 WARN [com.zaxxer.hikari.pool.PoolBase]: HikariPool-1 - Failed to validate connection com.mysql.cj.jdbc.ConnectionImpl@26e7ea29 (No operations allowed after connection closed.). Possibly consider using a shorter maxLifetime value.
2023-12-27 11:30:33 WARN [com.zaxxer.hikari.pool.PoolBase]: HikariPool-1 - Failed to validate connection com.mysql.cj.jdbc.ConnectionImpl@71d0dfd8 (No operations allowed after connection closed.). Possibly consider using a shorter maxLifetime value.
2023-12-27 11:30:33 WARN [com.zaxxer.hikari.pool.PoolBase]: HikariPool-1 - Failed to validate connection com.mysql.cj.jdbc.ConnectionImpl@7957189e (No operations allowed after connection closed.). Possibly consider using a shorter maxLifetime value.
2023-12-27 11:30:33 WARN [com.zaxxer.hikari.pool.PoolBase]: HikariPool-1 - Failed to validate connection com.mysql.cj.jdbc.ConnectionImpl@476944f4 (No operations allowed after connection closed.). Possibly consider using a shorter maxLifetime value.
2023-12-27 11:30:33 WARN [com.zaxxer.hikari.pool.PoolBase]: HikariPool-1 - Failed to validate connection com.mysql.cj.jdbc.ConnectionImpl@5ec65892 (No operations allowed after connection closed.). Possibly consider using a shorter maxLifetime value.
2023-12-27 11:30:33 WARN [com.zaxxer.hikari.pool.PoolBase]: HikariPool-1 - Failed to validate connection com.mysql.cj.jdbc.ConnectionImpl@291f628d (No operations allowed after connection closed.). Possibly consider using a shorter maxLifetime value.
2023-12-27 11:30:33 WARN [com.zaxxer.hikari.pool.PoolBase]: HikariPool-1 - Failed to validate connection com.mysql.cj.jdbc.ConnectionImpl@684d0cd8 (No operations allowed after connection closed.). Possibly consider using a shorter maxLifetime value.
2023-12-27 11:35:03 WARN [com.zaxxer.hikari.pool.PoolBase]: HikariPool-1 - Failed to validate connection com.mysql.cj.jdbc.ConnectionImpl@70cb5750 (No operations allowed after connection closed.). Possibly consider using a shorter maxLifetime value.
2023-12-27 11:35:03 WARN [com.zaxxer.hikari.pool.PoolBase]: HikariPool-1 - Failed to validate connection com.mysql.cj.jdbc.ConnectionImpl@2156d38a (No operations allowed after connection closed.). Possibly consider using a shorter maxLifetime value.
2023-12-27 11:35:03 WARN [com.zaxxer.hikari.pool.PoolBase]: HikariPool-1 - Failed to validate connection com.mysql.cj.jdbc.ConnectionImpl@232ace6d (No operations allowed after connection closed.). Possibly consider using a shorter maxLifetime value.
2023-12-27 11:35:03 WARN [com.zaxxer.hikari.pool.PoolBase]: HikariPool-1 - Failed to validate connection com.mysql.cj.jdbc.ConnectionImpl@9f17c8f (No operations allowed after connection closed.). Possibly consider using a shorter maxLifetime value.
2023-12-27 11:35:03 WARN [com.zaxxer.hikari.pool.PoolBase]: HikariPool-1 - Failed to validate connection com.mysql.cj.jdbc.ConnectionImpl@428beebe (No operations allowed after connection closed.). Possibly consider using a shorter maxLifetime value.
2023-12-27 11:35:03 WARN [com.zaxxer.hikari.pool.PoolBase]: HikariPool-1 - Failed to validate connection com.mysql.cj.jdbc.ConnectionImpl@55d6bfe6 (No operations allowed after connection closed.). Possibly consider using a shorter maxLifetime value.
2023-12-27 11:35:03 WARN [com.zaxxer.hikari.pool.PoolBase]: HikariPool-1 - Failed to validate connection com.mysql.cj.jdbc.ConnectionImpl@207a4a97 (No operations allowed after connection closed.). Possibly consider using a shorter maxLifetime value.
2023-12-27 11:35:03 WARN [com.zaxxer.hikari.pool.PoolBase]: HikariPool-1 - Failed to validate connection com.mysql.cj.jdbc.ConnectionImpl@22ed4f13 (No operations allowed after connection closed.). Possibly consider using a shorter maxLifetime value.
2023-12-27 11:35:03 WARN [com.zaxxer.hikari.pool.PoolBase]: HikariPool-1 - Failed to validate connection com.mysql.cj.jdbc.ConnectionImpl@3f8eabee (No operations allowed after connection closed.). Possibly consider using a shorter maxLifetime value.
2023-12-27 11:35:03 WARN [com.zaxxer.hikari.pool.PoolBase]: HikariPool-1 - Failed to validate connection com.mysql.cj.jdbc.ConnectionImpl@5f471a76 (No operations allowed after connection closed.). Possibly consider using a shorter maxLifetime value.
2023-12-27 11:46:06 WARN [com.zaxxer.hikari.pool.PoolBase]: HikariPool-1 - Failed to validate connection com.mysql.cj.jdbc.ConnectionImpl@61e19e73 (No operations allowed after connection closed.). Possibly consider using a shorter maxLifetime value.
2023-12-27 11:46:06 WARN [com.zaxxer.hikari.pool.PoolBase]: HikariPool-1 - Failed to validate connection com.mysql.cj.jdbc.ConnectionImpl@cf2cf6d (No operations allowed after connection closed.). Possibly consider using a shorter maxLifetime value.
2023-12-27 11:46:06 WARN [com.zaxxer.hikari.pool.PoolBase]: HikariPool-1 - Failed to validate connection com.mysql.cj.jdbc.ConnectionImpl@5ee7cbcf (No operations allowed after connection closed.). Possibly consider using a shorter maxLifetime value.
2023-12-27 11:46:06 WARN [com.zaxxer.hikari.pool.PoolBase]: HikariPool-1 - Failed to validate connection com.mysql.cj.jdbc.ConnectionImpl@39d95afa (No operations allowed after connection closed.). Possibly consider using a shorter maxLifetime value.
2023-12-27 11:46:06 WARN [com.zaxxer.hikari.pool.PoolBase]: HikariPool-1 - Failed to validate connection com.mysql.cj.jdbc.ConnectionImpl@420c70b1 (No operations allowed after connection closed.). Possibly consider using a shorter maxLifetime value.
2023-12-27 11:46:06 WARN [com.zaxxer.hikari.pool.PoolBase]: HikariPool-1 - Failed to validate connection com.mysql.cj.jdbc.ConnectionImpl@47afaef7 (No operations allowed after connection closed.). Possibly consider using a shorter maxLifetime value.
2023-12-27 11:46:06 WARN [com.zaxxer.hikari.pool.PoolBase]: HikariPool-1 - Failed to validate connection com.mysql.cj.jdbc.ConnectionImpl@8a4f16f (No operations allowed after connection closed.). Possibly consider using a shorter maxLifetime value.
2023-12-27 11:46:06 WARN [com.zaxxer.hikari.pool.PoolBase]: HikariPool-1 - Failed to validate connection com.mysql.cj.jdbc.ConnectionImpl@2a50a277 (No operations allowed after connection closed.). Possibly consider using a shorter maxLifetime value.
2023-12-27 11:46:06 WARN [com.zaxxer.hikari.pool.PoolBase]: HikariPool-1 - Failed to validate connection com.mysql.cj.jdbc.ConnectionImpl@38ec1740 (No operations allowed after connection closed.). Possibly consider using a shorter maxLifetime value.
2023-12-27 11:46:06 WARN [com.zaxxer.hikari.pool.PoolBase]: HikariPool-1 - Failed to validate connection com.mysql.cj.jdbc.ConnectionImpl@70a3b833 (No operations allowed after connection closed.). Possibly consider using a shorter maxLifetime value.
2023-12-27 11:52:34 WARN [com.zaxxer.hikari.pool.PoolBase]: HikariPool-1 - Failed to validate connection com.mysql.cj.jdbc.ConnectionImpl@749bb457 (No operations allowed after connection closed.). Possibly consider using a shorter maxLifetime value.
2023-12-27 11:52:34 WARN [com.zaxxer.hikari.pool.PoolBase]: HikariPool-1 - Failed to validate connection com.mysql.cj.jdbc.ConnectionImpl@757fca91 (No operations allowed after connection closed.). Possibly consider using a shorter maxLifetime value.
2023-12-27 11:52:34 WARN [com.zaxxer.hikari.pool.PoolBase]: HikariPool-1 - Failed to validate connection com.mysql.cj.jdbc.ConnectionImpl@308dae74 (No operations allowed after connection closed.). Possibly consider using a shorter maxLifetime value.
2023-12-27 11:52:34 WARN [com.zaxxer.hikari.pool.PoolBase]: HikariPool-1 - Failed to validate connection com.mysql.cj.jdbc.ConnectionImpl@65534818 (No operations allowed after connection closed.). Possibly consider using a shorter maxLifetime value.
2023-12-27 11:52:34 WARN [com.zaxxer.hikari.pool.PoolBase]: HikariPool-1 - Failed to validate connection com.mysql.cj.jdbc.ConnectionImpl@504de6e6 (No operations allowed after connection closed.). Possibly consider using a shorter maxLifetime value.
2023-12-27 11:52:34 WARN [com.zaxxer.hikari.pool.PoolBase]: HikariPool-1 - Failed to validate connection com.mysql.cj.jdbc.ConnectionImpl@4c4361e9 (No operations allowed after connection closed.). Possibly consider using a shorter maxLifetime value.
2023-12-27 11:52:34 WARN [com.zaxxer.hikari.pool.PoolBase]: HikariPool-1 - Failed to validate connection com.mysql.cj.jdbc.ConnectionImpl@2a7216e7 (No operations allowed after connection closed.). Possibly consider using a shorter maxLifetime value.
2023-12-27 11:52:34 WARN [com.zaxxer.hikari.pool.PoolBase]: HikariPool-1 - Failed to validate connection com.mysql.cj.jdbc.ConnectionImpl@45b99212 (No operations allowed after connection closed.). Possibly consider using a shorter maxLifetime value.
2023-12-27 11:52:34 WARN [com.zaxxer.hikari.pool.PoolBase]: HikariPool-1 - Failed to validate connection com.mysql.cj.jdbc.ConnectionImpl@19570d86 (No operations allowed after connection closed.). Possibly consider using a shorter maxLifetime value.
2023-12-27 11:52:34 WARN [com.zaxxer.hikari.pool.PoolBase]: HikariPool-1 - Failed to validate connection com.mysql.cj.jdbc.ConnectionImpl@4e19e376 (No operations allowed after connection closed.). Possibly consider using a shorter maxLifetime value.
2023-12-27 11:55:20 WARN [com.zaxxer.hikari.pool.PoolBase]: HikariPool-1 - Failed to validate connection com.mysql.cj.jdbc.ConnectionImpl@41ceaec7 (No operations allowed after connection closed.). Possibly consider using a shorter maxLifetime value.
2023-12-27 11:55:20 WARN [com.zaxxer.hikari.pool.PoolBase]: HikariPool-1 - Failed to validate connection com.mysql.cj.jdbc.ConnectionImpl@335f0d7 (No operations allowed after connection closed.). Possibly consider using a shorter maxLifetime value.
2023-12-27 11:55:20 WARN [com.zaxxer.hikari.pool.PoolBase]: HikariPool-1 - Failed to validate connection com.mysql.cj.jdbc.ConnectionImpl@6fce2506 (No operations allowed after connection closed.). Possibly consider using a shorter maxLifetime value.
2023-12-27 11:55:20 WARN [com.zaxxer.hikari.pool.PoolBase]: HikariPool-1 - Failed to validate connection com.mysql.cj.jdbc.ConnectionImpl@72a688d3 (No operations allowed after connection closed.). Possibly consider using a shorter maxLifetime value.
2023-12-27 11:55:20 WARN [com.zaxxer.hikari.pool.PoolBase]: HikariPool-1 - Failed to validate connection com.mysql.cj.jdbc.ConnectionImpl@6e4d69da (No operations allowed after connection closed.). Possibly consider using a shorter maxLifetime value.
2023-12-27 11:55:20 WARN [com.zaxxer.hikari.pool.PoolBase]: HikariPool-1 - Failed to validate connection com.mysql.cj.jdbc.ConnectionImpl@462aa8d6 (No operations allowed after connection closed.). Possibly consider using a shorter maxLifetime value.
2023-12-27 11:55:20 WARN [com.zaxxer.hikari.pool.PoolBase]: HikariPool-1 - Failed to validate connection com.mysql.cj.jdbc.ConnectionImpl@742bc16f (No operations allowed after connection closed.). Possibly consider using a shorter maxLifetime value.
2023-12-27 11:55:20 WARN [com.zaxxer.hikari.pool.PoolBase]: HikariPool-1 - Failed to validate connection com.mysql.cj.jdbc.ConnectionImpl@339fede (No operations allowed after connection closed.). Possibly consider using a shorter maxLifetime value.
2023-12-27 11:55:20 WARN [com.zaxxer.hikari.pool.PoolBase]: HikariPool-1 - Failed to validate connection com.mysql.cj.jdbc.ConnectionImpl@62c5ed6b (No operations allowed after connection closed.). Possibly consider using a shorter maxLifetime value.
2023-12-27 11:55:20 WARN [com.zaxxer.hikari.pool.PoolBase]: HikariPool-1 - Failed to validate connection com.mysql.cj.jdbc.ConnectionImpl@2fa61526 (No operations allowed after connection closed.). Possibly consider using a shorter maxLifetime value.
2023-12-27 11:58:40 INFO [com.zaxxer.hikari.HikariDataSource]: HikariPool-1 - Shutdown initiated...
2023-12-27 11:58:40 INFO [com.zaxxer.hikari.HikariDataSource]: HikariPool-1 - Shutdown completed.
