2024-03-31 22:15:34 INFO [com.example.yin.YinMusicApplication]: Starting YinMusicApplication using Java 1.8.0_381 on WIN-O9P19047KVL with PID 1284 (G:\音乐3\源码\music-server\target\classes started by Administrator in G:\音乐3\源码\music-server)
2024-03-31 22:15:34 INFO [com.example.yin.YinMusicApplication]: No active profile set, falling back to default profiles: default
2024-03-31 22:15:34 INFO [org.springframework.boot.devtools.env.DevToolsPropertyDefaultsPostProcessor]: Devtools property defaults active! Set 'spring.devtools.add-properties' to 'false' to disable
2024-03-31 22:15:34 INFO [org.springframework.boot.devtools.env.DevToolsPropertyDefaultsPostProcessor]: For additional web related logging consider setting the 'logging.level.web' property to 'DEBUG'
2024-03-31 22:15:49 INFO [org.springframework.boot.web.embedded.tomcat.TomcatWebServer]: Tomcat initialized with port(s): 8888 (http)
2024-03-31 22:15:49 INFO [org.springframework.boot.web.servlet.context.ServletWebServerApplicationContext]: Root WebApplicationContext: initialization completed in 15302 ms
2024-03-31 22:15:52 INFO [org.springframework.boot.devtools.autoconfigure.OptionalLiveReloadServer]: LiveReload server is running on port 35729
2024-03-31 22:15:52 INFO [org.springframework.boot.web.embedded.tomcat.TomcatWebServer]: Tomcat started on port(s): 8888 (http) with context path ''
2024-03-31 22:15:52 INFO [com.example.yin.YinMusicApplication]: Started YinMusicApplication in 21.17 seconds (JVM running for 33.389)
2024-03-31 22:35:05 INFO [org.springframework.web.servlet.DispatcherServlet]: Initializing Servlet 'dispatcherServlet'
2024-03-31 22:35:05 INFO [org.springframework.web.servlet.DispatcherServlet]: Completed initialization in 1 ms
2024-03-31 22:35:06 INFO [com.zaxxer.hikari.HikariDataSource]: HikariPool-1 - Starting...
2024-03-31 22:35:06 INFO [com.zaxxer.hikari.HikariDataSource]: HikariPool-1 - Start completed.
2024-03-31 22:43:27 WARN [com.zaxxer.hikari.pool.PoolBase]: HikariPool-1 - Failed to validate connection com.mysql.cj.jdbc.ConnectionImpl@43f0b617 (No operations allowed after connection closed.). Possibly consider using a shorter maxLifetime value.
2024-03-31 22:44:23 WARN [com.zaxxer.hikari.pool.PoolBase]: HikariPool-1 - Failed to validate connection com.mysql.cj.jdbc.ConnectionImpl@4ea7b4fd (No operations allowed after connection closed.). Possibly consider using a shorter maxLifetime value.
2024-03-31 22:47:26 WARN [com.zaxxer.hikari.pool.PoolBase]: HikariPool-1 - Failed to validate connection com.mysql.cj.jdbc.ConnectionImpl@688a5412 (No operations allowed after connection closed.). Possibly consider using a shorter maxLifetime value.
2024-03-31 22:49:42 WARN [com.zaxxer.hikari.pool.PoolBase]: HikariPool-1 - Failed to validate connection com.mysql.cj.jdbc.ConnectionImpl@56aa0075 (No operations allowed after connection closed.). Possibly consider using a shorter maxLifetime value.
2024-03-31 22:52:21 WARN [com.zaxxer.hikari.pool.PoolBase]: HikariPool-1 - Failed to validate connection com.mysql.cj.jdbc.ConnectionImpl@5778b99e (No operations allowed after connection closed.). Possibly consider using a shorter maxLifetime value.
2024-03-31 22:52:21 WARN [com.zaxxer.hikari.pool.PoolBase]: HikariPool-1 - Failed to validate connection com.mysql.cj.jdbc.ConnectionImpl@30ac45e3 (No operations allowed after connection closed.). Possibly consider using a shorter maxLifetime value.
2024-03-31 22:54:27 WARN [com.zaxxer.hikari.pool.PoolBase]: HikariPool-1 - Failed to validate connection com.mysql.cj.jdbc.ConnectionImpl@c62ae09 (No operations allowed after connection closed.). Possibly consider using a shorter maxLifetime value.
2024-03-31 22:54:27 WARN [com.zaxxer.hikari.pool.PoolBase]: HikariPool-1 - Failed to validate connection com.mysql.cj.jdbc.ConnectionImpl@1bba287d (No operations allowed after connection closed.). Possibly consider using a shorter maxLifetime value.
2024-03-31 22:54:27 WARN [com.zaxxer.hikari.pool.PoolBase]: HikariPool-1 - Failed to validate connection com.mysql.cj.jdbc.ConnectionImpl@4cf2d0ae (No operations allowed after connection closed.). Possibly consider using a shorter maxLifetime value.
2024-03-31 22:54:27 WARN [com.zaxxer.hikari.pool.PoolBase]: HikariPool-1 - Failed to validate connection com.mysql.cj.jdbc.ConnectionImpl@55793ddf (No operations allowed after connection closed.). Possibly consider using a shorter maxLifetime value.
2024-03-31 22:54:27 WARN [com.zaxxer.hikari.pool.PoolBase]: HikariPool-1 - Failed to validate connection com.mysql.cj.jdbc.ConnectionImpl@63bf2429 (No operations allowed after connection closed.). Possibly consider using a shorter maxLifetime value.
2024-03-31 22:54:27 WARN [com.zaxxer.hikari.pool.PoolBase]: HikariPool-1 - Failed to validate connection com.mysql.cj.jdbc.ConnectionImpl@290c11e3 (No operations allowed after connection closed.). Possibly consider using a shorter maxLifetime value.
2024-03-31 22:54:27 WARN [com.zaxxer.hikari.pool.PoolBase]: HikariPool-1 - Failed to validate connection com.mysql.cj.jdbc.ConnectionImpl@7321c3cc (No operations allowed after connection closed.). Possibly consider using a shorter maxLifetime value.
2024-03-31 22:54:28 WARN [com.zaxxer.hikari.pool.PoolBase]: HikariPool-1 - Failed to validate connection com.mysql.cj.jdbc.ConnectionImpl@6f2a9fb2 (No operations allowed after connection closed.). Possibly consider using a shorter maxLifetime value.
2024-03-31 22:54:28 WARN [com.zaxxer.hikari.pool.PoolBase]: HikariPool-1 - Failed to validate connection com.mysql.cj.jdbc.ConnectionImpl@752e7012 (No operations allowed after connection closed.). Possibly consider using a shorter maxLifetime value.
2024-03-31 22:54:28 WARN [com.zaxxer.hikari.pool.PoolBase]: HikariPool-1 - Failed to validate connection com.mysql.cj.jdbc.ConnectionImpl@41a66fae (No operations allowed after connection closed.). Possibly consider using a shorter maxLifetime value.
2024-03-31 22:57:26 WARN [com.zaxxer.hikari.pool.PoolBase]: HikariPool-1 - Failed to validate connection com.mysql.cj.jdbc.ConnectionImpl@7c62ee8c (No operations allowed after connection closed.). Possibly consider using a shorter maxLifetime value.
2024-03-31 22:57:27 WARN [com.zaxxer.hikari.pool.PoolBase]: HikariPool-1 - Failed to validate connection com.mysql.cj.jdbc.ConnectionImpl@15967317 (No operations allowed after connection closed.). Possibly consider using a shorter maxLifetime value.
2024-03-31 22:57:27 WARN [com.zaxxer.hikari.pool.PoolBase]: HikariPool-1 - Failed to validate connection com.mysql.cj.jdbc.ConnectionImpl@3a0ad505 (No operations allowed after connection closed.). Possibly consider using a shorter maxLifetime value.
2024-03-31 22:57:27 WARN [com.zaxxer.hikari.pool.PoolBase]: HikariPool-1 - Failed to validate connection com.mysql.cj.jdbc.ConnectionImpl@77a95543 (No operations allowed after connection closed.). Possibly consider using a shorter maxLifetime value.
2024-03-31 22:57:27 WARN [com.zaxxer.hikari.pool.PoolBase]: HikariPool-1 - Failed to validate connection com.mysql.cj.jdbc.ConnectionImpl@51f74a46 (No operations allowed after connection closed.). Possibly consider using a shorter maxLifetime value.
2024-03-31 22:57:27 WARN [com.zaxxer.hikari.pool.PoolBase]: HikariPool-1 - Failed to validate connection com.mysql.cj.jdbc.ConnectionImpl@4cf926ba (No operations allowed after connection closed.). Possibly consider using a shorter maxLifetime value.
2024-03-31 22:57:27 WARN [com.zaxxer.hikari.pool.PoolBase]: HikariPool-1 - Failed to validate connection com.mysql.cj.jdbc.ConnectionImpl@4b88969a (No operations allowed after connection closed.). Possibly consider using a shorter maxLifetime value.
2024-03-31 22:57:27 WARN [com.zaxxer.hikari.pool.PoolBase]: HikariPool-1 - Failed to validate connection com.mysql.cj.jdbc.ConnectionImpl@64c0e1e4 (No operations allowed after connection closed.). Possibly consider using a shorter maxLifetime value.
2024-03-31 22:57:27 WARN [com.zaxxer.hikari.pool.PoolBase]: HikariPool-1 - Failed to validate connection com.mysql.cj.jdbc.ConnectionImpl@6da04a37 (No operations allowed after connection closed.). Possibly consider using a shorter maxLifetime value.
2024-03-31 22:57:27 WARN [com.zaxxer.hikari.pool.PoolBase]: HikariPool-1 - Failed to validate connection com.mysql.cj.jdbc.ConnectionImpl@22f39d20 (No operations allowed after connection closed.). Possibly consider using a shorter maxLifetime value.
2024-03-31 23:01:11 WARN [com.zaxxer.hikari.pool.PoolBase]: HikariPool-1 - Failed to validate connection com.mysql.cj.jdbc.ConnectionImpl@3fe5f294 (No operations allowed after connection closed.). Possibly consider using a shorter maxLifetime value.
2024-03-31 23:01:11 WARN [com.zaxxer.hikari.pool.PoolBase]: HikariPool-1 - Failed to validate connection com.mysql.cj.jdbc.ConnectionImpl@137ccb9e (No operations allowed after connection closed.). Possibly consider using a shorter maxLifetime value.
2024-03-31 23:01:11 WARN [com.zaxxer.hikari.pool.PoolBase]: HikariPool-1 - Failed to validate connection com.mysql.cj.jdbc.ConnectionImpl@3c8f375c (No operations allowed after connection closed.). Possibly consider using a shorter maxLifetime value.
2024-03-31 23:01:11 WARN [com.zaxxer.hikari.pool.PoolBase]: HikariPool-1 - Failed to validate connection com.mysql.cj.jdbc.ConnectionImpl@2cee130b (No operations allowed after connection closed.). Possibly consider using a shorter maxLifetime value.
2024-03-31 23:01:11 WARN [com.zaxxer.hikari.pool.PoolBase]: HikariPool-1 - Failed to validate connection com.mysql.cj.jdbc.ConnectionImpl@15ecab11 (No operations allowed after connection closed.). Possibly consider using a shorter maxLifetime value.
2024-03-31 23:01:11 WARN [com.zaxxer.hikari.pool.PoolBase]: HikariPool-1 - Failed to validate connection com.mysql.cj.jdbc.ConnectionImpl@6039a209 (No operations allowed after connection closed.). Possibly consider using a shorter maxLifetime value.
2024-03-31 23:01:11 WARN [com.zaxxer.hikari.pool.PoolBase]: HikariPool-1 - Failed to validate connection com.mysql.cj.jdbc.ConnectionImpl@25494c85 (No operations allowed after connection closed.). Possibly consider using a shorter maxLifetime value.
2024-03-31 23:01:11 WARN [com.zaxxer.hikari.pool.PoolBase]: HikariPool-1 - Failed to validate connection com.mysql.cj.jdbc.ConnectionImpl@7963756c (No operations allowed after connection closed.). Possibly consider using a shorter maxLifetime value.
2024-03-31 23:01:11 WARN [com.zaxxer.hikari.pool.PoolBase]: HikariPool-1 - Failed to validate connection com.mysql.cj.jdbc.ConnectionImpl@927ed72 (No operations allowed after connection closed.). Possibly consider using a shorter maxLifetime value.
2024-03-31 23:01:11 WARN [com.zaxxer.hikari.pool.PoolBase]: HikariPool-1 - Failed to validate connection com.mysql.cj.jdbc.ConnectionImpl@24a33fb5 (No operations allowed after connection closed.). Possibly consider using a shorter maxLifetime value.
2024-03-31 23:06:59 WARN [com.zaxxer.hikari.pool.PoolBase]: HikariPool-1 - Failed to validate connection com.mysql.cj.jdbc.ConnectionImpl@294ba6c5 (No operations allowed after connection closed.). Possibly consider using a shorter maxLifetime value.
2024-03-31 23:06:59 WARN [com.zaxxer.hikari.pool.PoolBase]: HikariPool-1 - Failed to validate connection com.mysql.cj.jdbc.ConnectionImpl@22d24837 (No operations allowed after connection closed.). Possibly consider using a shorter maxLifetime value.
2024-03-31 23:06:59 WARN [com.zaxxer.hikari.pool.PoolBase]: HikariPool-1 - Failed to validate connection com.mysql.cj.jdbc.ConnectionImpl@62e559df (No operations allowed after connection closed.). Possibly consider using a shorter maxLifetime value.
2024-03-31 23:06:59 WARN [com.zaxxer.hikari.pool.PoolBase]: HikariPool-1 - Failed to validate connection com.mysql.cj.jdbc.ConnectionImpl@16ecb6c8 (No operations allowed after connection closed.). Possibly consider using a shorter maxLifetime value.
2024-03-31 23:06:59 WARN [com.zaxxer.hikari.pool.PoolBase]: HikariPool-1 - Failed to validate connection com.mysql.cj.jdbc.ConnectionImpl@5d9087c (No operations allowed after connection closed.). Possibly consider using a shorter maxLifetime value.
2024-03-31 23:06:59 WARN [com.zaxxer.hikari.pool.PoolBase]: HikariPool-1 - Failed to validate connection com.mysql.cj.jdbc.ConnectionImpl@79d17db4 (No operations allowed after connection closed.). Possibly consider using a shorter maxLifetime value.
2024-03-31 23:06:59 WARN [com.zaxxer.hikari.pool.PoolBase]: HikariPool-1 - Failed to validate connection com.mysql.cj.jdbc.ConnectionImpl@357a7b00 (No operations allowed after connection closed.). Possibly consider using a shorter maxLifetime value.
2024-03-31 23:06:59 WARN [com.zaxxer.hikari.pool.PoolBase]: HikariPool-1 - Failed to validate connection com.mysql.cj.jdbc.ConnectionImpl@18eb37fd (No operations allowed after connection closed.). Possibly consider using a shorter maxLifetime value.
2024-03-31 23:06:59 WARN [com.zaxxer.hikari.pool.PoolBase]: HikariPool-1 - Failed to validate connection com.mysql.cj.jdbc.ConnectionImpl@7d99e7d1 (No operations allowed after connection closed.). Possibly consider using a shorter maxLifetime value.
2024-03-31 23:06:59 WARN [com.zaxxer.hikari.pool.PoolBase]: HikariPool-1 - Failed to validate connection com.mysql.cj.jdbc.ConnectionImpl@204ec2e0 (No operations allowed after connection closed.). Possibly consider using a shorter maxLifetime value.
2024-03-31 23:09:05 WARN [com.zaxxer.hikari.pool.PoolBase]: HikariPool-1 - Failed to validate connection com.mysql.cj.jdbc.ConnectionImpl@4632bfe0 (No operations allowed after connection closed.). Possibly consider using a shorter maxLifetime value.
2024-03-31 23:13:40 WARN [com.zaxxer.hikari.pool.PoolBase]: HikariPool-1 - Failed to validate connection com.mysql.cj.jdbc.ConnectionImpl@742f919 (No operations allowed after connection closed.). Possibly consider using a shorter maxLifetime value.
2024-03-31 23:13:40 WARN [com.zaxxer.hikari.pool.PoolBase]: HikariPool-1 - Failed to validate connection com.mysql.cj.jdbc.ConnectionImpl@6aa54a3d (No operations allowed after connection closed.). Possibly consider using a shorter maxLifetime value.
2024-03-31 23:13:40 WARN [com.zaxxer.hikari.pool.PoolBase]: HikariPool-1 - Failed to validate connection com.mysql.cj.jdbc.ConnectionImpl@7ea7661c (No operations allowed after connection closed.). Possibly consider using a shorter maxLifetime value.
2024-03-31 23:13:40 WARN [com.zaxxer.hikari.pool.PoolBase]: HikariPool-1 - Failed to validate connection com.mysql.cj.jdbc.ConnectionImpl@6ebdc2e0 (No operations allowed after connection closed.). Possibly consider using a shorter maxLifetime value.
2024-03-31 23:13:40 WARN [com.zaxxer.hikari.pool.PoolBase]: HikariPool-1 - Failed to validate connection com.mysql.cj.jdbc.ConnectionImpl@5e8ca572 (No operations allowed after connection closed.). Possibly consider using a shorter maxLifetime value.
2024-03-31 23:13:40 WARN [com.zaxxer.hikari.pool.PoolBase]: HikariPool-1 - Failed to validate connection com.mysql.cj.jdbc.ConnectionImpl@1e38e83c (No operations allowed after connection closed.). Possibly consider using a shorter maxLifetime value.
2024-03-31 23:13:40 WARN [com.zaxxer.hikari.pool.PoolBase]: HikariPool-1 - Failed to validate connection com.mysql.cj.jdbc.ConnectionImpl@5b6aea61 (No operations allowed after connection closed.). Possibly consider using a shorter maxLifetime value.
2024-03-31 23:13:40 WARN [com.zaxxer.hikari.pool.PoolBase]: HikariPool-1 - Failed to validate connection com.mysql.cj.jdbc.ConnectionImpl@5b40892e (No operations allowed after connection closed.). Possibly consider using a shorter maxLifetime value.
2024-03-31 23:13:40 WARN [com.zaxxer.hikari.pool.PoolBase]: HikariPool-1 - Failed to validate connection com.mysql.cj.jdbc.ConnectionImpl@605c0001 (No operations allowed after connection closed.). Possibly consider using a shorter maxLifetime value.
2024-03-31 23:13:40 WARN [com.zaxxer.hikari.pool.PoolBase]: HikariPool-1 - Failed to validate connection com.mysql.cj.jdbc.ConnectionImpl@397c7d3e (No operations allowed after connection closed.). Possibly consider using a shorter maxLifetime value.
2024-03-31 23:17:36 WARN [com.zaxxer.hikari.pool.PoolBase]: HikariPool-1 - Failed to validate connection com.mysql.cj.jdbc.ConnectionImpl@32f14505 (No operations allowed after connection closed.). Possibly consider using a shorter maxLifetime value.
2024-03-31 23:17:36 WARN [com.zaxxer.hikari.pool.PoolBase]: HikariPool-1 - Failed to validate connection com.mysql.cj.jdbc.ConnectionImpl@519510d2 (No operations allowed after connection closed.). Possibly consider using a shorter maxLifetime value.
2024-03-31 23:17:36 WARN [com.zaxxer.hikari.pool.PoolBase]: HikariPool-1 - Failed to validate connection com.mysql.cj.jdbc.ConnectionImpl@584212ae (No operations allowed after connection closed.). Possibly consider using a shorter maxLifetime value.
2024-03-31 23:17:36 WARN [com.zaxxer.hikari.pool.PoolBase]: HikariPool-1 - Failed to validate connection com.mysql.cj.jdbc.ConnectionImpl@6023bdce (No operations allowed after connection closed.). Possibly consider using a shorter maxLifetime value.
2024-03-31 23:17:36 WARN [com.zaxxer.hikari.pool.PoolBase]: HikariPool-1 - Failed to validate connection com.mysql.cj.jdbc.ConnectionImpl@42fa5f2b (No operations allowed after connection closed.). Possibly consider using a shorter maxLifetime value.
2024-03-31 23:17:36 WARN [com.zaxxer.hikari.pool.PoolBase]: HikariPool-1 - Failed to validate connection com.mysql.cj.jdbc.ConnectionImpl@3b10d426 (No operations allowed after connection closed.). Possibly consider using a shorter maxLifetime value.
2024-03-31 23:17:36 WARN [com.zaxxer.hikari.pool.PoolBase]: HikariPool-1 - Failed to validate connection com.mysql.cj.jdbc.ConnectionImpl@730f6688 (No operations allowed after connection closed.). Possibly consider using a shorter maxLifetime value.
2024-03-31 23:17:36 WARN [com.zaxxer.hikari.pool.PoolBase]: HikariPool-1 - Failed to validate connection com.mysql.cj.jdbc.ConnectionImpl@ebf78ea (No operations allowed after connection closed.). Possibly consider using a shorter maxLifetime value.
2024-03-31 23:17:36 WARN [com.zaxxer.hikari.pool.PoolBase]: HikariPool-1 - Failed to validate connection com.mysql.cj.jdbc.ConnectionImpl@1eac6d11 (No operations allowed after connection closed.). Possibly consider using a shorter maxLifetime value.
2024-03-31 23:17:36 WARN [com.zaxxer.hikari.pool.PoolBase]: HikariPool-1 - Failed to validate connection com.mysql.cj.jdbc.ConnectionImpl@23a02b06 (No operations allowed after connection closed.). Possibly consider using a shorter maxLifetime value.
2024-03-31 23:26:52 WARN [com.zaxxer.hikari.pool.PoolBase]: HikariPool-1 - Failed to validate connection com.mysql.cj.jdbc.ConnectionImpl@6423266a (No operations allowed after connection closed.). Possibly consider using a shorter maxLifetime value.
2024-03-31 23:33:40 WARN [com.zaxxer.hikari.pool.PoolBase]: HikariPool-1 - Failed to validate connection com.mysql.cj.jdbc.ConnectionImpl@79600c3 (No operations allowed after connection closed.). Possibly consider using a shorter maxLifetime value.
2024-03-31 23:33:40 WARN [com.zaxxer.hikari.pool.PoolBase]: HikariPool-1 - Failed to validate connection com.mysql.cj.jdbc.ConnectionImpl@6f89a709 (No operations allowed after connection closed.). Possibly consider using a shorter maxLifetime value.
2024-03-31 23:33:40 WARN [com.zaxxer.hikari.pool.PoolBase]: HikariPool-1 - Failed to validate connection com.mysql.cj.jdbc.ConnectionImpl@62671fcf (No operations allowed after connection closed.). Possibly consider using a shorter maxLifetime value.
2024-03-31 23:33:40 WARN [com.zaxxer.hikari.pool.PoolBase]: HikariPool-1 - Failed to validate connection com.mysql.cj.jdbc.ConnectionImpl@55c09b58 (No operations allowed after connection closed.). Possibly consider using a shorter maxLifetime value.
2024-03-31 23:33:40 WARN [com.zaxxer.hikari.pool.PoolBase]: HikariPool-1 - Failed to validate connection com.mysql.cj.jdbc.ConnectionImpl@7c2e0a20 (No operations allowed after connection closed.). Possibly consider using a shorter maxLifetime value.
2024-03-31 23:33:40 WARN [com.zaxxer.hikari.pool.PoolBase]: HikariPool-1 - Failed to validate connection com.mysql.cj.jdbc.ConnectionImpl@5ebd5b43 (No operations allowed after connection closed.). Possibly consider using a shorter maxLifetime value.
2024-03-31 23:33:40 WARN [com.zaxxer.hikari.pool.PoolBase]: HikariPool-1 - Failed to validate connection com.mysql.cj.jdbc.ConnectionImpl@47eae3c (No operations allowed after connection closed.). Possibly consider using a shorter maxLifetime value.
2024-03-31 23:33:40 WARN [com.zaxxer.hikari.pool.PoolBase]: HikariPool-1 - Failed to validate connection com.mysql.cj.jdbc.ConnectionImpl@5535efb0 (No operations allowed after connection closed.). Possibly consider using a shorter maxLifetime value.
2024-03-31 23:33:40 WARN [com.zaxxer.hikari.pool.PoolBase]: HikariPool-1 - Failed to validate connection com.mysql.cj.jdbc.ConnectionImpl@5946903c (No operations allowed after connection closed.). Possibly consider using a shorter maxLifetime value.
2024-03-31 23:33:40 WARN [com.zaxxer.hikari.pool.PoolBase]: HikariPool-1 - Failed to validate connection com.mysql.cj.jdbc.ConnectionImpl@6d95bf14 (No operations allowed after connection closed.). Possibly consider using a shorter maxLifetime value.
2024-03-31 23:41:16 WARN [com.zaxxer.hikari.pool.PoolBase]: HikariPool-1 - Failed to validate connection com.mysql.cj.jdbc.ConnectionImpl@4d5d2f53 (No operations allowed after connection closed.). Possibly consider using a shorter maxLifetime value.
2024-03-31 23:41:16 WARN [com.zaxxer.hikari.pool.PoolBase]: HikariPool-1 - Failed to validate connection com.mysql.cj.jdbc.ConnectionImpl@5d428cd0 (No operations allowed after connection closed.). Possibly consider using a shorter maxLifetime value.
2024-03-31 23:41:16 WARN [com.zaxxer.hikari.pool.PoolBase]: HikariPool-1 - Failed to validate connection com.mysql.cj.jdbc.ConnectionImpl@fa087aa (No operations allowed after connection closed.). Possibly consider using a shorter maxLifetime value.
2024-03-31 23:41:16 WARN [com.zaxxer.hikari.pool.PoolBase]: HikariPool-1 - Failed to validate connection com.mysql.cj.jdbc.ConnectionImpl@79de5557 (No operations allowed after connection closed.). Possibly consider using a shorter maxLifetime value.
2024-03-31 23:41:16 WARN [com.zaxxer.hikari.pool.PoolBase]: HikariPool-1 - Failed to validate connection com.mysql.cj.jdbc.ConnectionImpl@5bacb32c (No operations allowed after connection closed.). Possibly consider using a shorter maxLifetime value.
2024-03-31 23:41:16 WARN [com.zaxxer.hikari.pool.PoolBase]: HikariPool-1 - Failed to validate connection com.mysql.cj.jdbc.ConnectionImpl@28cb8f3c (No operations allowed after connection closed.). Possibly consider using a shorter maxLifetime value.
2024-03-31 23:41:16 WARN [com.zaxxer.hikari.pool.PoolBase]: HikariPool-1 - Failed to validate connection com.mysql.cj.jdbc.ConnectionImpl@1b449d86 (No operations allowed after connection closed.). Possibly consider using a shorter maxLifetime value.
2024-03-31 23:41:16 WARN [com.zaxxer.hikari.pool.PoolBase]: HikariPool-1 - Failed to validate connection com.mysql.cj.jdbc.ConnectionImpl@7faf38bd (No operations allowed after connection closed.). Possibly consider using a shorter maxLifetime value.
2024-03-31 23:41:16 WARN [com.zaxxer.hikari.pool.PoolBase]: HikariPool-1 - Failed to validate connection com.mysql.cj.jdbc.ConnectionImpl@285b04f5 (No operations allowed after connection closed.). Possibly consider using a shorter maxLifetime value.
2024-03-31 23:41:16 WARN [com.zaxxer.hikari.pool.PoolBase]: HikariPool-1 - Failed to validate connection com.mysql.cj.jdbc.ConnectionImpl@5bef49b5 (No operations allowed after connection closed.). Possibly consider using a shorter maxLifetime value.
2024-03-31 23:47:01 WARN [com.zaxxer.hikari.pool.PoolBase]: HikariPool-1 - Failed to validate connection com.mysql.cj.jdbc.ConnectionImpl@50c6a414 (No operations allowed after connection closed.). Possibly consider using a shorter maxLifetime value.
2024-03-31 23:47:01 WARN [com.zaxxer.hikari.pool.PoolBase]: HikariPool-1 - Failed to validate connection com.mysql.cj.jdbc.ConnectionImpl@435fb13a (No operations allowed after connection closed.). Possibly consider using a shorter maxLifetime value.
2024-03-31 23:47:01 WARN [com.zaxxer.hikari.pool.PoolBase]: HikariPool-1 - Failed to validate connection com.mysql.cj.jdbc.ConnectionImpl@7cbe6b1b (No operations allowed after connection closed.). Possibly consider using a shorter maxLifetime value.
2024-03-31 23:47:01 WARN [com.zaxxer.hikari.pool.PoolBase]: HikariPool-1 - Failed to validate connection com.mysql.cj.jdbc.ConnectionImpl@193d969c (No operations allowed after connection closed.). Possibly consider using a shorter maxLifetime value.
2024-03-31 23:47:01 WARN [com.zaxxer.hikari.pool.PoolBase]: HikariPool-1 - Failed to validate connection com.mysql.cj.jdbc.ConnectionImpl@3e6e73d7 (No operations allowed after connection closed.). Possibly consider using a shorter maxLifetime value.
2024-03-31 23:47:01 WARN [com.zaxxer.hikari.pool.PoolBase]: HikariPool-1 - Failed to validate connection com.mysql.cj.jdbc.ConnectionImpl@6c341 (No operations allowed after connection closed.). Possibly consider using a shorter maxLifetime value.
2024-03-31 23:47:01 WARN [com.zaxxer.hikari.pool.PoolBase]: HikariPool-1 - Failed to validate connection com.mysql.cj.jdbc.ConnectionImpl@fef86e9 (No operations allowed after connection closed.). Possibly consider using a shorter maxLifetime value.
2024-03-31 23:47:01 WARN [com.zaxxer.hikari.pool.PoolBase]: HikariPool-1 - Failed to validate connection com.mysql.cj.jdbc.ConnectionImpl@7a1368fe (No operations allowed after connection closed.). Possibly consider using a shorter maxLifetime value.
2024-03-31 23:47:01 WARN [com.zaxxer.hikari.pool.PoolBase]: HikariPool-1 - Failed to validate connection com.mysql.cj.jdbc.ConnectionImpl@37ae4ca0 (No operations allowed after connection closed.). Possibly consider using a shorter maxLifetime value.
2024-03-31 23:47:01 WARN [com.zaxxer.hikari.pool.PoolBase]: HikariPool-1 - Failed to validate connection com.mysql.cj.jdbc.ConnectionImpl@1048ddf (No operations allowed after connection closed.). Possibly consider using a shorter maxLifetime value.
2024-03-31 23:58:00 WARN [com.zaxxer.hikari.pool.PoolBase]: HikariPool-1 - Failed to validate connection com.mysql.cj.jdbc.ConnectionImpl@463a3a66 (No operations allowed after connection closed.). Possibly consider using a shorter maxLifetime value.
2024-03-31 23:58:00 WARN [com.zaxxer.hikari.pool.PoolBase]: HikariPool-1 - Failed to validate connection com.mysql.cj.jdbc.ConnectionImpl@5a5c537c (No operations allowed after connection closed.). Possibly consider using a shorter maxLifetime value.
2024-03-31 23:58:00 WARN [com.zaxxer.hikari.pool.PoolBase]: HikariPool-1 - Failed to validate connection com.mysql.cj.jdbc.ConnectionImpl@507d6d26 (No operations allowed after connection closed.). Possibly consider using a shorter maxLifetime value.
2024-03-31 23:58:00 WARN [com.zaxxer.hikari.pool.PoolBase]: HikariPool-1 - Failed to validate connection com.mysql.cj.jdbc.ConnectionImpl@2009fd5 (No operations allowed after connection closed.). Possibly consider using a shorter maxLifetime value.
2024-03-31 23:58:00 WARN [com.zaxxer.hikari.pool.PoolBase]: HikariPool-1 - Failed to validate connection com.mysql.cj.jdbc.ConnectionImpl@57ece541 (No operations allowed after connection closed.). Possibly consider using a shorter maxLifetime value.
2024-03-31 23:58:00 WARN [com.zaxxer.hikari.pool.PoolBase]: HikariPool-1 - Failed to validate connection com.mysql.cj.jdbc.ConnectionImpl@16e9bab (No operations allowed after connection closed.). Possibly consider using a shorter maxLifetime value.
2024-03-31 23:58:00 WARN [com.zaxxer.hikari.pool.PoolBase]: HikariPool-1 - Failed to validate connection com.mysql.cj.jdbc.ConnectionImpl@40120cd0 (No operations allowed after connection closed.). Possibly consider using a shorter maxLifetime value.
2024-03-31 23:58:00 WARN [com.zaxxer.hikari.pool.PoolBase]: HikariPool-1 - Failed to validate connection com.mysql.cj.jdbc.ConnectionImpl@3144c4f4 (No operations allowed after connection closed.). Possibly consider using a shorter maxLifetime value.
2024-03-31 23:58:00 WARN [com.zaxxer.hikari.pool.PoolBase]: HikariPool-1 - Failed to validate connection com.mysql.cj.jdbc.ConnectionImpl@16344f17 (No operations allowed after connection closed.). Possibly consider using a shorter maxLifetime value.
2024-03-31 23:58:00 WARN [com.zaxxer.hikari.pool.PoolBase]: HikariPool-1 - Failed to validate connection com.mysql.cj.jdbc.ConnectionImpl@9bbb613 (No operations allowed after connection closed.). Possibly consider using a shorter maxLifetime value.
